{"D:\\Project\\Project\\e-commerce-ninjas-bn\\src\\index.ts":{"path":"D:\\Project\\Project\\e-commerce-ninjas-bn\\src\\index.ts","statementMap":{"0":{"start":{"line":2,"column":22},"end":{"line":4,"column":1}},"1":{"start":{"line":3,"column":4},"end":{"line":3,"column":62}},"2":{"start":{"line":5,"column":0},"end":{"line":5,"column":62}},"3":{"start":{"line":6,"column":18},"end":{"line":6,"column":53}},"4":{"start":{"line":7,"column":17},"end":{"line":7,"column":51}},"5":{"start":{"line":8,"column":17},"end":{"line":8,"column":51}},"6":{"start":{"line":9,"column":22},"end":{"line":9,"column":61}},"7":{"start":{"line":10,"column":15},"end":{"line":10,"column":47}},"8":{"start":{"line":11,"column":29},"end":{"line":11,"column":75}},"9":{"start":{"line":12,"column":23},"end":{"line":12,"column":66}},"10":{"start":{"line":13,"column":17},"end":{"line":13,"column":53}},"11":{"start":{"line":14,"column":22},"end":{"line":14,"column":61}},"12":{"start":{"line":15,"column":15},"end":{"line":15,"column":58}},"13":{"start":{"line":16,"column":15},"end":{"line":16,"column":30}},"14":{"start":{"line":17,"column":20},"end":{"line":17,"column":40}},"15":{"start":{"line":18,"column":0},"end":{"line":18,"column":30}},"16":{"start":{"line":19,"column":0},"end":{"line":19,"column":26}},"17":{"start":{"line":20,"column":12},"end":{"line":20,"column":36}},"18":{"start":{"line":21,"column":13},"end":{"line":21,"column":29}},"19":{"start":{"line":22,"column":15},"end":{"line":22,"column":44}},"20":{"start":{"line":23,"column":11},"end":{"line":28,"column":2}},"21":{"start":{"line":29,"column":0},"end":{"line":29,"column":24}},"22":{"start":{"line":30,"column":0},"end":{"line":37,"column":3}},"23":{"start":{"line":31,"column":4},"end":{"line":36,"column":5}},"24":{"start":{"line":32,"column":8},"end":{"line":32,"column":76}},"25":{"start":{"line":35,"column":8},"end":{"line":35,"column":49}},"26":{"start":{"line":38,"column":0},"end":{"line":38,"column":52}},"27":{"start":{"line":39,"column":0},"end":{"line":39,"column":38}},"28":{"start":{"line":40,"column":0},"end":{"line":40,"column":31}},"29":{"start":{"line":41,"column":0},"end":{"line":41,"column":117}},"30":{"start":{"line":42,"column":0},"end":{"line":42,"column":34}},"31":{"start":{"line":43,"column":0},"end":{"line":48,"column":3}},"32":{"start":{"line":44,"column":4},"end":{"line":47,"column":7}},"33":{"start":{"line":49,"column":0},"end":{"line":51,"column":3}},"34":{"start":{"line":50,"column":4},"end":{"line":50,"column":57}},"35":{"start":{"line":52,"column":0},"end":{"line":52,"column":22}}},"fnMap":{"0":{"name":"(anonymous_0)","decl":{"start":{"line":2,"column":56},"end":{"line":2,"column":57}},"loc":{"start":{"line":2,"column":71},"end":{"line":4,"column":1}},"line":2},"1":{"name":"(anonymous_1)","decl":{"start":{"line":30,"column":8},"end":{"line":30,"column":9}},"loc":{"start":{"line":30,"column":28},"end":{"line":37,"column":1}},"line":30},"2":{"name":"(anonymous_2)","decl":{"start":{"line":43,"column":14},"end":{"line":43,"column":15}},"loc":{"start":{"line":43,"column":28},"end":{"line":48,"column":1}},"line":43},"3":{"name":"(anonymous_3)","decl":{"start":{"line":49,"column":20},"end":{"line":49,"column":21}},"loc":{"start":{"line":49,"column":26},"end":{"line":51,"column":1}},"line":49}},"branchMap":{"0":{"loc":{"start":{"line":2,"column":22},"end":{"line":4,"column":1}},"type":"binary-expr","locations":[{"start":{"line":2,"column":23},"end":{"line":2,"column":27}},{"start":{"line":2,"column":31},"end":{"line":2,"column":51}},{"start":{"line":2,"column":56},"end":{"line":4,"column":1}}],"line":2},"1":{"loc":{"start":{"line":3,"column":11},"end":{"line":3,"column":61}},"type":"cond-expr","locations":[{"start":{"line":3,"column":37},"end":{"line":3,"column":40}},{"start":{"line":3,"column":43},"end":{"line":3,"column":61}}],"line":3},"2":{"loc":{"start":{"line":3,"column":12},"end":{"line":3,"column":33}},"type":"binary-expr","locations":[{"start":{"line":3,"column":12},"end":{"line":3,"column":15}},{"start":{"line":3,"column":19},"end":{"line":3,"column":33}}],"line":3},"3":{"loc":{"start":{"line":31,"column":4},"end":{"line":36,"column":5}},"type":"if","locations":[{"start":{"line":31,"column":4},"end":{"line":36,"column":5}},{"start":{"line":31,"column":4},"end":{"line":36,"column":5}}],"line":31}},"s":{"0":1,"1":10,"2":1,"3":1,"4":1,"5":1,"6":1,"7":1,"8":1,"9":1,"10":1,"11":1,"12":1,"13":1,"14":1,"15":1,"16":1,"17":1,"18":1,"19":1,"20":1,"21":1,"22":1,"23":80,"24":0,"25":80,"26":1,"27":1,"28":1,"29":1,"30":1,"31":1,"32":1,"33":1,"34":1,"35":1},"f":{"0":10,"1":80,"2":1,"3":1},"b":{"0":[1,1,1],"1":[2,8],"2":[10,10],"3":[0,80]},"inputSourceMap":{"version":3,"file":"D:/Project/Project/e-commerce-ninjas-bn/src/index.ts","sources":["D:/Project/Project/e-commerce-ninjas-bn/src/index.ts"],"names":[],"mappings":";;;;;AAAA,sDAA2E;AAC3E,oDAA4B;AAC5B,oDAA4B;AAC5B,8DAAsC;AACtC,gDAAwB;AACxB,4EAA2C;AAC3C,mEAAuC;AACvC,sDAA8B;AAC9B,8DAAqC;AACrC,2DAAmC;AACnC,+BAAoC;AACpC,yCAAmC;AACnC,8BAA2B;AAE3B,gBAAM,CAAC,MAAM,EAAE,CAAC;AAEhB,MAAM,GAAG,GAAY,IAAA,iBAAO,GAAE,CAAC;AAC/B,MAAM,IAAI,GAAG,OAAO,CAAC,GAAG,CAAC,IAAI,CAAA;AAC7B,MAAM,MAAM,GAAG,IAAA,mBAAY,EAAC,GAAG,CAAC,CAAC;AAEjC,MAAM,EAAE,GAAG,IAAI,kBAAM,CAAC,MAAM,EAAE;IAC5B,IAAI,EAAE;QACJ,MAAM,EAAE,GAAG;QACX,OAAO,EAAE,CAAC,KAAK,EAAE,MAAM,CAAC;KACzB;CACF,CAAC,CAAC;AACH,IAAA,cAAI,EAAC,EAAE,CAAC,CAAC;AACT,GAAG,CAAC,GAAG,CAAC,CAAC,GAAY,EAAE,GAAa,EAAE,IAAkB,EAAE,EAAE;IAC1D,IAAI,GAAG,CAAC,WAAW,KAAK,mBAAmB,EAAE,CAAC;QAC5C,iBAAO,CAAC,GAAG,CAAC,EAAE,IAAI,EAAE,kBAAkB,EAAE,CAAC,CAAC,GAAG,EAAE,GAAG,EAAE,IAAI,CAAC,CAAC;IAC5D,CAAC;SAAM,CAAC;QACN,iBAAO,CAAC,IAAI,EAAE,CAAC,GAAG,EAAE,GAAG,EAAE,IAAI,CAAC,CAAC;IACjC,CAAC;AACH,CAAC,CAAC,CAAC;AACH,GAAG,CAAC,GAAG,CAAC,IAAA,gBAAM,EAAC,OAAO,CAAC,GAAG,CAAC,OAAO,CAAC,CAAC,CAAC;AACrC,GAAG,CAAC,GAAG,CAAC,IAAA,qBAAW,GAAE,CAAC,CAAC;AACvB,GAAG,CAAC,GAAG,CAAC,IAAA,cAAI,GAAE,CAAC,CAAC;AAEhB,GAAG,CAAC,GAAG,CAAC,WAAW,EAAE,4BAAS,CAAC,KAAK,EAAE,4BAAS,CAAC,KAAK,CAAC,sBAAQ,CAAC,CAAC,CAAC;AACjE,GAAG,CAAC,GAAG,CAAC,MAAM,EAAE,gBAAM,CAAC,CAAC;AAExB,GAAG,CAAC,GAAG,CAAC,IAAI,EAAE,CAAC,GAAY,EAAE,GAAa,EAAE,EAAE;IAC5C,GAAG,CAAC,MAAM,CAAC,qBAAU,CAAC,EAAE,CAAC,CAAC,IAAI,CAAC;QAC7B,MAAM,EAAE,IAAI;QACZ,OAAO,EAAE,2CAA2C;KACrD,CAAC,CAAC;AACL,CAAC,CAAC,CAAC;AAGH,MAAM,CAAC,MAAM,CAAC,IAAI,EAAE,GAAG,EAAE;IACvB,OAAO,CAAC,GAAG,CAAC,iCAAiC,IAAI,EAAE,CAAC,CAAC;AACvD,CAAC,CAAC,CAAC;AAEH,kBAAe,GAAG,CAAC","sourcesContent":["import express, { Express, Request, Response ,NextFunction} from \"express\";\nimport dotenv from \"dotenv\";\nimport morgan from \"morgan\";\nimport compression from \"compression\";\nimport cors from \"cors\";\nimport SwaggerUi from \"swagger-ui-express\";\nimport Document from \"../swagger.json\";\nimport router from \"./routes\";\nimport httpStatus from \"http-status\";\nimport chat from \"./services/chat\";\nimport { createServer } from \"http\";\nimport { Server } from \"socket.io\";\nimport \"./services/cronJob\"\n\ndotenv.config();\n\nconst app: Express = express();\nconst PORT = process.env.PORT\nconst server = createServer(app);\n\nconst io = new Server(server, {\n  cors: {\n    origin: \"*\",\n    methods: [\"GET\", \"POST\"]\n  }\n});\nchat(io);\napp.use((req: Request, res: Response, next: NextFunction) => {\n  if (req.originalUrl === \"/api/cart/webhook\") {\n    express.raw({ type: \"application/json\" })(req, res, next);\n  } else {\n    express.json()(req, res, next);\n  }\n});\napp.use(morgan(process.env.NODE_EN));\napp.use(compression());\napp.use(cors());\n\napp.use(\"/api-docs\", SwaggerUi.serve, SwaggerUi.setup(Document));\napp.use(\"/api\", router);\n\napp.get(\"**\", (req: Request, res: Response) => {\n  res.status(httpStatus.OK).json({\n    status: true,\n    message: \"Welcome to the e-Commerce Ninjas BackEnd.\"\n  });\n});\n\n\nserver.listen(PORT, () => {\n  console.log(`Server is running on the port ${PORT}`);\n});\n\nexport default app;"]},"_coverageSchema":"1a1c01bbd47fc00a2c39e90264f33305004495a9","hash":"2060bd1687a5bd621b2e56e03521ff731671b674"},"D:\\Project\\Project\\e-commerce-ninjas-bn\\src\\routes\\index.ts":{"path":"D:\\Project\\Project\\e-commerce-ninjas-bn\\src\\routes\\index.ts","statementMap":{"0":{"start":{"line":2,"column":22},"end":{"line":4,"column":1}},"1":{"start":{"line":3,"column":4},"end":{"line":3,"column":62}},"2":{"start":{"line":5,"column":0},"end":{"line":5,"column":62}},"3":{"start":{"line":6,"column":18},"end":{"line":6,"column":36}},"4":{"start":{"line":7,"column":21},"end":{"line":7,"column":61}},"5":{"start":{"line":8,"column":21},"end":{"line":8,"column":61}},"6":{"start":{"line":9,"column":24},"end":{"line":9,"column":67}},"7":{"start":{"line":10,"column":21},"end":{"line":10,"column":61}},"8":{"start":{"line":11,"column":15},"end":{"line":11,"column":38}},"9":{"start":{"line":12,"column":0},"end":{"line":12,"column":42}},"10":{"start":{"line":13,"column":0},"end":{"line":13,"column":42}},"11":{"start":{"line":14,"column":0},"end":{"line":14,"column":45}},"12":{"start":{"line":15,"column":0},"end":{"line":15,"column":42}},"13":{"start":{"line":16,"column":0},"end":{"line":16,"column":25}}},"fnMap":{"0":{"name":"(anonymous_0)","decl":{"start":{"line":2,"column":56},"end":{"line":2,"column":57}},"loc":{"start":{"line":2,"column":71},"end":{"line":4,"column":1}},"line":2}},"branchMap":{"0":{"loc":{"start":{"line":2,"column":22},"end":{"line":4,"column":1}},"type":"binary-expr","locations":[{"start":{"line":2,"column":23},"end":{"line":2,"column":27}},{"start":{"line":2,"column":31},"end":{"line":2,"column":51}},{"start":{"line":2,"column":56},"end":{"line":4,"column":1}}],"line":2},"1":{"loc":{"start":{"line":3,"column":11},"end":{"line":3,"column":61}},"type":"cond-expr","locations":[{"start":{"line":3,"column":37},"end":{"line":3,"column":40}},{"start":{"line":3,"column":43},"end":{"line":3,"column":61}}],"line":3},"2":{"loc":{"start":{"line":3,"column":12},"end":{"line":3,"column":33}},"type":"binary-expr","locations":[{"start":{"line":3,"column":12},"end":{"line":3,"column":15}},{"start":{"line":3,"column":19},"end":{"line":3,"column":33}}],"line":3}},"s":{"0":1,"1":4,"2":1,"3":1,"4":1,"5":1,"6":1,"7":1,"8":1,"9":1,"10":1,"11":1,"12":1,"13":1},"f":{"0":4},"b":{"0":[1,1,1],"1":[4,0],"2":[4,4]},"inputSourceMap":{"version":3,"file":"D:/Project/Project/e-commerce-ninjas-bn/src/routes/index.ts","sources":["D:/Project/Project/e-commerce-ninjas-bn/src/routes/index.ts"],"names":[],"mappings":";;;;;AAAA,qCAAiC;AACjC,8DAAsC;AACtC,8DAAsC;AACtC,oEAA4C;AAC5C,8DAAsC;AACtC,MAAM,MAAM,GAAW,IAAA,gBAAM,GAAE,CAAC;AAEhC,MAAM,CAAC,GAAG,CAAC,OAAO,EAAE,oBAAU,CAAC,CAAC;AAChC,MAAM,CAAC,GAAG,CAAC,OAAO,EAAE,oBAAU,CAAC,CAAC;AAChC,MAAM,CAAC,GAAG,CAAC,OAAO,EAAE,uBAAa,CAAC,CAAC;AACnC,MAAM,CAAC,GAAG,CAAC,OAAO,EAAE,oBAAU,CAAC,CAAC;AAEhC,kBAAe,MAAM,CAAC","sourcesContent":["import { Router } from \"express\";\nimport authRouter from \"./authRouter\";\nimport userRouter from \"./userRouter\";\nimport productRouter from \"./productRouter\";\nimport cartRouter from \"./cartRouter\";\nconst router: Router = Router();\n\nrouter.use(\"/auth\", authRouter);\nrouter.use(\"/user\", userRouter);\nrouter.use(\"/shop\", productRouter);\nrouter.use(\"/cart\", cartRouter);\n\nexport default router;"]},"_coverageSchema":"1a1c01bbd47fc00a2c39e90264f33305004495a9","hash":"a855320a61b9b3b0b1a7f18effcc0fc49c56eb20"},"D:\\Project\\Project\\e-commerce-ninjas-bn\\src\\routes\\authRouter.ts":{"path":"D:\\Project\\Project\\e-commerce-ninjas-bn\\src\\routes\\authRouter.ts","statementMap":{"0":{"start":{"line":2,"column":22},"end":{"line":4,"column":1}},"1":{"start":{"line":3,"column":4},"end":{"line":3,"column":62}},"2":{"start":{"line":5,"column":0},"end":{"line":5,"column":62}},"3":{"start":{"line":6,"column":18},"end":{"line":6,"column":36}},"4":{"start":{"line":7,"column":26},"end":{"line":7,"column":96}},"5":{"start":{"line":8,"column":21},"end":{"line":8,"column":57}},"6":{"start":{"line":9,"column":26},"end":{"line":9,"column":79}},"7":{"start":{"line":10,"column":24},"end":{"line":10,"column":63}},"8":{"start":{"line":11,"column":21},"end":{"line":11,"column":71}},"9":{"start":{"line":12,"column":30},"end":{"line":12,"column":75}},"10":{"start":{"line":13,"column":15},"end":{"line":13,"column":38}},"11":{"start":{"line":14,"column":0},"end":{"line":14,"column":157}},"12":{"start":{"line":15,"column":0},"end":{"line":15,"column":106}},"13":{"start":{"line":16,"column":0},"end":{"line":16,"column":170}},"14":{"start":{"line":17,"column":0},"end":{"line":17,"column":295}},"15":{"start":{"line":18,"column":0},"end":{"line":18,"column":131}},"16":{"start":{"line":19,"column":0},"end":{"line":19,"column":57}},"17":{"start":{"line":20,"column":0},"end":{"line":20,"column":76}},"18":{"start":{"line":21,"column":0},"end":{"line":21,"column":151}},"19":{"start":{"line":22,"column":0},"end":{"line":22,"column":204}},"20":{"start":{"line":23,"column":0},"end":{"line":23,"column":160}},"21":{"start":{"line":24,"column":0},"end":{"line":24,"column":201}},"22":{"start":{"line":25,"column":0},"end":{"line":25,"column":25}}},"fnMap":{"0":{"name":"(anonymous_0)","decl":{"start":{"line":2,"column":56},"end":{"line":2,"column":57}},"loc":{"start":{"line":2,"column":71},"end":{"line":4,"column":1}},"line":2}},"branchMap":{"0":{"loc":{"start":{"line":2,"column":22},"end":{"line":4,"column":1}},"type":"binary-expr","locations":[{"start":{"line":2,"column":23},"end":{"line":2,"column":27}},{"start":{"line":2,"column":31},"end":{"line":2,"column":51}},{"start":{"line":2,"column":56},"end":{"line":4,"column":1}}],"line":2},"1":{"loc":{"start":{"line":3,"column":11},"end":{"line":3,"column":61}},"type":"cond-expr","locations":[{"start":{"line":3,"column":37},"end":{"line":3,"column":40}},{"start":{"line":3,"column":43},"end":{"line":3,"column":61}}],"line":3},"2":{"loc":{"start":{"line":3,"column":12},"end":{"line":3,"column":33}},"type":"binary-expr","locations":[{"start":{"line":3,"column":12},"end":{"line":3,"column":15}},{"start":{"line":3,"column":19},"end":{"line":3,"column":33}}],"line":3}},"s":{"0":1,"1":2,"2":1,"3":1,"4":1,"5":1,"6":1,"7":1,"8":1,"9":1,"10":1,"11":1,"12":1,"13":1,"14":1,"15":1,"16":1,"17":1,"18":1,"19":1,"20":1,"21":1,"22":1},"f":{"0":2},"b":{"0":[1,1,1],"1":[2,0],"2":[2,2]},"inputSourceMap":{"version":3,"file":"D:/Project/Project/e-commerce-ninjas-bn/src/routes/authRouter.ts","sources":["D:/Project/Project/e-commerce-ninjas-bn/src/routes/authRouter.ts"],"names":[],"mappings":";;;;;AAAA,qCAAiC;AACjC,iGAAyE;AACzE,0DAWmC;AACnC,gFAMoD;AACpD,gEAAiE;AACjE,wEAAgD;AAChD,4EAA6E;AAE7E,MAAM,MAAM,GAAW,IAAA,gBAAM,GAAE,CAAC;AAEhC,MAAM,CAAC,IAAI,CAAC,WAAW,EAAC,IAAA,uBAAU,EAAC,kCAAgB,CAAC,EAAC,wBAAW,EAAC,yBAAe,CAAC,YAAY,CAC5F,CAAC;AACF,MAAM,CAAC,GAAG,CACR,sBAAsB,EACtB,8BAAiB,EACjB,yBAAe,CAAC,WAAW,CAC5B,CAAC;AACF,MAAM,CAAC,IAAI,CACT,oBAAoB,EACpB,IAAA,uBAAU,EAAC,6BAAW,CAAC,EACvB,8BAAiB,EACjB,yBAAe,CAAC,eAAe,CAChC,CAAC;AACF,MAAM,CAAC,IAAI,CACT,QAAQ,EACR,IAAA,uBAAU,EAAC,kCAAgB,CAAC,EAC5B,2BAAc,EACd,0BAAa,EACb,4BAAe,EACf,kCAAqB,EAAE,6CAAuB,EAC9C,yBAAe,CAAC,SAAS,CAC1B,CAAC;AAEF,MAAM,CAAC,IAAI,CACT,SAAS,EACT,IAAA,iCAAiB,EAAC,CAAC,OAAO,EAAE,OAAO,EAAE,QAAQ,CAAC,CAAC,EAC/C,yBAAe,CAAC,UAAU,CAC3B,CAAC;AAEF,MAAM,CAAC,GAAG,CAAC,SAAS,EAAE,oBAAU,CAAC,YAAY,CAAC,CAAC;AAC/C,MAAM,CAAC,GAAG,CAAC,kBAAkB,EAAE,oBAAU,CAAC,sBAAsB,CAAC,CAAC;AAElE,MAAM,CAAC,IAAI,CACT,iBAAiB,EACjB,IAAA,uBAAU,EAAC,2BAAS,CAAC,EACrB,sBAAS,EACT,yBAAe,CAAC,SAAS,CAC1B,CAAC;AACF,MAAM,CAAC,GAAG,CACR,YAAY,EACZ,IAAA,uBAAU,EAAC,oCAAkB,CAAC,EAC9B,IAAA,iCAAiB,EAAC,CAAC,OAAO,EAAE,OAAO,EAAE,QAAQ,CAAC,CAAC,EAC/C,yBAAe,CAAC,aAAa,CAC9B,CAAC;AACF,MAAM,CAAC,IAAI,CAAC,kBAAkB,EAAE,IAAA,uBAAU,EAAC,6BAAW,CAAC,EAAE,uBAAU,EAAE,yBAAe,CAAC,cAAc,CAAC,CAAC;AACrG,MAAM,CAAC,GAAG,CAAC,wBAAwB,EAAE,IAAA,uBAAU,EAAC,qCAAmB,CAAC,EAAE,uBAAU,EAAE,2BAAc,EAAE,yBAAe,CAAC,aAAa,CAAC,CAAC;AAEjI,kBAAe,MAAM,CAAC","sourcesContent":["import { Router } from \"express\";\r\nimport authControllers from \"../modules/auth/controller/authControllers\";\r\nimport {\r\n  validation,\r\n  isUserExist,\r\n  isAccountVerified,\r\n  isUserEnabled,\r\n  verifyUser,\r\n  isSessionExist,\r\n  isGoogleEnabled,\r\n  isUserVerified,\r\n  verifyOtp,\r\n  verifyUserCredentials \r\n} from \"../middlewares/validation\";\r\nimport {\r\n  emailSchema,\r\n  credentialSchema,\r\n  otpSchema,\r\n  is2FAenabledSchema,\r\n  resetPasswordSchema \r\n} from \"../modules/auth/validation/authValidations\";\r\nimport { userAuthorization } from \"../middlewares/authorization\";\r\nimport googleAuth from \"../services/googleAuth\";\r\nimport { checkPasswordExpiration } from \"../middlewares/passwordExpiryCheck\";\r\n\r\nconst router: Router = Router();\r\n\r\nrouter.post(\"/register\",validation(credentialSchema),isUserExist,authControllers.registerUser\r\n);\r\nrouter.get(\r\n  \"/verify-email/:token\",\r\n  isAccountVerified,\r\n  authControllers.verifyEmail\r\n);\r\nrouter.post(\r\n  \"/send-verify-email\",\r\n  validation(emailSchema),\r\n  isAccountVerified,\r\n  authControllers.sendVerifyEmail\r\n);\r\nrouter.post(\r\n  \"/login\",\r\n  validation(credentialSchema),\r\n  isUserVerified,\r\n  isUserEnabled,\r\n  isGoogleEnabled,\r\n  verifyUserCredentials, checkPasswordExpiration,\r\n  authControllers.loginUser\r\n);\r\n\r\nrouter.post(\r\n  \"/logout\",\r\n  userAuthorization([\"admin\", \"buyer\", \"seller\"]),\r\n  authControllers.logoutUser\r\n);\r\n\r\nrouter.get(\"/google\", googleAuth.googleVerify);\r\nrouter.get(\"/google/callback\", googleAuth.authenticateWithGoogle);\r\n\r\nrouter.post(\r\n  \"/verify-otp/:id\",\r\n  validation(otpSchema),\r\n  verifyOtp,\r\n  authControllers.loginUser\r\n);\r\nrouter.put(\r\n  \"/enable-2f\",\r\n  validation(is2FAenabledSchema),\r\n  userAuthorization([\"admin\", \"buyer\", \"seller\"]),\r\n  authControllers.updateUser2FA\r\n);\r\nrouter.post(\"/forget-password\", validation(emailSchema), verifyUser, authControllers.forgetPassword);\r\nrouter.put(\"/reset-password/:token\", validation(resetPasswordSchema), verifyUser, isSessionExist, authControllers.resetPassword);\r\n\r\nexport default router;\r\n"]},"_coverageSchema":"1a1c01bbd47fc00a2c39e90264f33305004495a9","hash":"3210a5ec52af49b34f9e19dd1145407b6d37cff6"},"D:\\Project\\Project\\e-commerce-ninjas-bn\\src\\modules\\auth\\controller\\authControllers.ts":{"path":"D:\\Project\\Project\\e-commerce-ninjas-bn\\src\\modules\\auth\\controller\\authControllers.ts","statementMap":{"0":{"start":{"line":2,"column":22},"end":{"line":4,"column":1}},"1":{"start":{"line":3,"column":4},"end":{"line":3,"column":62}},"2":{"start":{"line":5,"column":0},"end":{"line":5,"column":62}},"3":{"start":{"line":6,"column":27},"end":{"line":6,"column":85}},"4":{"start":{"line":7,"column":18},"end":{"line":7,"column":45}},"5":{"start":{"line":8,"column":22},"end":{"line":8,"column":61}},"6":{"start":{"line":9,"column":27},"end":{"line":9,"column":85}},"7":{"start":{"line":10,"column":20},"end":{"line":10,"column":58}},"8":{"start":{"line":11,"column":21},"end":{"line":34,"column":1}},"9":{"start":{"line":12,"column":4},"end":{"line":33,"column":5}},"10":{"start":{"line":13,"column":25},"end":{"line":13,"column":78}},"11":{"start":{"line":14,"column":22},"end":{"line":14,"column":63}},"12":{"start":{"line":15,"column":24},"end":{"line":20,"column":9}},"13":{"start":{"line":21,"column":8},"end":{"line":21,"column":64}},"14":{"start":{"line":22,"column":8},"end":{"line":22,"column":143}},"15":{"start":{"line":23,"column":8},"end":{"line":26,"column":11}},"16":{"start":{"line":29,"column":8},"end":{"line":32,"column":11}},"17":{"start":{"line":35,"column":24},"end":{"line":49,"column":1}},"18":{"start":{"line":36,"column":4},"end":{"line":48,"column":5}},"19":{"start":{"line":37,"column":8},"end":{"line":37,"column":155}},"20":{"start":{"line":38,"column":8},"end":{"line":41,"column":11}},"21":{"start":{"line":44,"column":8},"end":{"line":47,"column":11}},"22":{"start":{"line":50,"column":20},"end":{"line":59,"column":1}},"23":{"start":{"line":51,"column":4},"end":{"line":58,"column":5}},"24":{"start":{"line":52,"column":8},"end":{"line":52,"column":118}},"25":{"start":{"line":53,"column":8},"end":{"line":53,"column":103}},"26":{"start":{"line":54,"column":8},"end":{"line":54,"column":142}},"27":{"start":{"line":57,"column":8},"end":{"line":57,"column":157}},"28":{"start":{"line":60,"column":18},"end":{"line":79,"column":1}},"29":{"start":{"line":61,"column":4},"end":{"line":78,"column":5}},"30":{"start":{"line":62,"column":22},"end":{"line":62,"column":63}},"31":{"start":{"line":63,"column":24},"end":{"line":68,"column":9}},"32":{"start":{"line":69,"column":8},"end":{"line":69,"column":64}},"33":{"start":{"line":70,"column":8},"end":{"line":72,"column":74}},"34":{"start":{"line":75,"column":8},"end":{"line":77,"column":75}},"35":{"start":{"line":80,"column":19},"end":{"line":93,"column":1}},"36":{"start":{"line":81,"column":4},"end":{"line":92,"column":5}},"37":{"start":{"line":82,"column":8},"end":{"line":82,"column":118}},"38":{"start":{"line":83,"column":8},"end":{"line":83,"column":90}},"39":{"start":{"line":86,"column":8},"end":{"line":91,"column":11}},"40":{"start":{"line":94,"column":23},"end":{"line":110,"column":1}},"41":{"start":{"line":95,"column":4},"end":{"line":109,"column":5}},"42":{"start":{"line":96,"column":22},"end":{"line":96,"column":63}},"43":{"start":{"line":97,"column":24},"end":{"line":102,"column":9}},"44":{"start":{"line":103,"column":8},"end":{"line":103,"column":64}},"45":{"start":{"line":104,"column":8},"end":{"line":104,"column":141}},"46":{"start":{"line":105,"column":8},"end":{"line":105,"column":132}},"47":{"start":{"line":108,"column":8},"end":{"line":108,"column":97}},"48":{"start":{"line":111,"column":22},"end":{"line":119,"column":1}},"49":{"start":{"line":112,"column":4},"end":{"line":118,"column":5}},"50":{"start":{"line":113,"column":8},"end":{"line":113,"column":114}},"51":{"start":{"line":114,"column":8},"end":{"line":114,"column":129}},"52":{"start":{"line":117,"column":8},"end":{"line":117,"column":97}},"53":{"start":{"line":120,"column":22},"end":{"line":135,"column":1}},"54":{"start":{"line":121,"column":4},"end":{"line":134,"column":5}},"55":{"start":{"line":122,"column":21},"end":{"line":122,"column":117}},"56":{"start":{"line":123,"column":8},"end":{"line":127,"column":11}},"57":{"start":{"line":130,"column":8},"end":{"line":133,"column":11}},"58":{"start":{"line":136,"column":0},"end":{"line":145,"column":2}}},"fnMap":{"0":{"name":"(anonymous_0)","decl":{"start":{"line":2,"column":56},"end":{"line":2,"column":57}},"loc":{"start":{"line":2,"column":71},"end":{"line":4,"column":1}},"line":2},"1":{"name":"(anonymous_1)","decl":{"start":{"line":11,"column":21},"end":{"line":11,"column":22}},"loc":{"start":{"line":11,"column":41},"end":{"line":34,"column":1}},"line":11},"2":{"name":"(anonymous_2)","decl":{"start":{"line":35,"column":24},"end":{"line":35,"column":25}},"loc":{"start":{"line":35,"column":44},"end":{"line":49,"column":1}},"line":35},"3":{"name":"(anonymous_3)","decl":{"start":{"line":50,"column":20},"end":{"line":50,"column":21}},"loc":{"start":{"line":50,"column":40},"end":{"line":59,"column":1}},"line":50},"4":{"name":"(anonymous_4)","decl":{"start":{"line":60,"column":18},"end":{"line":60,"column":19}},"loc":{"start":{"line":60,"column":38},"end":{"line":79,"column":1}},"line":60},"5":{"name":"(anonymous_5)","decl":{"start":{"line":80,"column":19},"end":{"line":80,"column":20}},"loc":{"start":{"line":80,"column":39},"end":{"line":93,"column":1}},"line":80},"6":{"name":"(anonymous_6)","decl":{"start":{"line":94,"column":23},"end":{"line":94,"column":24}},"loc":{"start":{"line":94,"column":43},"end":{"line":110,"column":1}},"line":94},"7":{"name":"(anonymous_7)","decl":{"start":{"line":111,"column":22},"end":{"line":111,"column":23}},"loc":{"start":{"line":111,"column":42},"end":{"line":119,"column":1}},"line":111},"8":{"name":"(anonymous_8)","decl":{"start":{"line":120,"column":22},"end":{"line":120,"column":23}},"loc":{"start":{"line":120,"column":42},"end":{"line":135,"column":1}},"line":120}},"branchMap":{"0":{"loc":{"start":{"line":2,"column":22},"end":{"line":4,"column":1}},"type":"binary-expr","locations":[{"start":{"line":2,"column":23},"end":{"line":2,"column":27}},{"start":{"line":2,"column":31},"end":{"line":2,"column":51}},{"start":{"line":2,"column":56},"end":{"line":4,"column":1}}],"line":2},"1":{"loc":{"start":{"line":3,"column":11},"end":{"line":3,"column":61}},"type":"cond-expr","locations":[{"start":{"line":3,"column":37},"end":{"line":3,"column":40}},{"start":{"line":3,"column":43},"end":{"line":3,"column":61}}],"line":3},"2":{"loc":{"start":{"line":3,"column":12},"end":{"line":3,"column":33}},"type":"binary-expr","locations":[{"start":{"line":3,"column":12},"end":{"line":3,"column":15}},{"start":{"line":3,"column":19},"end":{"line":3,"column":33}}],"line":3}},"s":{"0":1,"1":3,"2":1,"3":1,"4":1,"5":1,"6":1,"7":1,"8":1,"9":5,"10":5,"11":4,"12":4,"13":4,"14":4,"15":1,"16":4,"17":1,"18":1,"19":1,"20":0,"21":1,"22":1,"23":2,"24":2,"25":1,"26":1,"27":1,"28":1,"29":12,"30":12,"31":12,"32":12,"33":11,"34":1,"35":1,"36":2,"37":2,"38":1,"39":1,"40":1,"41":2,"42":2,"43":2,"44":2,"45":1,"46":0,"47":2,"48":1,"49":2,"50":2,"51":1,"52":1,"53":1,"54":2,"55":2,"56":1,"57":1,"58":1},"f":{"0":3,"1":5,"2":1,"3":2,"4":12,"5":2,"6":2,"7":2,"8":2},"b":{"0":[1,1,1],"1":[2,1],"2":[3,3]},"inputSourceMap":{"version":3,"file":"D:/Project/Project/e-commerce-ninjas-bn/src/modules/auth/controller/authControllers.ts","sources":["D:/Project/Project/e-commerce-ninjas-bn/src/modules/auth/controller/authControllers.ts"],"names":[],"mappings":";;;;;AAEA,sFAA8D;AAC9D,8CAAgD;AAChD,8DAAqC;AAErC,sFAA8D;AAC9D,2DAAwD;AAExD,MAAM,YAAY,GAAG,KAAK,EAAE,GAAY,EAAE,GAAa,EAAiB,EAAE;IACxE,IAAI,CAAC;QACH,MAAM,QAAQ,GAAoB,MAAM,0BAAgB,CAAC,UAAU,CACjE,GAAG,CAAC,IAAI,CACT,CAAC;QACF,MAAM,KAAK,GAAW,IAAA,uBAAa,EAAC,QAAQ,CAAC,EAAE,CAAC,CAAC;QACjD,MAAM,OAAO,GAAG;YACd,MAAM,EAAE,QAAQ,CAAC,EAAE;YACnB,MAAM,EAAE,GAAG,CAAC,OAAO,CAAC,aAAa,CAAC;YAClC,KAAK,EAAE,KAAK;YACZ,GAAG,EAAE,IAAI;SACV,CAAC;QACF,MAAM,0BAAgB,CAAC,aAAa,CAAC,OAAO,CAAC,CAAC;QAC9C,MAAM,IAAA,qBAAS,EACb,QAAQ,CAAC,KAAK,EACd,oBAAoB,EACpB,GAAG,OAAO,CAAC,GAAG,CAAC,cAAc,0BAA0B,KAAK,EAAE,CAC/D,CAAC;QACF,GAAG,CAAC,MAAM,CAAC,qBAAU,CAAC,OAAO,CAAC,CAAC,IAAI,CAAC;YAClC,OAAO,EACL,qEAAqE;YACvE,IAAI,EAAE,EAAE,IAAI,EAAE,QAAQ,EAAE;SACzB,CAAC,CAAC;IACL,CAAC;IAAC,OAAO,KAAK,EAAE,CAAC;QACf,GAAG,CAAC,MAAM,CAAC,qBAAU,CAAC,qBAAqB,CAAC,CAAC,IAAI,CAAC;YAChD,MAAM,EAAE,qBAAU,CAAC,qBAAqB;YACxC,OAAO,EAAE,KAAK,CAAC,OAAO;SACvB,CAAC,CAAC;IACL,CAAC;AACH,CAAC,CAAC;AAEF,MAAM,eAAe,GAAG,KAAK,EAAE,GAAQ,EAAE,GAAa,EAAE,EAAE;IACxD,IAAI,CAAC;QACH,MAAM,IAAA,qBAAS,EACb,GAAG,CAAC,IAAI,CAAC,KAAK,EACd,oBAAoB,EACpB,GAAG,OAAO,CAAC,GAAG,CAAC,cAAc,0BAA0B,GAAG,CAAC,OAAO,CAAC,KAAK,EAAE,CAC3E,CAAC;QACF,GAAG,CAAC,MAAM,CAAC,qBAAU,CAAC,EAAE,CAAC,CAAC,IAAI,CAAC;YAC7B,MAAM,EAAE,qBAAU,CAAC,EAAE;YACrB,OAAO,EAAE,uCAAuC;SACjD,CAAC,CAAC;IACL,CAAC;IAAC,OAAO,KAAK,EAAE,CAAC;QACf,OAAO,GAAG,CAAC,MAAM,CAAC,qBAAU,CAAC,qBAAqB,CAAC,CAAC,IAAI,CAAC;YACvD,MAAM,EAAE,qBAAU,CAAC,qBAAqB;YACxC,OAAO,EAAE,KAAK,CAAC,OAAO;SACvB,CAAC,CAAC;IACL,CAAC;AACH,CAAC,CAAC;AAEF,MAAM,WAAW,GAAG,KAAK,EAAE,GAAQ,EAAE,GAAa,EAAE,EAAE;IACpD,IAAI,CAAC;QACH,MAAM,0BAAgB,CAAC,yBAAyB,CAC9C,QAAQ,EACR,GAAG,CAAC,IAAI,CAAC,EAAE,EACX,OAAO,EACP,GAAG,CAAC,OAAO,CAAC,KAAK,CAClB,CAAC;QACF,MAAM,0BAAgB,CAAC,sBAAsB,CAAC,YAAY,EAAE,IAAI,EAAE,IAAI,EAAE,GAAG,CAAC,IAAI,CAAC,EAAE,CAAC,CAAC;QACrF,GAAG,CAAC,MAAM,CAAC,qBAAU,CAAC,EAAE,CAAC,CAAC,IAAI,CAAC,EAAE,MAAM,EAAE,qBAAU,CAAC,EAAE,EAAE,OAAO,EAAE,2CAA2C,EAAE,CAAC,CAAC;IAClH,CAAC;IAAC,OAAO,KAAK,EAAE,CAAC;QACf,OAAO,GAAG,CAAC,MAAM,CAAC,qBAAU,CAAC,qBAAqB,CAAC,CAAC,IAAI,CAAC,EAAE,MAAM,EAAE,qBAAU,CAAC,qBAAqB,EAAE,OAAO,EAAE,KAAK,CAAC,OAAO,EAAE,CAAC,CAAC;IACjI,CAAC;AACH,CAAC,CAAA;AAED,MAAM,SAAS,GAAG,KAAK,EAAE,GAAQ,EAAE,GAAa,EAAE,EAAE;IAClD,IAAI,CAAC;QACH,MAAM,KAAK,GAAG,IAAA,uBAAa,EAAC,GAAG,CAAC,IAAI,CAAC,EAAE,CAAC,CAAC;QACzC,MAAM,OAAO,GAAG;YACd,MAAM,EAAE,GAAG,CAAC,IAAI,CAAC,EAAE;YACnB,MAAM,EAAE,GAAG,CAAC,OAAO,CAAC,aAAa,CAAC;YAClC,KAAK,EAAE,KAAK;YACZ,GAAG,EAAE,IAAI;SACV,CAAC;QACF,MAAM,0BAAgB,CAAC,aAAa,CAAC,OAAO,CAAC,CAAC;QAC9C,GAAG;aACA,MAAM,CAAC,qBAAU,CAAC,EAAE,CAAC;aACrB,IAAI,CAAC,EAAE,OAAO,EAAE,wBAAwB,EAAE,IAAI,EAAE,EAAE,KAAK,EAAE,EAAE,CAAC,CAAC;IAClE,CAAC;IAAC,OAAO,GAAG,EAAE,CAAC;QACb,OAAO,GAAG;aACP,MAAM,CAAC,qBAAU,CAAC,qBAAqB,CAAC;aACxC,IAAI,CAAC,EAAE,OAAO,EAAE,uBAAuB,EAAE,IAAI,EAAE,GAAG,CAAC,OAAO,EAAE,CAAC,CAAC;IACnE,CAAC;AACH,CAAC,CAAC;AAEF,MAAM,UAAU,GAAG,KAAK,EAAE,GAAQ,EAAE,GAAa,EAAE,EAAE;IACnD,IAAI,CAAC;QACH,MAAM,0BAAgB,CAAC,yBAAyB,CAC9C,QAAQ,EACR,GAAG,CAAC,IAAI,CAAC,EAAE,EACX,OAAO,EACP,GAAG,CAAC,OAAO,CAAC,KAAK,CAClB,CAAC;QACF,GAAG,CAAC,MAAM,CAAC,qBAAU,CAAC,EAAE,CAAC,CAAC,IAAI,CAAC,EAAE,OAAO,EAAE,yBAAyB,EAAE,CAAC,CAAC;IACzE,CAAC;IAAC,OAAO,GAAG,EAAE,CAAC;QACb,OAAO,GAAG;aACP,MAAM,CAAC,qBAAU,CAAC,qBAAqB,CAAC;aACxC,IAAI,CAAC;YACJ,MAAM,EAAE,qBAAU,CAAC,qBAAqB;YACxC,OAAO,EAAE,uBAAuB;SACjC,CAAC,CAAC;IACP,CAAC;AACH,CAAC,CAAC;AACF,MAAM,cAAc,GAAG,KAAK,EAAE,GAAQ,EAAE,GAAa,EAAiB,EAAE;IACtE,IAAI,CAAC;QACD,MAAM,KAAK,GAAG,IAAA,uBAAa,EAAC,GAAG,CAAC,IAAI,CAAC,EAAE,CAAC,CAAC;QACzC,MAAM,OAAO,GAAG;YACd,MAAM,EAAE,GAAG,CAAC,IAAI,CAAC,EAAE;YACnB,MAAM,EAAE,GAAG,CAAC,OAAO,CAAC,aAAa,CAAC;YAClC,KAAK,EAAE,KAAK;YACZ,GAAG,EAAE,IAAI;SACV,CAAC;QACF,MAAM,0BAAgB,CAAC,aAAa,CAAC,OAAO,CAAC,CAAC;QAC9C,MAAM,IAAA,qBAAS,EAAC,GAAG,CAAC,IAAI,CAAC,KAAK,EAAE,gBAAgB,EAAE,GAAG,OAAO,CAAC,GAAG,CAAC,cAAc,4BAA4B,KAAK,EAAE,CAAC,CAAC;QACpH,GAAG,CAAC,MAAM,CAAC,qBAAU,CAAC,EAAE,CAAC,CAAC,IAAI,CAAC,EAAE,MAAM,EAAE,qBAAU,CAAC,EAAE,EAAE,OAAO,EAAE,iCAAiC,EAAC,CAAC,CAAC;IACzG,CAAC;IAAC,OAAO,KAAK,EAAE,CAAC;QACb,GAAG,CAAC,MAAM,CAAC,qBAAU,CAAC,qBAAqB,CAAC,CAAC,IAAI,CAAC,EAAE,OAAO,EAAE,KAAK,CAAC,OAAO,EAAE,CAAC,CAAC;IAClF,CAAC;AACH,CAAC,CAAA;AAED,MAAM,aAAa,GAAG,KAAK,EAAE,GAAQ,EAAE,GAAa,EAAiB,EAAE;IACrE,IAAI,CAAC;QACH,MAAM,0BAAgB,CAAC,sBAAsB,CAAC,UAAU,EAAE,GAAG,CAAC,IAAI,CAAC,QAAQ,EAAE,IAAI,EAAE,GAAG,CAAC,IAAI,CAAC,EAAE,CAAC,CAAC;QAC9F,GAAG,CAAC,MAAM,CAAC,qBAAU,CAAC,EAAE,CAAC,CAAC,IAAI,CAAC,EAAC,MAAM,EAAE,qBAAU,CAAC,EAAE,EAAE,OAAO,EAAE,8BAA8B,EAAE,CAAC,CAAC;IACtG,CAAC;IAAC,OAAO,KAAK,EAAE,CAAC;QACb,GAAG,CAAC,MAAM,CAAC,qBAAU,CAAC,qBAAqB,CAAC,CAAC,IAAI,CAAC,EAAE,OAAO,EAAE,KAAK,CAAC,OAAO,EAAE,CAAC,CAAC;IAClF,CAAC;AACH,CAAC,CAAC;AAEF,MAAM,aAAa,GAAG,KAAK,EAAE,GAAQ,EAAE,GAAa,EAAE,EAAE;IACtD,IAAI,CAAC;QACH,MAAM,IAAI,GAAG,MAAM,0BAAgB,CAAC,sBAAsB,CACxD,cAAc,EACd,IAAI,EACJ,IAAI,EACJ,GAAG,CAAC,IAAI,CAAC,EAAE,CACZ,CAAC;QACF,GAAG,CAAC,MAAM,CAAC,qBAAU,CAAC,EAAE,CAAC,CAAC,IAAI,CAAC;YAC7B,MAAM,EAAE,qBAAU,CAAC,EAAE;YACrB,OAAO,EAAE,2BAA2B;YACpC,IAAI,EAAE,EAAE,IAAI,EAAE,IAAI,EAAE;SACrB,CAAC,CAAC;IACL,CAAC;IAAC,OAAO,KAAK,EAAE,CAAC;QACf,OAAO,GAAG,CAAC,MAAM,CAAC,qBAAU,CAAC,qBAAqB,CAAC,CAAC,IAAI,CAAC;YACvD,MAAM,EAAE,qBAAU,CAAC,qBAAqB;YACxC,OAAO,EAAE,KAAK,CAAC,OAAO;SACvB,CAAC,CAAC;IACL,CAAC;AACH,CAAC,CAAC;AACF,kBAAe;IACb,YAAY;IACZ,eAAe;IACf,WAAW;IACX,SAAS;IACT,cAAc;IACd,aAAa;IACb,UAAU;IACV,aAAa;CACd,CAAC","sourcesContent":["/* eslint-disable @typescript-eslint/no-explicit-any */\r\nimport { Request, Response } from \"express\";\r\nimport userRepositories from \"../repository/authRepositories\";\r\nimport { generateToken} from \"../../../helpers\";\r\nimport httpStatus from \"http-status\";\r\nimport { usersAttributes } from \"../../../databases/models/users\";\r\nimport authRepositories from \"../repository/authRepositories\";\r\nimport { sendEmail } from \"../../../services/sendEmail\";\r\n\r\nconst registerUser = async (req: Request, res: Response): Promise<void> => {\r\n  try {\r\n    const register: usersAttributes = await authRepositories.createUser(\r\n      req.body\r\n    );\r\n    const token: string = generateToken(register.id);\r\n    const session = {\r\n      userId: register.id,\r\n      device: req.headers[\"user-device\"],\r\n      token: token,\r\n      otp: null\r\n    };\r\n    await authRepositories.createSession(session);\r\n    await sendEmail(\r\n      register.email,\r\n      \"Verification Email\",\r\n      `${process.env.SERVER_URL_PRO}/api/auth/verify-email/${token}`\r\n    );\r\n    res.status(httpStatus.CREATED).json({\r\n      message:\r\n        \"Account created successfully. Please check email to verify account.\",\r\n      data: { user: register }\r\n    });\r\n  } catch (error) {\r\n    res.status(httpStatus.INTERNAL_SERVER_ERROR).json({\r\n      status: httpStatus.INTERNAL_SERVER_ERROR,\r\n      message: error.message\r\n    });\r\n  }\r\n};\r\n\r\nconst sendVerifyEmail = async (req: any, res: Response) => {\r\n  try {\r\n    await sendEmail(\r\n      req.user.email,\r\n      \"Verification Email\",\r\n      `${process.env.SERVER_URL_PRO}/api/auth/verify-email/${req.session.token}`\r\n    );\r\n    res.status(httpStatus.OK).json({\r\n      status: httpStatus.OK,\r\n      message: \"Verification email sent successfully.\"\r\n    });\r\n  } catch (error) {\r\n    return res.status(httpStatus.INTERNAL_SERVER_ERROR).json({\r\n      status: httpStatus.INTERNAL_SERVER_ERROR,\r\n      message: error.message\r\n    });\r\n  }\r\n};\r\n\r\nconst verifyEmail = async (req: any, res: Response) => {\r\n  try {\r\n    await authRepositories.destroySessionByAttribute(\r\n      \"userId\",\r\n      req.user.id,\r\n      \"token\",\r\n      req.session.token\r\n    );\r\n    await authRepositories.updateUserByAttributes(\"isVerified\", true, \"id\", req.user.id);\r\n    res.status(httpStatus.OK).json({ status: httpStatus.OK, message: \"Account verified successfully, now login.\" });\r\n  } catch (error) {\r\n    return res.status(httpStatus.INTERNAL_SERVER_ERROR).json({ status: httpStatus.INTERNAL_SERVER_ERROR, message: error.message });\r\n  }\r\n}\r\n\r\nconst loginUser = async (req: any, res: Response) => {\r\n  try {\r\n    const token = generateToken(req.user.id);\r\n    const session = {\r\n      userId: req.user.id,\r\n      device: req.headers[\"user-device\"],\r\n      token: token,\r\n      otp: null\r\n    };\r\n    await userRepositories.createSession(session);\r\n    res\r\n      .status(httpStatus.OK)\r\n      .json({ message: \"Logged in successfully\", data: { token } });\r\n  } catch (err) {\r\n    return res\r\n      .status(httpStatus.INTERNAL_SERVER_ERROR)\r\n      .json({ message: \"Internal Server error\", data: err.message });\r\n  }\r\n};\r\n\r\nconst logoutUser = async (req: any, res: Response) => {\r\n  try {\r\n    await authRepositories.destroySessionByAttribute(\r\n      \"userId\",\r\n      req.user.id,\r\n      \"token\",\r\n      req.session.token\r\n    );\r\n    res.status(httpStatus.OK).json({ message: \"Successfully logged out\" });\r\n  } catch (err) {\r\n    return res\r\n      .status(httpStatus.INTERNAL_SERVER_ERROR)\r\n      .json({\r\n        status: httpStatus.INTERNAL_SERVER_ERROR,\r\n        message: \"Internal Server error\"\r\n      });\r\n  }\r\n};\r\nconst forgetPassword = async (req: any, res: Response): Promise<void> => {\r\n  try {\r\n      const token = generateToken(req.user.id);\r\n      const session = {\r\n        userId: req.user.id,\r\n        device: req.headers[\"user-device\"],\r\n        token: token,\r\n        otp: null\r\n      };\r\n      await authRepositories.createSession(session);\r\n      await sendEmail(req.user.email, \"Reset password\", `${process.env.SERVER_URL_PRO}/api/auth/reset-password/${token}`);\r\n      res.status(httpStatus.OK).json({ status: httpStatus.OK, message: \"Check email for reset password.\"});\r\n  } catch (error) {\r\n      res.status(httpStatus.INTERNAL_SERVER_ERROR).json({ message: error.message });\r\n  }\r\n}\r\n\r\nconst resetPassword = async (req: any, res: Response): Promise<void> => {\r\n  try {\r\n    await authRepositories.updateUserByAttributes(\"password\", req.user.password, \"id\", req.user.id);  \r\n      res.status(httpStatus.OK).json({status: httpStatus.OK, message: \"Password reset successfully.\" });\r\n  } catch (error) {\r\n      res.status(httpStatus.INTERNAL_SERVER_ERROR).json({ message: error.message });\r\n  }\r\n};\r\n\r\nconst updateUser2FA = async (req: any, res: Response) => {\r\n  try {\r\n    const user = await authRepositories.updateUserByAttributes(\r\n      \"is2FAEnabled\",\r\n      true,\r\n      \"id\",\r\n      req.user.id\r\n    );\r\n    res.status(httpStatus.OK).json({\r\n      status: httpStatus.OK,\r\n      message: \"2FA enabled successfully.\",\r\n      data: { user: user }\r\n    });\r\n  } catch (error) {\r\n    return res.status(httpStatus.INTERNAL_SERVER_ERROR).json({\r\n      status: httpStatus.INTERNAL_SERVER_ERROR,\r\n      message: error.message\r\n    });\r\n  }\r\n};\r\nexport default {\r\n  registerUser,\r\n  sendVerifyEmail,\r\n  verifyEmail,\r\n  loginUser,\r\n  forgetPassword,\r\n  resetPassword,\r\n  logoutUser,\r\n  updateUser2FA\r\n};"]},"_coverageSchema":"1a1c01bbd47fc00a2c39e90264f33305004495a9","hash":"fa275e657fcfe2618ead45727bdd31d61e511178"},"D:\\Project\\Project\\e-commerce-ninjas-bn\\src\\modules\\auth\\repository\\authRepositories.ts":{"path":"D:\\Project\\Project\\e-commerce-ninjas-bn\\src\\modules\\auth\\repository\\authRepositories.ts","statementMap":{"0":{"start":{"line":2,"column":22},"end":{"line":4,"column":1}},"1":{"start":{"line":3,"column":4},"end":{"line":3,"column":62}},"2":{"start":{"line":5,"column":0},"end":{"line":5,"column":62}},"3":{"start":{"line":8,"column":20},"end":{"line":8,"column":40}},"4":{"start":{"line":9,"column":17},"end":{"line":9,"column":70}},"5":{"start":{"line":10,"column":19},"end":{"line":12,"column":1}},"6":{"start":{"line":11,"column":4},"end":{"line":11,"column":75}},"7":{"start":{"line":13,"column":29},"end":{"line":15,"column":1}},"8":{"start":{"line":14,"column":4},"end":{"line":14,"column":77}},"9":{"start":{"line":16,"column":31},"end":{"line":19,"column":1}},"10":{"start":{"line":17,"column":4},"end":{"line":17,"column":142}},"11":{"start":{"line":18,"column":4},"end":{"line":18,"column":60}},"12":{"start":{"line":20,"column":22},"end":{"line":22,"column":1}},"13":{"start":{"line":21,"column":4},"end":{"line":21,"column":56}},"14":{"start":{"line":23,"column":32},"end":{"line":25,"column":1}},"15":{"start":{"line":24,"column":4},"end":{"line":24,"column":80}},"16":{"start":{"line":26,"column":36},"end":{"line":28,"column":1}},"17":{"start":{"line":27,"column":4},"end":{"line":27,"column":81}},"18":{"start":{"line":29,"column":37},"end":{"line":32,"column":1}},"19":{"start":{"line":30,"column":20},"end":{"line":30,"column":90}},"20":{"start":{"line":31,"column":4},"end":{"line":31,"column":25}},"21":{"start":{"line":33,"column":34},"end":{"line":37,"column":1}},"22":{"start":{"line":34,"column":4},"end":{"line":36,"column":7}},"23":{"start":{"line":38,"column":31},"end":{"line":46,"column":1}},"24":{"start":{"line":39,"column":4},"end":{"line":45,"column":7}},"25":{"start":{"line":47,"column":0},"end":{"line":57,"column":2}}},"fnMap":{"0":{"name":"(anonymous_0)","decl":{"start":{"line":2,"column":56},"end":{"line":2,"column":57}},"loc":{"start":{"line":2,"column":71},"end":{"line":4,"column":1}},"line":2},"1":{"name":"(anonymous_1)","decl":{"start":{"line":10,"column":19},"end":{"line":10,"column":20}},"loc":{"start":{"line":10,"column":35},"end":{"line":12,"column":1}},"line":10},"2":{"name":"(anonymous_2)","decl":{"start":{"line":13,"column":29},"end":{"line":13,"column":30}},"loc":{"start":{"line":13,"column":51},"end":{"line":15,"column":1}},"line":13},"3":{"name":"(anonymous_3)","decl":{"start":{"line":16,"column":31},"end":{"line":16,"column":32}},"loc":{"start":{"line":16,"column":89},"end":{"line":19,"column":1}},"line":16},"4":{"name":"(anonymous_4)","decl":{"start":{"line":20,"column":22},"end":{"line":20,"column":23}},"loc":{"start":{"line":20,"column":38},"end":{"line":22,"column":1}},"line":20},"5":{"name":"(anonymous_5)","decl":{"start":{"line":23,"column":32},"end":{"line":23,"column":33}},"loc":{"start":{"line":23,"column":54},"end":{"line":25,"column":1}},"line":23},"6":{"name":"(anonymous_6)","decl":{"start":{"line":26,"column":36},"end":{"line":26,"column":37}},"loc":{"start":{"line":26,"column":61},"end":{"line":28,"column":1}},"line":26},"7":{"name":"(anonymous_7)","decl":{"start":{"line":29,"column":37},"end":{"line":29,"column":38}},"loc":{"start":{"line":29,"column":63},"end":{"line":32,"column":1}},"line":29},"8":{"name":"(anonymous_8)","decl":{"start":{"line":33,"column":34},"end":{"line":33,"column":35}},"loc":{"start":{"line":33,"column":82},"end":{"line":37,"column":1}},"line":33},"9":{"name":"(anonymous_9)","decl":{"start":{"line":38,"column":31},"end":{"line":38,"column":32}},"loc":{"start":{"line":38,"column":54},"end":{"line":46,"column":1}},"line":38}},"branchMap":{"0":{"loc":{"start":{"line":2,"column":22},"end":{"line":4,"column":1}},"type":"binary-expr","locations":[{"start":{"line":2,"column":23},"end":{"line":2,"column":27}},{"start":{"line":2,"column":31},"end":{"line":2,"column":51}},{"start":{"line":2,"column":56},"end":{"line":4,"column":1}}],"line":2},"1":{"loc":{"start":{"line":3,"column":11},"end":{"line":3,"column":61}},"type":"cond-expr","locations":[{"start":{"line":3,"column":37},"end":{"line":3,"column":40}},{"start":{"line":3,"column":43},"end":{"line":3,"column":61}}],"line":3},"2":{"loc":{"start":{"line":3,"column":12},"end":{"line":3,"column":33}},"type":"binary-expr","locations":[{"start":{"line":3,"column":12},"end":{"line":3,"column":15}},{"start":{"line":3,"column":19},"end":{"line":3,"column":33}}],"line":3}},"s":{"0":1,"1":1,"2":1,"3":1,"4":1,"5":1,"6":4,"7":1,"8":96,"9":1,"10":5,"11":5,"12":1,"13":18,"14":1,"15":2,"16":1,"17":35,"18":1,"19":0,"20":0,"21":1,"22":3,"23":1,"24":0,"25":1},"f":{"0":1,"1":4,"2":96,"3":5,"4":18,"5":2,"6":35,"7":0,"8":3,"9":0},"b":{"0":[1,1,1],"1":[1,0],"2":[1,1]},"inputSourceMap":{"version":3,"file":"D:/Project/Project/e-commerce-ninjas-bn/src/modules/auth/repository/authRepositories.ts","sources":["D:/Project/Project/e-commerce-ninjas-bn/src/modules/auth/repository/authRepositories.ts"],"names":[],"mappings":";;;;;AAAA,iCAAiC;AACjC,uDAAuD;AACvD,yCAA+B;AAC/B,uEAA2C;AAE3C,MAAM,UAAU,GAAG,KAAK,EAAE,IAAS,EAAE,EAAE;IACrC,OAAO,MAAM,gBAAE,CAAC,KAAK,CAAC,MAAM,CAAC,EAAE,GAAG,IAAI,EAAE,IAAI,EAAC,OAAO,EAAE,CAAC,CAAC;AAC1D,CAAC,CAAC;AAEF,MAAM,oBAAoB,GAAG,KAAK,EAAE,GAAW,EAAE,KAAU,EAAE,EAAE;IAC7D,OAAO,MAAM,gBAAE,CAAC,KAAK,CAAC,OAAO,CAAC,EAAE,KAAK,EAAE,EAAE,CAAC,GAAG,CAAC,EAAE,KAAK,EAAE,EAAE,CAAC,CAAC;AAC7D,CAAC,CAAC;AAEF,MAAM,sBAAsB,GAAG,KAAK,EAClC,UAAkB,EAClB,YAAiB,EACjB,QAAgB,EAChB,UAAe,EACf,EAAE;IACF,MAAM,gBAAE,CAAC,KAAK,CAAC,MAAM,CACnB,EAAE,CAAC,UAAU,CAAC,EAAE,YAAY,EAAE,iBAAiB,EAAE,IAAI,IAAI,EAAE,EAAE,EAC7D,EAAE,KAAK,EAAE,EAAE,CAAC,QAAQ,CAAC,EAAE,UAAU,EAAE,EAAE,CACtC,CAAC;IACF,OAAO,MAAM,oBAAoB,CAAC,QAAQ,EAAE,UAAU,CAAC,CAAC;AAC1D,CAAC,CAAC;AAEF,MAAM,aAAa,GAAG,KAAK,EAAE,IAAS,EAAE,EAAE;IACxC,OAAO,MAAM,gBAAE,CAAC,QAAQ,CAAC,MAAM,CAAC,IAAI,CAAC,CAAC;AACxC,CAAC,CAAC;AAEF,MAAM,uBAAuB,GAAG,KAAK,EAAE,GAAU,EAAE,KAAU,EAAG,EAAE;IAC9D,OAAO,MAAM,gBAAE,CAAC,QAAQ,CAAC,OAAO,CAAC,EAAE,KAAK,EAAE,EAAE,CAAC,GAAG,CAAC,EAAC,KAAK,EAAE,EAAE,CAAC,CAAC;AACjE,CAAC,CAAA;AAED,MAAM,2BAA2B,GAAG,KAAK,EAAE,MAAc,EAAE,KAAa,EAAE,EAAE;IAC1E,OAAO,MAAM,gBAAE,CAAC,QAAQ,CAAC,OAAO,CAAC,EAAE,KAAK,EAAE,EAAE,KAAK,EAAE,MAAM,EAAE,EAAE,CAAC,CAAC;AACjE,CAAC,CAAC;AAEF,MAAM,4BAA4B,GAAG,KAAK,EAAE,MAAc,EAAE,MAAc,EAAC,EAAE;IACzE,MAAM,OAAO,GAAG,MAAM,gBAAE,CAAC,QAAQ,CAAC,OAAO,CAAC,EAAE,KAAK,EAAE,EAAC,MAAM,EAAE,MAAM,EAAC,EAAE,CAAC,CAAC;IACvE,OAAO,OAAO,CAAC,KAAK,CAAC;AACzB,CAAC,CAAA;AAED,MAAM,yBAAyB,GAAG,KAAK,EACrC,UAAkB,EAClB,YAAiB,EACjB,GAAW,EACX,KAAa,EACb,EAAE;IACF,OAAO,MAAM,gBAAE,CAAC,QAAQ,CAAC,OAAO,CAAC;QAC/B,KAAK,EAAE,EAAE,CAAC,UAAU,CAAC,EAAE,YAAY,EAAE,CAAC,GAAG,CAAC,EAAE,KAAK,EAAE;KACpD,CAAC,CAAC;AACL,CAAC,CAAC;AAEF,MAAM,sBAAsB,GAAG,KAAK,EAAE,MAAa,EAAE,GAAU,EAAE,EAAE;IAC/D,OAAO,MAAM,gBAAE,CAAC,QAAQ,CAAC,OAAO,CAAC;QAC/B,KAAK,EAAE;YACL,MAAM,EAAE,MAAM;YACd,GAAG,EAAE,GAAG;YACR,aAAa,EAAE,EAAE,CAAC,cAAE,CAAC,EAAE,CAAC,EAAE,IAAI,IAAI,EAAE,EAAE;SACvC;KACF,CAAC,CAAC;AACL,CAAC,CAAA;AAGH,kBAAe;IACb,UAAU;IACV,aAAa;IACb,oBAAoB;IACpB,uBAAuB;IACvB,2BAA2B;IAC3B,4BAA4B;IAC5B,sBAAsB;IACtB,yBAAyB;IACzB,sBAAsB;CACvB,CAAC","sourcesContent":["/* eslint-disable comma-dangle */\r\n/* eslint-disable @typescript-eslint/no-explicit-any */\r\nimport { Op } from \"sequelize\";\r\nimport db from \"../../../databases/models\";\r\n\r\nconst createUser = async (body: any) => { \r\n  return await db.Users.create({ ...body, role:\"buyer\" });\r\n};\r\n\r\nconst findUserByAttributes = async (key: string, value: any) => {\r\n  return await db.Users.findOne({ where: { [key]: value } });\r\n};\r\n\r\nconst updateUserByAttributes = async (\r\n  updatedKey: string,\r\n  updatedValue: any,\r\n  whereKey: string,\r\n  whereValue: any\r\n) => {\r\n  await db.Users.update(\r\n    { [updatedKey]: updatedValue, passwordUpdatedAt: new Date() }, \r\n    { where: { [whereKey]: whereValue } }\r\n  );\r\n  return await findUserByAttributes(whereKey, whereValue);\r\n};\r\n\r\nconst createSession = async (body: any) => {\r\n  return await db.Sessions.create(body);\r\n};\r\n\r\nconst findSessionByAttributes = async( key:string, value: any ) => {\r\n    return await db.Sessions.findOne({ where: { [key]:value } });\r\n}\r\n\r\nconst findSessionByUserIdAndToken = async (userId: string, token: string) => {\r\n  return await db.Sessions.findOne({ where: { token, userId } });\r\n};\r\n\r\nconst findTokenByDeviceIdAndUserId = async (device: string, userId: string)=>{\r\n    const session = await db.Sessions.findOne({ where: {device, userId} });\r\n    return session.token;\r\n}\r\n\r\nconst destroySessionByAttribute = async (\r\n  destroyKey: string,\r\n  destroyValue: any,\r\n  key: string,\r\n  value: string\r\n) => {\r\n  return await db.Sessions.destroy({\r\n    where: { [destroyKey]: destroyValue, [key]: value },\r\n  });\r\n};\r\n\r\nconst findSessionByUserIdOtp = async (userId:string, otp:string) => {\r\n    return await db.Sessions.findOne({\r\n      where: {\r\n        userId: userId,\r\n        otp: otp,\r\n        otpExpiration: { [Op.gt]: new Date() }\r\n      }\r\n    });\r\n  }\r\n\r\n\r\nexport default {\r\n  createUser,\r\n  createSession,\r\n  findUserByAttributes,\r\n  findSessionByAttributes,\r\n  findSessionByUserIdAndToken,\r\n  findTokenByDeviceIdAndUserId,\r\n  updateUserByAttributes,\r\n  destroySessionByAttribute,\r\n  findSessionByUserIdOtp\r\n};"]},"_coverageSchema":"1a1c01bbd47fc00a2c39e90264f33305004495a9","hash":"fef4cd280f7b2fbd310b3db8bd48e7d79a7cd0e2"},"D:\\Project\\Project\\e-commerce-ninjas-bn\\src\\helpers\\index.ts":{"path":"D:\\Project\\Project\\e-commerce-ninjas-bn\\src\\helpers\\index.ts","statementMap":{"0":{"start":{"line":2,"column":22},"end":{"line":4,"column":1}},"1":{"start":{"line":3,"column":4},"end":{"line":3,"column":62}},"2":{"start":{"line":5,"column":0},"end":{"line":5,"column":62}},"3":{"start":{"line":6,"column":0},"end":{"line":6,"column":153}},"4":{"start":{"line":8,"column":23},"end":{"line":8,"column":63}},"5":{"start":{"line":9,"column":17},"end":{"line":9,"column":51}},"6":{"start":{"line":10,"column":17},"end":{"line":10,"column":51}},"7":{"start":{"line":11,"column":0},"end":{"line":11,"column":24}},"8":{"start":{"line":12,"column":22},"end":{"line":14,"column":1}},"9":{"start":{"line":13,"column":4},"end":{"line":13,"column":71}},"10":{"start":{"line":15,"column":0},"end":{"line":15,"column":38}},"11":{"start":{"line":16,"column":20},"end":{"line":18,"column":1}},"12":{"start":{"line":17,"column":4},"end":{"line":17,"column":72}},"13":{"start":{"line":19,"column":0},"end":{"line":19,"column":34}},"14":{"start":{"line":20,"column":24},"end":{"line":22,"column":1}},"15":{"start":{"line":21,"column":4},"end":{"line":21,"column":68}},"16":{"start":{"line":23,"column":0},"end":{"line":23,"column":42}},"17":{"start":{"line":24,"column":21},"end":{"line":26,"column":1}},"18":{"start":{"line":25,"column":4},"end":{"line":25,"column":51}},"19":{"start":{"line":27,"column":0},"end":{"line":27,"column":36}},"20":{"start":{"line":28,"column":27},"end":{"line":30,"column":1}},"21":{"start":{"line":29,"column":4},"end":{"line":29,"column":66}},"22":{"start":{"line":31,"column":0},"end":{"line":31,"column":48}},"23":{"start":{"line":32,"column":20},"end":{"line":36,"column":1}},"24":{"start":{"line":33,"column":16},"end":{"line":33,"column":36}},"25":{"start":{"line":34,"column":27},"end":{"line":34,"column":63}},"26":{"start":{"line":35,"column":4},"end":{"line":35,"column":35}},"27":{"start":{"line":37,"column":0},"end":{"line":37,"column":34}}},"fnMap":{"0":{"name":"(anonymous_0)","decl":{"start":{"line":2,"column":56},"end":{"line":2,"column":57}},"loc":{"start":{"line":2,"column":71},"end":{"line":4,"column":1}},"line":2},"1":{"name":"(anonymous_1)","decl":{"start":{"line":12,"column":22},"end":{"line":12,"column":23}},"loc":{"start":{"line":12,"column":30},"end":{"line":14,"column":1}},"line":12},"2":{"name":"(anonymous_2)","decl":{"start":{"line":16,"column":20},"end":{"line":16,"column":21}},"loc":{"start":{"line":16,"column":31},"end":{"line":18,"column":1}},"line":16},"3":{"name":"(anonymous_3)","decl":{"start":{"line":20,"column":24},"end":{"line":20,"column":25}},"loc":{"start":{"line":20,"column":60},"end":{"line":22,"column":1}},"line":20},"4":{"name":"(anonymous_4)","decl":{"start":{"line":24,"column":21},"end":{"line":24,"column":22}},"loc":{"start":{"line":24,"column":35},"end":{"line":26,"column":1}},"line":24},"5":{"name":"(anonymous_5)","decl":{"start":{"line":28,"column":27},"end":{"line":28,"column":28}},"loc":{"start":{"line":28,"column":33},"end":{"line":30,"column":1}},"line":28},"6":{"name":"(anonymous_6)","decl":{"start":{"line":32,"column":20},"end":{"line":32,"column":21}},"loc":{"start":{"line":32,"column":26},"end":{"line":36,"column":1}},"line":32}},"branchMap":{"0":{"loc":{"start":{"line":2,"column":22},"end":{"line":4,"column":1}},"type":"binary-expr","locations":[{"start":{"line":2,"column":23},"end":{"line":2,"column":27}},{"start":{"line":2,"column":31},"end":{"line":2,"column":51}},{"start":{"line":2,"column":56},"end":{"line":4,"column":1}}],"line":2},"1":{"loc":{"start":{"line":3,"column":11},"end":{"line":3,"column":61}},"type":"cond-expr","locations":[{"start":{"line":3,"column":37},"end":{"line":3,"column":40}},{"start":{"line":3,"column":43},"end":{"line":3,"column":61}}],"line":3},"2":{"loc":{"start":{"line":3,"column":12},"end":{"line":3,"column":33}},"type":"binary-expr","locations":[{"start":{"line":3,"column":12},"end":{"line":3,"column":15}},{"start":{"line":3,"column":19},"end":{"line":3,"column":33}}],"line":3}},"s":{"0":1,"1":3,"2":1,"3":1,"4":1,"5":1,"6":1,"7":1,"8":1,"9":18,"10":1,"11":1,"12":38,"13":1,"14":1,"15":15,"16":1,"17":1,"18":8,"19":1,"20":1,"21":2,"22":1,"23":1,"24":2,"25":2,"26":2,"27":1},"f":{"0":3,"1":18,"2":38,"3":15,"4":8,"5":2,"6":2},"b":{"0":[1,1,1],"1":[0,3],"2":[3,3]},"inputSourceMap":{"version":3,"file":"D:/Project/Project/e-commerce-ninjas-bn/src/helpers/index.ts","sources":["D:/Project/Project/e-commerce-ninjas-bn/src/helpers/index.ts"],"names":[],"mappings":";;;;;;AAAA,uDAAuD;AACvD,gEAA2C;AAC3C,oDAA2B;AAC3B,oDAA2B;AAE3B,gBAAM,CAAC,MAAM,CAAA;AAEZ,MAAM,aAAa,GAAG,CAAC,EAAU,EAAE,EAAE;IAClC,OAAO,sBAAG,CAAC,IAAI,CAAC,EAAE,EAAE,EAAE,EAAE,OAAO,CAAC,GAAG,CAAC,UAAU,CAAC,CAAC;AAClD,CAAC,CAAC;AAyBO,sCAAa;AAvBtB,MAAM,WAAW,GAAG,CAAC,KAAa,EAAE,EAAE;IACpC,OAAO,sBAAG,CAAC,MAAM,CAAC,KAAK,EAAE,OAAO,CAAC,GAAG,CAAC,UAAU,CAAe,CAC7D;AACH,CAAC,CAAC;AAoBsB,kCAAW;AAlBnC,MAAM,eAAe,GAAG,KAAK,EAAE,QAAgB,EAAE,cAAsB,EAAE,EAAE;IACzE,OAAO,MAAM,gBAAM,CAAC,OAAO,CAAC,QAAQ,EAAE,cAAc,CAAC,CAAC;AAC1D,CAAC,CAAA;AAgBsC,0CAAe;AAdtD,MAAM,YAAY,GAAG,CAAC,QAAgB,EAAC,EAAE;IACvC,OAAO,gBAAM,CAAC,QAAQ,CAAC,QAAQ,EAAE,EAAE,CAAC,CAAC;AACvC,CAAC,CAAA;AAYuD,oCAAY;AAVpE,MAAM,kBAAkB,GAAG,GAAW,EAAE;IACtC,OAAO,IAAI,CAAC,KAAK,CAAC,MAAM,GAAG,IAAI,CAAC,MAAM,EAAE,GAAG,MAAM,CAAC,CAAC,QAAQ,EAAE,CAAC;AAChE,CAAC,CAAC;AAQoE,gDAAkB;AANxF,MAAM,WAAW,GAAG,GAAG,EAAE;IACvB,MAAM,GAAG,GAAG,kBAAkB,EAAE,CAAC;IACjC,MAAM,cAAc,GAAG,IAAI,IAAI,CAAC,IAAI,CAAC,GAAG,EAAE,GAAG,CAAC,GAAG,EAAE,GAAG,IAAI,CAAC,CAAC;IAC5D,OAAO,EAAE,GAAG,EAAE,cAAc,EAAE,CAAC;AACjC,CAAC,CAAC;AAEuF,kCAAW","sourcesContent":["/* eslint-disable @typescript-eslint/no-explicit-any */\r\nimport jwt,{JwtPayload} from \"jsonwebtoken\"\r\nimport dotenv from \"dotenv\"\r\nimport bcrypt from \"bcrypt\"\r\n\r\ndotenv.config\r\n\r\n const generateToken = (id: string) => {\r\n    return jwt.sign({ id }, process.env.JWT_SECRET);\r\n  };\r\n\r\n  const decodeToken = (token: string) => {\r\n    return jwt.verify(token, process.env.JWT_SECRET) as JwtPayload\r\n    ;\r\n  };\r\n\r\n  const comparePassword = async (password: string, hashedPassword: string) =>{\r\n    return await bcrypt.compare(password, hashedPassword);\r\n}\r\n\r\nconst hashPassword = (password: string)=>{\r\n  return bcrypt.hashSync(password, 10);\r\n}\r\n\r\nconst generateRandomCode = (): string => {\r\n  return Math.floor(100000 + Math.random() * 900000).toString();\r\n};\r\n\r\nconst generateOTP = () => {\r\n  const otp = generateRandomCode();\r\n  const expirationTime = new Date(Date.now() + 5 * 60 * 1000);\r\n  return { otp, expirationTime };\r\n};\r\n\r\n  export { generateToken, decodeToken, comparePassword, hashPassword, generateRandomCode,generateOTP }"]},"_coverageSchema":"1a1c01bbd47fc00a2c39e90264f33305004495a9","hash":"2b9b25f7d09ec5d0007689c7fb3c8ef428002977"},"D:\\Project\\Project\\e-commerce-ninjas-bn\\src\\services\\sendEmail.ts":{"path":"D:\\Project\\Project\\e-commerce-ninjas-bn\\src\\services\\sendEmail.ts","statementMap":{"0":{"start":{"line":2,"column":22},"end":{"line":4,"column":1}},"1":{"start":{"line":3,"column":4},"end":{"line":3,"column":62}},"2":{"start":{"line":5,"column":0},"end":{"line":5,"column":62}},"3":{"start":{"line":6,"column":0},"end":{"line":6,"column":49}},"4":{"start":{"line":7,"column":21},"end":{"line":7,"column":59}},"5":{"start":{"line":8,"column":17},"end":{"line":8,"column":51}},"6":{"start":{"line":9,"column":0},"end":{"line":9,"column":26}},"7":{"start":{"line":10,"column":20},"end":{"line":18,"column":2}},"8":{"start":{"line":19,"column":0},"end":{"line":19,"column":34}},"9":{"start":{"line":20,"column":18},"end":{"line":33,"column":1}},"10":{"start":{"line":21,"column":4},"end":{"line":32,"column":5}},"11":{"start":{"line":22,"column":34},"end":{"line":27,"column":9}},"12":{"start":{"line":28,"column":8},"end":{"line":28,"column":54}},"13":{"start":{"line":31,"column":8},"end":{"line":31,"column":31}},"14":{"start":{"line":34,"column":0},"end":{"line":34,"column":30}}},"fnMap":{"0":{"name":"(anonymous_0)","decl":{"start":{"line":2,"column":56},"end":{"line":2,"column":57}},"loc":{"start":{"line":2,"column":71},"end":{"line":4,"column":1}},"line":2},"1":{"name":"(anonymous_1)","decl":{"start":{"line":20,"column":18},"end":{"line":20,"column":19}},"loc":{"start":{"line":20,"column":53},"end":{"line":33,"column":1}},"line":20}},"branchMap":{"0":{"loc":{"start":{"line":2,"column":22},"end":{"line":4,"column":1}},"type":"binary-expr","locations":[{"start":{"line":2,"column":23},"end":{"line":2,"column":27}},{"start":{"line":2,"column":31},"end":{"line":2,"column":51}},{"start":{"line":2,"column":56},"end":{"line":4,"column":1}}],"line":2},"1":{"loc":{"start":{"line":3,"column":11},"end":{"line":3,"column":61}},"type":"cond-expr","locations":[{"start":{"line":3,"column":37},"end":{"line":3,"column":40}},{"start":{"line":3,"column":43},"end":{"line":3,"column":61}}],"line":3},"2":{"loc":{"start":{"line":3,"column":12},"end":{"line":3,"column":33}},"type":"binary-expr","locations":[{"start":{"line":3,"column":12},"end":{"line":3,"column":15}},{"start":{"line":3,"column":19},"end":{"line":3,"column":33}}],"line":3}},"s":{"0":1,"1":2,"2":1,"3":1,"4":1,"5":1,"6":1,"7":1,"8":1,"9":1,"10":10,"11":10,"12":10,"13":9,"14":1},"f":{"0":2,"1":10},"b":{"0":[1,1,1],"1":[0,2],"2":[2,2]},"inputSourceMap":{"version":3,"file":"D:/Project/Project/e-commerce-ninjas-bn/src/services/sendEmail.ts","sources":["D:/Project/Project/e-commerce-ninjas-bn/src/services/sendEmail.ts"],"names":[],"mappings":";;;;;;AAEA,4DAAyD;AACzD,oDAA4B;AAE5B,gBAAM,CAAC,MAAM,EAAE,CAAC;AAChB,MAAM,WAAW,GAAG,oBAAU,CAAC,eAAe,CAAC;IAC7C,IAAI,EAAE,OAAO,CAAC,GAAG,CAAC,SAAS;IAC3B,IAAI,EAAE,MAAM,CAAC,OAAO,CAAC,GAAG,CAAC,cAAc,CAAC;IACxC,MAAM,EAAE,IAAI;IACZ,IAAI,EAAE;QACJ,IAAI,EAAE,OAAO,CAAC,GAAG,CAAC,OAAO;QACzB,IAAI,EAAE,OAAO,CAAC,GAAG,CAAC,EAAE;KACrB;CACF,CAAC,CAAC;AAkBkB,kCAAW;AAhBhC,MAAM,SAAS,GAAG,KAAK,EAAC,KAAa,EAAE,OAAe,EAAE,OAAe,EAAE,EAAE;IACvE,IAAI,CAAC;QACD,MAAM,iBAAiB,GAAoB;YACvC,IAAI,EAAE,OAAO,CAAC,GAAG,CAAC,OAAO;YACzB,EAAE,EAAE,KAAK;YACT,OAAO,EAAE,OAAO;YAChB,IAAI,EAAE,OAAO;SAChB,CAAC;QAEF,MAAM,WAAW,CAAC,QAAQ,CAAC,iBAAiB,CAAC,CAAC;IAClD,CAAC;IAAC,OAAO,KAAK,EAAE,CAAC;QACb,MAAM,IAAI,KAAK,CAAC,KAAK,CAAC,CAAC;IAC3B,CAAC;AACL,CAAC,CAAC;AAGQ,8BAAS","sourcesContent":["/* eslint-disable @typescript-eslint/no-unused-vars */\r\nimport { Request, Response } from \"express\";\r\nimport nodemailer, { SendMailOptions } from \"nodemailer\";\r\nimport dotenv from \"dotenv\";\r\n\r\ndotenv.config();\r\nconst transporter = nodemailer.createTransport({\r\n  host: process.env.SMTP_HOST,\r\n  port: Number(process.env.SMTP_HOST_PORT),\r\n  secure: true,\r\n  auth: {\r\n    user: process.env.MAIL_ID,\r\n    pass: process.env.MP\r\n  }\r\n});\r\n\r\nconst sendEmail = async(email: string, subject: string, message: string) => {\r\n    try {\r\n        const mailOptionsVerify: SendMailOptions = {\r\n            from: process.env.MAIL_ID,\r\n            to: email,\r\n            subject: subject,\r\n            text: message\r\n        };\r\n    \r\n        await transporter.sendMail(mailOptionsVerify);\r\n    } catch (error) {\r\n        throw new Error(error);\r\n    }\r\n};\r\n\r\n\r\nexport {  sendEmail, transporter };"]},"_coverageSchema":"1a1c01bbd47fc00a2c39e90264f33305004495a9","hash":"d176da77615f1d481df70c649549f72d40817e5a"},"D:\\Project\\Project\\e-commerce-ninjas-bn\\src\\middlewares\\validation.ts":{"path":"D:\\Project\\Project\\e-commerce-ninjas-bn\\src\\middlewares\\validation.ts","statementMap":{"0":{"start":{"line":2,"column":22},"end":{"line":4,"column":1}},"1":{"start":{"line":3,"column":4},"end":{"line":3,"column":62}},"2":{"start":{"line":5,"column":0},"end":{"line":5,"column":62}},"3":{"start":{"line":6,"column":0},"end":{"line":6,"column":680}},"4":{"start":{"line":7,"column":27},"end":{"line":7,"column":98}},"5":{"start":{"line":8,"column":16},"end":{"line":8,"column":69}},"6":{"start":{"line":9,"column":22},"end":{"line":9,"column":61}},"7":{"start":{"line":10,"column":18},"end":{"line":10,"column":39}},"8":{"start":{"line":11,"column":30},"end":{"line":11,"column":109}},"9":{"start":{"line":12,"column":16},"end":{"line":12,"column":69}},"10":{"start":{"line":13,"column":19},"end":{"line":13,"column":75}},"11":{"start":{"line":14,"column":20},"end":{"line":14,"column":52}},"12":{"start":{"line":15,"column":20},"end":{"line":15,"column":40}},"13":{"start":{"line":16,"column":20},"end":{"line":16,"column":30}},"14":{"start":{"line":17,"column":27},"end":{"line":17,"column":100}},"15":{"start":{"line":18,"column":17},"end":{"line":18,"column":64}},"16":{"start":{"line":19,"column":19},"end":{"line":34,"column":1}},"17":{"start":{"line":19,"column":31},"end":{"line":34,"column":1}},"18":{"start":{"line":20,"column":4},"end":{"line":33,"column":5}},"19":{"start":{"line":21,"column":26},"end":{"line":21,"column":74}},"20":{"start":{"line":22,"column":8},"end":{"line":26,"column":9}},"21":{"start":{"line":23,"column":12},"end":{"line":25,"column":29}},"22":{"start":{"line":24,"column":33},"end":{"line":24,"column":65}},"23":{"start":{"line":27,"column":8},"end":{"line":27,"column":22}},"24":{"start":{"line":30,"column":8},"end":{"line":32,"column":89}},"25":{"start":{"line":35,"column":0},"end":{"line":35,"column":32}},"26":{"start":{"line":36,"column":20},"end":{"line":71,"column":1}},"27":{"start":{"line":37,"column":4},"end":{"line":70,"column":5}},"28":{"start":{"line":38,"column":25},"end":{"line":38,"column":29}},"29":{"start":{"line":39,"column":8},"end":{"line":53,"column":9}},"30":{"start":{"line":40,"column":12},"end":{"line":40,"column":104}},"31":{"start":{"line":41,"column":12},"end":{"line":52,"column":13}},"32":{"start":{"line":42,"column":16},"end":{"line":47,"column":17}},"33":{"start":{"line":43,"column":20},"end":{"line":46,"column":23}},"34":{"start":{"line":48,"column":16},"end":{"line":51,"column":19}},"35":{"start":{"line":54,"column":8},"end":{"line":62,"column":9}},"36":{"start":{"line":55,"column":12},"end":{"line":55,"column":100}},"37":{"start":{"line":56,"column":12},"end":{"line":58,"column":13}},"38":{"start":{"line":57,"column":16},"end":{"line":57,"column":30}},"39":{"start":{"line":59,"column":12},"end":{"line":61,"column":94}},"40":{"start":{"line":63,"column":8},"end":{"line":63,"column":22}},"41":{"start":{"line":66,"column":8},"end":{"line":69,"column":11}},"42":{"start":{"line":72,"column":0},"end":{"line":72,"column":34}},"43":{"start":{"line":73,"column":21},"end":{"line":88,"column":1}},"44":{"start":{"line":74,"column":4},"end":{"line":87,"column":5}},"45":{"start":{"line":75,"column":26},"end":{"line":75,"column":55}},"46":{"start":{"line":76,"column":8},"end":{"line":80,"column":9}},"47":{"start":{"line":77,"column":12},"end":{"line":79,"column":68}},"48":{"start":{"line":81,"column":8},"end":{"line":81,"column":15}},"49":{"start":{"line":84,"column":8},"end":{"line":86,"column":55}},"50":{"start":{"line":89,"column":0},"end":{"line":89,"column":36}},"51":{"start":{"line":90,"column":26},"end":{"line":126,"column":1}},"52":{"start":{"line":91,"column":4},"end":{"line":125,"column":5}},"53":{"start":{"line":92,"column":19},"end":{"line":92,"column":23}},"54":{"start":{"line":93,"column":8},"end":{"line":96,"column":9}},"55":{"start":{"line":94,"column":33},"end":{"line":94,"column":83}},"56":{"start":{"line":95,"column":12},"end":{"line":95,"column":96}},"57":{"start":{"line":97,"column":8},"end":{"line":99,"column":9}},"58":{"start":{"line":98,"column":12},"end":{"line":98,"column":98}},"59":{"start":{"line":100,"column":8},"end":{"line":104,"column":9}},"60":{"start":{"line":101,"column":12},"end":{"line":103,"column":57}},"61":{"start":{"line":105,"column":8},"end":{"line":109,"column":9}},"62":{"start":{"line":106,"column":12},"end":{"line":108,"column":64}},"63":{"start":{"line":110,"column":24},"end":{"line":110,"column":99}},"64":{"start":{"line":111,"column":8},"end":{"line":115,"column":9}},"65":{"start":{"line":112,"column":12},"end":{"line":114,"column":53}},"66":{"start":{"line":116,"column":8},"end":{"line":116,"column":30}},"67":{"start":{"line":117,"column":8},"end":{"line":117,"column":24}},"68":{"start":{"line":118,"column":8},"end":{"line":118,"column":15}},"69":{"start":{"line":121,"column":8},"end":{"line":124,"column":11}},"70":{"start":{"line":127,"column":0},"end":{"line":127,"column":46}},"71":{"start":{"line":128,"column":30},"end":{"line":174,"column":1}},"72":{"start":{"line":129,"column":4},"end":{"line":173,"column":5}},"73":{"start":{"line":130,"column":21},"end":{"line":130,"column":99}},"74":{"start":{"line":131,"column":8},"end":{"line":135,"column":9}},"75":{"start":{"line":132,"column":12},"end":{"line":134,"column":64}},"76":{"start":{"line":136,"column":8},"end":{"line":159,"column":9}},"77":{"start":{"line":137,"column":44},"end":{"line":137,"column":72}},"78":{"start":{"line":138,"column":27},"end":{"line":138,"column":61}},"79":{"start":{"line":139,"column":28},"end":{"line":144,"column":13}},"80":{"start":{"line":145,"column":12},"end":{"line":145,"column":68}},"81":{"start":{"line":146,"column":12},"end":{"line":146,"column":171}},"82":{"start":{"line":147,"column":33},"end":{"line":147,"column":111}},"83":{"start":{"line":148,"column":12},"end":{"line":154,"column":13}},"84":{"start":{"line":149,"column":16},"end":{"line":153,"column":19}},"85":{"start":{"line":155,"column":12},"end":{"line":158,"column":15}},"86":{"start":{"line":160,"column":32},"end":{"line":160,"column":102}},"87":{"start":{"line":161,"column":8},"end":{"line":165,"column":9}},"88":{"start":{"line":162,"column":12},"end":{"line":164,"column":64}},"89":{"start":{"line":166,"column":8},"end":{"line":166,"column":24}},"90":{"start":{"line":167,"column":8},"end":{"line":167,"column":22}},"91":{"start":{"line":170,"column":8},"end":{"line":172,"column":77}},"92":{"start":{"line":175,"column":0},"end":{"line":175,"column":54}},"93":{"start":{"line":176,"column":19},"end":{"line":206,"column":1}},"94":{"start":{"line":177,"column":4},"end":{"line":205,"column":5}},"95":{"start":{"line":178,"column":19},"end":{"line":178,"column":23}},"96":{"start":{"line":179,"column":8},"end":{"line":182,"column":9}},"97":{"start":{"line":180,"column":33},"end":{"line":180,"column":83}},"98":{"start":{"line":181,"column":12},"end":{"line":181,"column":96}},"99":{"start":{"line":183,"column":8},"end":{"line":185,"column":9}},"100":{"start":{"line":184,"column":12},"end":{"line":184,"column":98}},"101":{"start":{"line":186,"column":8},"end":{"line":190,"column":9}},"102":{"start":{"line":187,"column":12},"end":{"line":189,"column":98}},"103":{"start":{"line":191,"column":8},"end":{"line":196,"column":9}},"104":{"start":{"line":192,"column":12},"end":{"line":195,"column":15}},"105":{"start":{"line":197,"column":8},"end":{"line":197,"column":24}},"106":{"start":{"line":198,"column":8},"end":{"line":198,"column":15}},"107":{"start":{"line":201,"column":8},"end":{"line":204,"column":11}},"108":{"start":{"line":207,"column":0},"end":{"line":207,"column":32}},"109":{"start":{"line":208,"column":23},"end":{"line":229,"column":1}},"110":{"start":{"line":209,"column":4},"end":{"line":228,"column":5}},"111":{"start":{"line":210,"column":24},"end":{"line":210,"column":103}},"112":{"start":{"line":211,"column":8},"end":{"line":215,"column":9}},"113":{"start":{"line":212,"column":12},"end":{"line":214,"column":96}},"114":{"start":{"line":216,"column":24},"end":{"line":216,"column":129}},"115":{"start":{"line":217,"column":8},"end":{"line":221,"column":9}},"116":{"start":{"line":218,"column":35},"end":{"line":218,"column":87}},"117":{"start":{"line":219,"column":12},"end":{"line":219,"column":47}},"118":{"start":{"line":220,"column":12},"end":{"line":220,"column":19}},"119":{"start":{"line":224,"column":8},"end":{"line":227,"column":11}},"120":{"start":{"line":230,"column":0},"end":{"line":230,"column":40}},"121":{"start":{"line":231,"column":23},"end":{"line":255,"column":1}},"122":{"start":{"line":232,"column":4},"end":{"line":254,"column":5}},"123":{"start":{"line":233,"column":21},"end":{"line":233,"column":117}},"124":{"start":{"line":234,"column":8},"end":{"line":238,"column":9}},"125":{"start":{"line":235,"column":12},"end":{"line":237,"column":95}},"126":{"start":{"line":239,"column":35},"end":{"line":239,"column":158}},"127":{"start":{"line":240,"column":8},"end":{"line":245,"column":9}},"128":{"start":{"line":241,"column":12},"end":{"line":244,"column":15}},"129":{"start":{"line":246,"column":8},"end":{"line":246,"column":24}},"130":{"start":{"line":247,"column":8},"end":{"line":247,"column":15}},"131":{"start":{"line":250,"column":8},"end":{"line":253,"column":11}},"132":{"start":{"line":256,"column":0},"end":{"line":256,"column":40}},"133":{"start":{"line":257,"column":19},"end":{"line":280,"column":1}},"134":{"start":{"line":258,"column":4},"end":{"line":279,"column":5}},"135":{"start":{"line":259,"column":19},"end":{"line":259,"column":23}},"136":{"start":{"line":260,"column":8},"end":{"line":262,"column":9}},"137":{"start":{"line":261,"column":12},"end":{"line":261,"column":92}},"138":{"start":{"line":263,"column":36},"end":{"line":263,"column":109}},"139":{"start":{"line":264,"column":8},"end":{"line":268,"column":9}},"140":{"start":{"line":265,"column":12},"end":{"line":267,"column":99}},"141":{"start":{"line":269,"column":31},"end":{"line":269,"column":86}},"142":{"start":{"line":270,"column":8},"end":{"line":270,"column":39}},"143":{"start":{"line":271,"column":8},"end":{"line":271,"column":24}},"144":{"start":{"line":272,"column":8},"end":{"line":272,"column":15}},"145":{"start":{"line":275,"column":8},"end":{"line":278,"column":11}},"146":{"start":{"line":281,"column":0},"end":{"line":281,"column":32}},"147":{"start":{"line":282,"column":20},"end":{"line":300,"column":1}},"148":{"start":{"line":283,"column":4},"end":{"line":299,"column":5}},"149":{"start":{"line":284,"column":21},"end":{"line":284,"column":124}},"150":{"start":{"line":285,"column":8},"end":{"line":291,"column":9}},"151":{"start":{"line":286,"column":12},"end":{"line":290,"column":15}},"152":{"start":{"line":292,"column":8},"end":{"line":292,"column":22}},"153":{"start":{"line":295,"column":8},"end":{"line":298,"column":11}},"154":{"start":{"line":301,"column":0},"end":{"line":301,"column":34}},"155":{"start":{"line":302,"column":26},"end":{"line":319,"column":1}},"156":{"start":{"line":303,"column":4},"end":{"line":318,"column":5}},"157":{"start":{"line":304,"column":21},"end":{"line":304,"column":117}},"158":{"start":{"line":305,"column":8},"end":{"line":309,"column":9}},"159":{"start":{"line":306,"column":12},"end":{"line":308,"column":94}},"160":{"start":{"line":310,"column":8},"end":{"line":310,"column":24}},"161":{"start":{"line":311,"column":8},"end":{"line":311,"column":22}},"162":{"start":{"line":314,"column":8},"end":{"line":317,"column":11}},"163":{"start":{"line":320,"column":0},"end":{"line":320,"column":46}},"164":{"start":{"line":321,"column":29},"end":{"line":330,"column":1}},"165":{"start":{"line":322,"column":4},"end":{"line":326,"column":5}},"166":{"start":{"line":323,"column":8},"end":{"line":325,"column":67}},"167":{"start":{"line":327,"column":18},"end":{"line":327,"column":27}},"168":{"start":{"line":328,"column":4},"end":{"line":328,"column":53}},"169":{"start":{"line":328,"column":42},"end":{"line":328,"column":51}},"170":{"start":{"line":329,"column":4},"end":{"line":329,"column":11}},"171":{"start":{"line":331,"column":0},"end":{"line":331,"column":52}},"172":{"start":{"line":332,"column":18},"end":{"line":365,"column":1}},"173":{"start":{"line":333,"column":4},"end":{"line":364,"column":5}},"174":{"start":{"line":334,"column":21},"end":{"line":334,"column":95}},"175":{"start":{"line":335,"column":8},"end":{"line":340,"column":9}},"176":{"start":{"line":336,"column":12},"end":{"line":339,"column":15}},"177":{"start":{"line":341,"column":28},"end":{"line":341,"column":106}},"178":{"start":{"line":342,"column":8},"end":{"line":347,"column":9}},"179":{"start":{"line":343,"column":12},"end":{"line":346,"column":15}},"180":{"start":{"line":348,"column":8},"end":{"line":354,"column":9}},"181":{"start":{"line":349,"column":12},"end":{"line":349,"column":111}},"182":{"start":{"line":350,"column":12},"end":{"line":353,"column":15}},"183":{"start":{"line":355,"column":8},"end":{"line":355,"column":107}},"184":{"start":{"line":356,"column":8},"end":{"line":356,"column":24}},"185":{"start":{"line":357,"column":8},"end":{"line":357,"column":15}},"186":{"start":{"line":360,"column":8},"end":{"line":363,"column":11}},"187":{"start":{"line":366,"column":0},"end":{"line":366,"column":30}},"188":{"start":{"line":367,"column":23},"end":{"line":380,"column":1}},"189":{"start":{"line":368,"column":17},"end":{"line":368,"column":95}},"190":{"start":{"line":369,"column":4},"end":{"line":372,"column":60}},"191":{"start":{"line":370,"column":8},"end":{"line":372,"column":60}},"192":{"start":{"line":373,"column":4},"end":{"line":377,"column":11}},"193":{"start":{"line":374,"column":8},"end":{"line":377,"column":11}},"194":{"start":{"line":378,"column":4},"end":{"line":378,"column":20}},"195":{"start":{"line":379,"column":4},"end":{"line":379,"column":18}},"196":{"start":{"line":381,"column":0},"end":{"line":381,"column":40}},"197":{"start":{"line":382,"column":22},"end":{"line":389,"column":1}},"198":{"start":{"line":383,"column":4},"end":{"line":387,"column":11}},"199":{"start":{"line":384,"column":8},"end":{"line":387,"column":11}},"200":{"start":{"line":388,"column":4},"end":{"line":388,"column":18}},"201":{"start":{"line":390,"column":0},"end":{"line":390,"column":38}},"202":{"start":{"line":391,"column":24},"end":{"line":398,"column":1}},"203":{"start":{"line":392,"column":4},"end":{"line":396,"column":11}},"204":{"start":{"line":393,"column":8},"end":{"line":396,"column":11}},"205":{"start":{"line":397,"column":4},"end":{"line":397,"column":18}},"206":{"start":{"line":399,"column":0},"end":{"line":399,"column":42}},"207":{"start":{"line":400,"column":20},"end":{"line":415,"column":1}},"208":{"start":{"line":401,"column":4},"end":{"line":414,"column":5}},"209":{"start":{"line":402,"column":21},"end":{"line":402,"column":83}},"210":{"start":{"line":403,"column":8},"end":{"line":405,"column":9}},"211":{"start":{"line":404,"column":12},"end":{"line":404,"column":168}},"212":{"start":{"line":406,"column":8},"end":{"line":406,"column":24}},"213":{"start":{"line":407,"column":8},"end":{"line":407,"column":22}},"214":{"start":{"line":410,"column":8},"end":{"line":413,"column":11}},"215":{"start":{"line":416,"column":0},"end":{"line":416,"column":34}},"216":{"start":{"line":417,"column":25},"end":{"line":433,"column":1}},"217":{"start":{"line":418,"column":4},"end":{"line":432,"column":5}},"218":{"start":{"line":419,"column":24},"end":{"line":419,"column":95}},"219":{"start":{"line":420,"column":8},"end":{"line":424,"column":15}},"220":{"start":{"line":421,"column":12},"end":{"line":424,"column":15}},"221":{"start":{"line":425,"column":8},"end":{"line":425,"column":22}},"222":{"start":{"line":428,"column":8},"end":{"line":431,"column":11}},"223":{"start":{"line":434,"column":0},"end":{"line":434,"column":44}},"224":{"start":{"line":435,"column":22},"end":{"line":452,"column":1}},"225":{"start":{"line":436,"column":19},"end":{"line":436,"column":55}},"226":{"start":{"line":437,"column":4},"end":{"line":442,"column":5}},"227":{"start":{"line":438,"column":8},"end":{"line":441,"column":11}},"228":{"start":{"line":443,"column":17},"end":{"line":443,"column":95}},"229":{"start":{"line":444,"column":4},"end":{"line":449,"column":5}},"230":{"start":{"line":445,"column":8},"end":{"line":448,"column":11}},"231":{"start":{"line":450,"column":4},"end":{"line":450,"column":20}},"232":{"start":{"line":451,"column":4},"end":{"line":451,"column":18}},"233":{"start":{"line":453,"column":0},"end":{"line":453,"column":38}},"234":{"start":{"line":454,"column":27},"end":{"line":471,"column":1}},"235":{"start":{"line":455,"column":4},"end":{"line":470,"column":5}},"236":{"start":{"line":456,"column":24},"end":{"line":456,"column":122}},"237":{"start":{"line":457,"column":8},"end":{"line":461,"column":15}},"238":{"start":{"line":458,"column":12},"end":{"line":461,"column":15}},"239":{"start":{"line":462,"column":8},"end":{"line":462,"column":30}},"240":{"start":{"line":463,"column":8},"end":{"line":463,"column":22}},"241":{"start":{"line":466,"column":8},"end":{"line":469,"column":11}},"242":{"start":{"line":472,"column":0},"end":{"line":472,"column":48}},"243":{"start":{"line":473,"column":20},"end":{"line":486,"column":1}},"244":{"start":{"line":474,"column":18},"end":{"line":476,"column":19}},"245":{"start":{"line":477,"column":17},"end":{"line":479,"column":19}},"246":{"start":{"line":480,"column":4},"end":{"line":484,"column":6}},"247":{"start":{"line":485,"column":4},"end":{"line":485,"column":11}},"248":{"start":{"line":487,"column":0},"end":{"line":487,"column":34}},"249":{"start":{"line":488,"column":25},"end":{"line":531,"column":1}},"250":{"start":{"line":489,"column":17},"end":{"line":489,"column":44}},"251":{"start":{"line":490,"column":21},"end":{"line":490,"column":52}},"252":{"start":{"line":491,"column":24},"end":{"line":491,"column":58}},"253":{"start":{"line":492,"column":21},"end":{"line":492,"column":52}},"254":{"start":{"line":493,"column":21},"end":{"line":493,"column":52}},"255":{"start":{"line":494,"column":24},"end":{"line":494,"column":37}},"256":{"start":{"line":495,"column":4},"end":{"line":500,"column":5}},"257":{"start":{"line":496,"column":8},"end":{"line":499,"column":11}},"258":{"start":{"line":501,"column":4},"end":{"line":506,"column":5}},"259":{"start":{"line":502,"column":8},"end":{"line":505,"column":11}},"260":{"start":{"line":507,"column":25},"end":{"line":507,"column":27}},"261":{"start":{"line":508,"column":4},"end":{"line":509,"column":77}},"262":{"start":{"line":509,"column":8},"end":{"line":509,"column":77}},"263":{"start":{"line":510,"column":4},"end":{"line":511,"column":40}},"264":{"start":{"line":511,"column":8},"end":{"line":511,"column":40}},"265":{"start":{"line":512,"column":4},"end":{"line":513,"column":91}},"266":{"start":{"line":513,"column":8},"end":{"line":513,"column":91}},"267":{"start":{"line":514,"column":4},"end":{"line":521,"column":5}},"268":{"start":{"line":515,"column":8},"end":{"line":520,"column":11}},"269":{"start":{"line":522,"column":4},"end":{"line":524,"column":5}},"270":{"start":{"line":523,"column":8},"end":{"line":523,"column":60}},"271":{"start":{"line":525,"column":4},"end":{"line":525,"column":43}},"272":{"start":{"line":526,"column":4},"end":{"line":528,"column":6}},"273":{"start":{"line":529,"column":4},"end":{"line":529,"column":34}},"274":{"start":{"line":530,"column":4},"end":{"line":530,"column":18}},"275":{"start":{"line":532,"column":0},"end":{"line":532,"column":44}},"276":{"start":{"line":533,"column":27},"end":{"line":549,"column":1}},"277":{"start":{"line":534,"column":4},"end":{"line":548,"column":5}},"278":{"start":{"line":535,"column":24},"end":{"line":535,"column":90}},"279":{"start":{"line":536,"column":8},"end":{"line":540,"column":9}},"280":{"start":{"line":537,"column":12},"end":{"line":539,"column":97}},"281":{"start":{"line":541,"column":8},"end":{"line":541,"column":15}},"282":{"start":{"line":544,"column":8},"end":{"line":547,"column":11}},"283":{"start":{"line":550,"column":0},"end":{"line":550,"column":48}},"284":{"start":{"line":551,"column":33},"end":{"line":568,"column":1}},"285":{"start":{"line":552,"column":4},"end":{"line":567,"column":5}},"286":{"start":{"line":553,"column":24},"end":{"line":553,"column":111}},"287":{"start":{"line":554,"column":8},"end":{"line":559,"column":9}},"288":{"start":{"line":555,"column":12},"end":{"line":558,"column":15}},"289":{"start":{"line":560,"column":8},"end":{"line":560,"column":15}},"290":{"start":{"line":563,"column":8},"end":{"line":566,"column":11}},"291":{"start":{"line":569,"column":0},"end":{"line":569,"column":60}},"292":{"start":{"line":570,"column":28},"end":{"line":586,"column":1}},"293":{"start":{"line":571,"column":4},"end":{"line":585,"column":5}},"294":{"start":{"line":572,"column":25},"end":{"line":572,"column":105}},"295":{"start":{"line":573,"column":8},"end":{"line":577,"column":9}},"296":{"start":{"line":574,"column":12},"end":{"line":576,"column":15}},"297":{"start":{"line":578,"column":8},"end":{"line":578,"column":15}},"298":{"start":{"line":581,"column":8},"end":{"line":584,"column":11}},"299":{"start":{"line":587,"column":0},"end":{"line":587,"column":50}},"300":{"start":{"line":588,"column":32},"end":{"line":604,"column":1}},"301":{"start":{"line":589,"column":4},"end":{"line":603,"column":5}},"302":{"start":{"line":590,"column":24},"end":{"line":590,"column":111}},"303":{"start":{"line":591,"column":8},"end":{"line":595,"column":9}},"304":{"start":{"line":592,"column":12},"end":{"line":594,"column":15}},"305":{"start":{"line":596,"column":8},"end":{"line":596,"column":15}},"306":{"start":{"line":599,"column":8},"end":{"line":602,"column":11}},"307":{"start":{"line":605,"column":0},"end":{"line":605,"column":58}}},"fnMap":{"0":{"name":"(anonymous_0)","decl":{"start":{"line":2,"column":56},"end":{"line":2,"column":57}},"loc":{"start":{"line":2,"column":71},"end":{"line":4,"column":1}},"line":2},"1":{"name":"(anonymous_1)","decl":{"start":{"line":19,"column":19},"end":{"line":19,"column":20}},"loc":{"start":{"line":19,"column":31},"end":{"line":34,"column":1}},"line":19},"2":{"name":"(anonymous_2)","decl":{"start":{"lin
[...]
AL_SERVER_ERROR,\n      error: error.message,\n    });\n  }\n};\n\nconst buyerClearCart = async (req: ExtendRequest, res: Response) => {\n  try {\n    await cartRepositories.deleteAllCartProducts(req.cart.id);\n\n    await cartRepositories.deleteCartById(req.cart.id);\n\n    res\n      .status(httpStatus.OK)\n      .json({status:httpStatus.OK, message: \"All products in cart cleared successfully!\" });\n  } catch (error) {\n    return res.status(httpStatus.INTERNAL_SERVER_ERROR).json({\n      status: httpStatus.INTERNAL_SERVER_ERROR,\n      error: error.message\n    });\n  }\n};\n\nconst buyerClearCarts = async (req: ExtendRequest, res: Response) => {\n  try {\n    for (const cart of req.carts) {\n      await cartRepositories.deleteAllCartProducts(cart.id);\n    }\n\n    await cartRepositories.deleteAllUserCarts(req.user.id);\n\n    res\n      .status(httpStatus.OK)\n      .json({status:httpStatus.OK, message: \"All carts cleared successfully!\" });\n  } catch (error) {\n    return res.status(httpStatus.INTERNAL_SERVER_ERROR).json({\n      status: httpStatus.INTERNAL_SERVER_ERROR,\n      error: error.message\n    });\n  }\n};\n\nconst buyerCheckout = async (req: ExtendRequest, res: Response) => {\n  try {\n    const cart = req.cart\n    let totalAmount = 0;\n    cart.cartProducts.forEach(product => {\n      totalAmount += product.totalPrice; \n    });\n\n    return res.status(httpStatus.OK).json({\n      status: httpStatus.OK,\n      data: { totalAmount,cart }\n    });\n  } catch (error) {\n    res.status(httpStatus.INTERNAL_SERVER_ERROR).json({ \n      status: httpStatus.INTERNAL_SERVER_ERROR,\n      error: error.message \n    });\n  }\n};\nconst stripe = new Stripe(process.env.STRIPE_SECRET);\n const checkout = async (req: ExtendRequest, res: Response) => {\n    try {\n        const { id } = req.user;\n        const cart: any = await cartRepositories.findCartIdbyUserId(id);\n        const products: any[] = await cartRepositories.findCartProductByCartId(cart.id);\n\n        const line_items: any[] = [];\n        const shopIds: any[] = [];\n        const productIds: any[] = [];\n\n        await Promise.all(products.map(async (item) => {\n            const productDetails = await cartRepositories.findProductById(item.productId);\n            line_items.push({\n                price_data: {\n                    currency: \"usd\",\n                    product_data: {\n                        name: productDetails.name,\n                        images: [productDetails.images[0]]\n                    },\n                    unit_amount: Math.round(item.price * 100)\n                },\n                quantity: item.quantity\n            });\n            shopIds.push(productDetails.shopId);\n            productIds.push(item.productId);  \n            \n        }));\n        const session = await stripe.checkout.sessions.create({\n            line_items,\n            mode: \"payment\",\n            success_url: process.env.SERVER_URL_SUCCESS,\n            cancel_url: process.env.SERVER_URL_CANCEL,\n            metadata: {\n                cartId: cart.id.toString(),\n                shopIds: JSON.stringify(shopIds),\n                productIds: JSON.stringify(productIds) \n            }\n        });\n        res.status(200).json({ payment_url: session.url });\n    } catch (error: any) {\n        res.status(500).json({ message: error.message });\n    }\n};\nconst webhook = async (req: Request, res: Response) => {\n    const sign = req.headers[\"stripe-signature\"] as string;\n    const webhookSecret: string = process.env.WEBHOOK_SECRET;\n    let event;\n    try {\n        try {\n            event = stripe.webhooks.constructEvent(req.body, sign, webhookSecret);\n          } catch (err) {\n            console.error(\"Webhook signature verification failed.\", err.message);\n          }\n          const session = event.data.object;\n        switch (event.type) {\n            case \"checkout.session.completed\":\n                try {\n                    const lineItems = await stripe.checkout.sessions.listLineItems(session.id);\n                    const shopIds = JSON.parse(session.metadata.shopIds);\n                    const productIds = JSON.parse(session.metadata.productIds); \n                    const cartId = session.metadata.cartId;\n                    const paymentMethodId = session.payment_intent; \n                    const order = await cartRepositories.saveOrder(lineItems.data, shopIds, productIds, session, cartId,paymentMethodId);\n                    return res.status(httpStatus.CREATED).json({ status: httpStatus.CREATED,message:\"Order created successfully,\", data: {order}})\n                } catch (err) {\n                    return res.status(httpStatus.INTERNAL_SERVER_ERROR).json({ status: httpStatus.INTERNAL_SERVER_ERROR, message: err.message })\n                }\n                break;\n            case \"payment_intent.succeeded\":\n                return res.status(httpStatus.OK).json({ status: httpStatus.CREATED,message:\"Order saved successfully\", data:session})\n                break;\n            case \"payment_method.attached\":\n                break;\n            default:\n                return res.status(httpStatus.BAD_REQUEST).json({ status: httpStatus.BAD_REQUEST, message:\"Error: Unknow error occured\"})\n        }\n        res.json({ received: true });\n    } catch (error: any) {\n        return res.status(400).send(`Webhook Error: ${error.message}`);\n    }\n};\n\nexport {\n  buyerGetCart,\n  buyerGetCarts,\n  buyerClearCart,\n  buyerClearCarts,\n  buyerCreateUpdateCart,\n  buyerClearCartProduct,\n  buyerCheckout,\n  checkout,\n  webhook\n};"]},"_coverageSchema":"1a1c01bbd47fc00a2c39e90264f33305004495a9","hash":"4f76bd1d44f6015216e9eaa42b4f1ba891208c2c"},"D:\\Project\\Project\\e-commerce-ninjas-bn\\src\\enums\\index.ts":{"path":"D:\\Project\\Project\\e-commerce-ninjas-bn\\src\\enums\\index.ts","statementMap":{"0":{"start":{"line":2,"column":0},"end":{"line":2,"column":62}},"1":{"start":{"line":3,"column":0},"end":{"line":3,"column":32}},"2":{"start":{"line":6,"column":0},"end":{"line":9,"column":69}},"3":{"start":{"line":7,"column":4},"end":{"line":7,"column":42}},"4":{"start":{"line":8,"column":4},"end":{"line":8,"column":46}}},"fnMap":{"0":{"name":"(anonymous_0)","decl":{"start":{"line":6,"column":1},"end":{"line":6,"column":2}},"loc":{"start":{"line":6,"column":27},"end":{"line":9,"column":1}},"line":6}},"branchMap":{"0":{"loc":{"start":{"line":9,"column":3},"end":{"line":9,"column":67}},"type":"binary-expr","locations":[{"start":{"line":9,"column":3},"end":{"line":9,"column":17}},{"start":{"line":9,"column":22},"end":{"line":9,"column":66}}],"line":9}},"s":{"0":1,"1":1,"2":1,"3":1,"4":1},"f":{"0":1},"b":{"0":[1,1]},"inputSourceMap":{"version":3,"file":"D:/Project/Project/e-commerce-ninjas-bn/src/enums/index.ts","sources":["D:/Project/Project/e-commerce-ninjas-bn/src/enums/index.ts"],"names":[],"mappings":";;;AAAA,qCAAqC;AACrC,IAAY,cAGX;AAHD,WAAY,cAAc;IACtB,qCAAiB,CAAA;IACjB,yCAAqB,CAAA;AACzB,CAAC,EAHW,cAAc,8BAAd,cAAc,QAGzB","sourcesContent":["// eslint-disable-next-line no-shadow\nexport enum cartStatusEnum{\n    PENDING=\"pending\",\n    COMPLETED=\"completed\"\n}"]},"_coverageSchema":"1a1c01bbd47fc00a2c39e90264f33305004495a9","hash":"8532c35441485521cbc681dcf83ab08ab563ff3d"},"D:\\Project\\Project\\e-commerce-ninjas-bn\\src\\modules\\cart\\validation\\cartValidations.ts":{"path":"D:\\Project\\Project\\e-commerce-ninjas-bn\\src\\modules\\cart\\validation\\cartValidations.ts","statementMap":{"0":{"start":{"line":2,"column":22},"end":{"line":4,"column":1}},"1":{"start":{"line":3,"column":4},"end":{"line":3,"column":62}},"2":{"start":{"line":5,"column":0},"end":{"line":5,"column":62}},"3":{"start":{"line":6,"column":0},"end":{"line":6,"column":60}},"4":{"start":{"line":8,"column":14},"end":{"line":8,"column":45}},"5":{"start":{"line":9,"column":20},"end":{"line":9,"column":84}},"6":{"start":{"line":10,"column":19},"end":{"line":19,"column":2}},"7":{"start":{"line":20,"column":0},"end":{"line":20,"column":32}},"8":{"start":{"line":21,"column":30},"end":{"line":23,"column":2}},"9":{"start":{"line":24,"column":0},"end":{"line":24,"column":54}}},"fnMap":{"0":{"name":"(anonymous_0)","decl":{"start":{"line":2,"column":56},"end":{"line":2,"column":57}},"loc":{"start":{"line":2,"column":71},"end":{"line":4,"column":1}},"line":2}},"branchMap":{"0":{"loc":{"start":{"line":2,"column":22},"end":{"line":4,"column":1}},"type":"binary-expr","locations":[{"start":{"line":2,"column":23},"end":{"line":2,"column":27}},{"start":{"line":2,"column":31},"end":{"line":2,"column":51}},{"start":{"line":2,"column":56},"end":{"line":4,"column":1}}],"line":2},"1":{"loc":{"start":{"line":3,"column":11},"end":{"line":3,"column":61}},"type":"cond-expr","locations":[{"start":{"line":3,"column":37},"end":{"line":3,"column":40}},{"start":{"line":3,"column":43},"end":{"line":3,"column":61}}],"line":3},"2":{"loc":{"start":{"line":3,"column":12},"end":{"line":3,"column":33}},"type":"binary-expr","locations":[{"start":{"line":3,"column":12},"end":{"line":3,"column":15}},{"start":{"line":3,"column":19},"end":{"line":3,"column":33}}],"line":3}},"s":{"0":1,"1":1,"2":1,"3":1,"4":1,"5":1,"6":1,"7":1,"8":1,"9":1},"f":{"0":1},"b":{"0":[1,1,1],"1":[0,1],"2":[1,1]},"inputSourceMap":{"version":3,"file":"D:/Project/Project/e-commerce-ninjas-bn/src/modules/cart/validation/cartValidations.ts","sources":["D:/Project/Project/e-commerce-ninjas-bn/src/modules/cart/validation/cartValidations.ts"],"names":[],"mappings":";;;;;;AAAA,iCAAiC;AACjC,8CAAsB;AAEtB,MAAM,WAAW,GAAG,gEAAgE,CAAC;AAErF,MAAM,UAAU,GAAG,aAAG,CAAC,MAAM,CAAC;IAC1B,SAAS,EAAE,aAAG,CAAC,MAAM,EAAE,CAAC,OAAO,CAAC,WAAW,CAAC,CAAC,QAAQ,EAAE,CAAC,QAAQ,CAAC;QAC7D,qBAAqB,EAAE,gCAAgC;QACvD,cAAc,EAAE,uBAAuB;KAC1C,CAAC;IACF,QAAQ,EAAE,aAAG,CAAC,MAAM,EAAE,CAAC,QAAQ,EAAE,CAAC,QAAQ,CAAC;QACvC,aAAa,EAAE,2BAA2B;QAC1C,cAAc,EAAE,sBAAsB;KACzC,CAAC;CACL,CAAC,CAAC;AAKC,gCAAU;AAJd,MAAM,qBAAqB,GAAG,aAAG,CAAC,MAAM,CAAC;IACrC,MAAM,EAAE,aAAG,CAAC,MAAM,EAAE,CAAC,QAAQ,EAAE;CAClC,CAAC,CAAA;AAGE,sDAAqB","sourcesContent":["/* eslint-disable comma-dangle */\nimport Joi from \"joi\";\n\nconst uuidPattern = /^[0-9a-f]{8}-[0-9a-f]{4}-[0-9a-f]{4}-[0-9a-f]{4}-[0-9a-f]{12}$/;\n\nconst cartSchema = Joi.object({\n    productId: Joi.string().pattern(uuidPattern).required().messages({\n        \"string.pattern.base\": \"productId must be a valid UUID\",\n        \"string.empty\": \"productId is required\"\n    }),\n    quantity: Joi.number().required().messages({\n        \"number.base\": \"quantity must be a number\",\n        \"any.required\": \"quantity is required\"\n    })\n});\nconst paymentCheckoutSchema = Joi.object({\n    cartId: Joi.string().required()\n})\nexport {\n    cartSchema,\n    paymentCheckoutSchema\n}"]},"_coverageSchema":"1a1c01bbd47fc00a2c39e90264f33305004495a9","hash":"b836cf2792f18a8718200fb97cad7db44d9e889b"},"D:\\Project\\Project\\e-commerce-ninjas-bn\\src\\helpers\\updateExpiredProducts.ts":{"path":"D:\\Project\\Project\\e-commerce-ninjas-bn\\src\\helpers\\updateExpiredProducts.ts","statementMap":{"0":{"start":{"line":2,"column":22},"end":{"line":4,"column":1}},"1":{"start":{"line":3,"column":4},"end":{"line":3,"column":62}},"2":{"start":{"line":5,"column":0},"end":{"line":5,"column":62}},"3":{"start":{"line":6,"column":19},"end":{"line":6,"column":75}},"4":{"start":{"line":7,"column":20},"end":{"line":7,"column":40}},"5":{"start":{"line":8,"column":20},"end":{"line":8,"column":52}},"6":{"start":{"line":9,"column":16},"end":{"line":9,"column":69}},"7":{"start":{"line":10,"column":16},"end":{"line":10,"column":69}},"8":{"start":{"line":11,"column":30},"end":{"line":64,"column":1}},"9":{"start":{"line":12,"column":4},"end":{"line":63,"column":5}},"10":{"start":{"line":13,"column":32},"end":{"line":19,"column":10}},"11":{"start":{"line":20,"column":8},"end":{"line":25,"column":9}},"12":{"start":{"line":21,"column":12},"end":{"line":24,"column":15}},"13":{"start":{"line":26,"column":24},"end":{"line":26,"column":72}},"14":{"start":{"line":26,"column":57},"end":{"line":26,"column":71}},"15":{"start":{"line":27,"column":22},"end":{"line":34,"column":10}},"16":{"start":{"line":35,"column":24},"end":{"line":35,"column":56}},"17":{"start":{"line":35,"column":44},"end":{"line":35,"column":55}},"18":{"start":{"line":36,"column":22},"end":{"line":43,"column":10}},"19":{"start":{"line":44,"column":24},"end":{"line":44,"column":26}},"20":{"start":{"line":45,"column":8},"end":{"line":50,"column":11}},"21":{"start":{"line":46,"column":12},"end":{"line":49,"column":14}},"22":{"start":{"line":51,"column":8},"end":{"line":59,"column":9}},"23":{"start":{"line":52,"column":29},"end":{"line":52,"column":77}},"24":{"start":{"line":52,"column":50},"end":{"line":52,"column":76}},"25":{"start":{"line":53,"column":12},"end":{"line":58,"column":13}},"26":{"start":{"line":54,"column":29},"end":{"line":54,"column":53}},"27":{"start":{"line":55,"column":16},"end":{"line":57,"column":17}},"28":{"start":{"line":56,"column":20},"end":{"line":56,"column":176}},"29":{"start":{"line":62,"column":8},"end":{"line":62,"column":73}},"30":{"start":{"line":65,"column":0},"end":{"line":65,"column":40}}},"fnMap":{"0":{"name":"(anonymous_0)","decl":{"start":{"line":2,"column":56},"end":{"line":2,"column":57}},"loc":{"start":{"line":2,"column":71},"end":{"line":4,"column":1}},"line":2},"1":{"name":"(anonymous_1)","decl":{"start":{"line":11,"column":30},"end":{"line":11,"column":31}},"loc":{"start":{"line":11,"column":42},"end":{"line":64,"column":1}},"line":11},"2":{"name":"(anonymous_2)","decl":{"start":{"line":26,"column":44},"end":{"line":26,"column":45}},"loc":{"start":{"line":26,"column":57},"end":{"line":26,"column":71}},"line":26},"3":{"name":"(anonymous_3)","decl":{"start":{"line":35,"column":34},"end":{"line":35,"column":35}},"loc":{"start":{"line":35,"column":44},"end":{"line":35,"column":55}},"line":35},"4":{"name":"(anonymous_4)","decl":{"start":{"line":45,"column":22},"end":{"line":45,"column":23}},"loc":{"start":{"line":45,"column":32},"end":{"line":50,"column":9}},"line":45},"5":{"name":"(anonymous_5)","decl":{"start":{"line":52,"column":40},"end":{"line":52,"column":41}},"loc":{"start":{"line":52,"column":50},"end":{"line":52,"column":76}},"line":52}},"branchMap":{"0":{"loc":{"start":{"line":2,"column":22},"end":{"line":4,"column":1}},"type":"binary-expr","locations":[{"start":{"line":2,"column":23},"end":{"line":2,"column":27}},{"start":{"line":2,"column":31},"end":{"line":2,"column":51}},{"start":{"line":2,"column":56},"end":{"line":4,"column":1}}],"line":2},"1":{"loc":{"start":{"line":3,"column":11},"end":{"line":3,"column":61}},"type":"cond-expr","locations":[{"start":{"line":3,"column":37},"end":{"line":3,"column":40}},{"start":{"line":3,"column":43},"end":{"line":3,"column":61}}],"line":3},"2":{"loc":{"start":{"line":3,"column":12},"end":{"line":3,"column":33}},"type":"binary-expr","locations":[{"start":{"line":3,"column":12},"end":{"line":3,"column":15}},{"start":{"line":3,"column":19},"end":{"line":3,"column":33}}],"line":3},"3":{"loc":{"start":{"line":53,"column":12},"end":{"line":58,"column":13}},"type":"if","locations":[{"start":{"line":53,"column":12},"end":{"line":58,"column":13}},{"start":{"line":53,"column":12},"end":{"line":58,"column":13}}],"line":53},"4":{"loc":{"start":{"line":55,"column":16},"end":{"line":57,"column":17}},"type":"if","locations":[{"start":{"line":55,"column":16},"end":{"line":57,"column":17}},{"start":{"line":55,"column":16},"end":{"line":57,"column":17}}],"line":55}},"s":{"0":1,"1":3,"2":1,"3":1,"4":1,"5":1,"6":1,"7":1,"8":1,"9":2,"10":2,"11":1,"12":2,"13":1,"14":2,"15":1,"16":1,"17":2,"18":1,"19":1,"20":1,"21":2,"22":1,"23":1,"24":1,"25":1,"26":1,"27":1,"28":1,"29":2,"30":1},"f":{"0":3,"1":2,"2":2,"3":2,"4":2,"5":1},"b":{"0":[1,1,1],"1":[3,0],"2":[3,3],"3":[1,0],"4":[1,0]},"inputSourceMap":{"version":3,"file":"D:/Project/Project/e-commerce-ninjas-bn/src/helpers/updateExpiredProducts.ts","sources":["D:/Project/Project/e-commerce-ninjas-bn/src/helpers/updateExpiredProducts.ts"],"names":[],"mappings":";;;;;AAAA,4EAAmD;AACnD,yCAA+B;AAC/B,qDAAkD;AAClD,sEAA6C;AAC7C,sEAA6C;AAE7C,MAAM,qBAAqB,GAAG,KAAK,IAAI,EAAE;IACvC,IAAI,CAAC;QACH,MAAM,eAAe,GAAG,MAAM,kBAAO,CAAC,OAAO,CAAC;YAC5C,KAAK,EAAE;gBACL,UAAU,EAAE,EAAE,CAAC,cAAE,CAAC,EAAE,CAAC,EAAE,IAAI,IAAI,EAAE,EAAE;gBACnC,OAAO,EAAE,KAAK;aACf;YACD,UAAU,EAAE,CAAC,IAAI,EAAE,QAAQ,EAAE,MAAM,CAAC;SACrC,CAAC,CAAC;QAEH,KAAK,MAAM,OAAO,IAAI,eAAe,EAAE,CAAC;YACtC,MAAM,OAAO,CAAC,MAAM,CAAC;gBACnB,OAAO,EAAE,IAAI;gBACb,MAAM,EAAE,aAAa;aACtB,CAAC,CAAC;QACL,CAAC;QAED,MAAM,OAAO,GAAG,eAAe,CAAC,GAAG,CAAC,CAAC,OAAO,EAAE,EAAE,CAAC,OAAO,CAAC,MAAM,CAAC,CAAC;QACjE,MAAM,KAAK,GAAG,MAAM,eAAI,CAAC,OAAO,CAAC;YAC/B,KAAK,EAAE;gBACL,EAAE,EAAE;oBACF,CAAC,cAAE,CAAC,EAAE,CAAC,EAAE,OAAO;iBACjB;aACF;YACD,UAAU,EAAE,CAAC,IAAI,EAAE,QAAQ,CAAC;SAC7B,CAAC,CAAC;QAEH,MAAM,OAAO,GAAG,KAAK,CAAC,GAAG,CAAC,CAAC,IAAI,EAAE,EAAE,CAAC,IAAI,CAAC,MAAM,CAAC,CAAC;QAEjD,MAAM,KAAK,GAAG,MAAM,eAAI,CAAC,OAAO,CAAC;YAC/B,KAAK,EAAE;gBACL,EAAE,EAAE;oBACF,CAAC,cAAE,CAAC,EAAE,CAAC,EAAE,OAAO;iBACjB;aACF;YACD,UAAU,EAAE,CAAC,IAAI,EAAE,OAAO,EAAE,WAAW,CAAC;SACzC,CAAC,CAAC;QAEH,MAAM,OAAO,GAAG,EAAE,CAAC;QACnB,KAAK,CAAC,OAAO,CAAC,CAAC,IAAI,EAAE,EAAE;YACrB,OAAO,CAAC,IAAI,CAAC,EAAE,CAAC,GAAG;gBACjB,KAAK,EAAE,IAAI,CAAC,KAAK;gBACjB,SAAS,EAAE,IAAI,CAAC,SAAS;aAC1B,CAAC;QACJ,CAAC,CAAC,CAAC;QAEH,KAAK,MAAM,OAAO,IAAI,eAAe,EAAE,CAAC;YACtC,MAAM,QAAQ,GAAG,KAAK,CAAC,IAAI,CAAC,CAAC,IAAI,EAAE,EAAE,CAAC,IAAI,CAAC,EAAE,KAAK,OAAO,CAAC,MAAM,CAAC,CAAC;YAClE,IAAI,QAAQ,EAAE,CAAC;gBACb,MAAM,IAAI,GAAG,OAAO,CAAC,QAAQ,CAAC,MAAM,CAAC,CAAC;gBACtC,IAAI,IAAI,EAAE,CAAC;oBACT,MAAM,IAAA,qBAAS,EACb,IAAI,CAAC,KAAK,EACV,iBAAiB,EACjB,QAAQ,IAAI,CAAC,SAAS,kBAAkB,OAAO,CAAC,IAAI,sCAAsC,CAC3F,CAAC;gBACJ,CAAC;YACH,CAAC;QACH,CAAC;IACH,CAAC;IAAC,OAAO,KAAK,EAAE,CAAC;QACf,OAAO,CAAC,KAAK,CAAC,kCAAkC,EAAE,KAAK,CAAC,OAAO,CAAC,CAAC;IACnE,CAAC;AACH,CAAC,CAAC;AAEF,kBAAe,qBAAqB,CAAC","sourcesContent":["import Product from \"../databases/models/products\";\nimport { Op } from \"sequelize\";\nimport { sendEmail } from \"../services/sendEmail\";\nimport Shop from \"../databases/models/shops\";\nimport User from \"../databases/models/users\";\n\nconst updateExpiredProducts = async () => {\n  try {\n    const expiredProducts = await Product.findAll({\n      where: {\n        expiryDate: { [Op.lt]: new Date() },\n        expired: false\n      },\n      attributes: [\"id\", \"shopId\", \"name\"]\n    });\n\n    for (const product of expiredProducts) {\n      await product.update({\n        expired: true,\n        status: \"unavailable\"\n      });\n    }\n\n    const shopIds = expiredProducts.map((product) => product.shopId);\n    const shops = await Shop.findAll({\n      where: {\n        id: {\n          [Op.in]: shopIds\n        }\n      },\n      attributes: [\"id\", \"userId\"]\n    });\n\n    const userIds = shops.map((shop) => shop.userId);\n\n    const users = await User.findAll({\n      where: {\n        id: {\n          [Op.in]: userIds\n        }\n      },\n      attributes: [\"id\", \"email\", \"firstName\"]\n    });\n\n    const userMap = {};\n    users.forEach((user) => {\n      userMap[user.id] = {\n        email: user.email,\n        firstName: user.firstName\n      };\n    });\n\n    for (const product of expiredProducts) {\n      const UserShop = shops.find((shop) => shop.id === product.shopId);\n      if (UserShop) {\n        const user = userMap[UserShop.userId];\n        if (user) {\n          await sendEmail(\n            user.email,\n            \"Product Expired\",\n            `Dear ${user.firstName}, your product ${product.name} has expired and now is unavailable.`\n          );\n        }\n      }\n    }\n  } catch (error) {\n    console.error(\"Error updating expired products:\", error.message);\n  }\n};\n\nexport default updateExpiredProducts;\n"]},"_coverageSchema":"1a1c01bbd47fc00a2c39e90264f33305004495a9","hash":"1a8e7f22bcef25b8d20308259a7fb7f7c76852b9"}}