{"D:\\Project\\Project\\e-commerce-ninjas-bn\\src\\enums\\index.ts":{"path":"D:\\Project\\Project\\e-commerce-ninjas-bn\\src\\enums\\index.ts","statementMap":{},"fnMap":{},"branchMap":{},"s":{},"f":{},"b":{},"all":true},"D:\\Project\\Project\\e-commerce-ninjas-bn\\src\\helpers\\index.ts":{"path":"D:\\Project\\Project\\e-commerce-ninjas-bn\\src\\helpers\\index.ts","statementMap":{"0":{"start":{"line":6,"column":0},"end":{"line":6,"column":13}},"1":{"start":{"line":8,"column":23},"end":{"line":10,"column":3}},"2":{"start":{"line":9,"column":4},"end":{"line":9,"column":52}},"3":{"start":{"line":12,"column":22},"end":{"line":15,"column":3}},"4":{"start":{"line":13,"column":4},"end":{"line":14,"column":5}},"5":{"start":{"line":17,"column":26},"end":{"line":19,"column":1}},"6":{"start":{"line":18,"column":4},"end":{"line":18,"column":58}},"7":{"start":{"line":21,"column":21},"end":{"line":23,"column":1}},"8":{"start":{"line":22,"column":2},"end":{"line":22,"column":39}},"9":{"start":{"line":25,"column":27},"end":{"line":27,"column":1}},"10":{"start":{"line":26,"column":2},"end":{"line":26,"column":64}},"11":{"start":{"line":29,"column":20},"end":{"line":33,"column":1}},"12":{"start":{"line":30,"column":14},"end":{"line":30,"column":34}},"13":{"start":{"line":31,"column":25},"end":{"line":31,"column":61}},"14":{"start":{"line":32,"column":2},"end":{"line":32,"column":33}}},"fnMap":{"0":{"name":"(anonymous_0)","decl":{"start":{"line":8,"column":23},"end":{"line":8,"column":24}},"loc":{"start":{"line":8,"column":39},"end":{"line":10,"column":3}},"line":8},"1":{"name":"(anonymous_1)","decl":{"start":{"line":12,"column":22},"end":{"line":12,"column":23}},"loc":{"start":{"line":12,"column":41},"end":{"line":15,"column":3}},"line":12},"2":{"name":"(anonymous_2)","decl":{"start":{"line":17,"column":26},"end":{"line":17,"column":27}},"loc":{"start":{"line":17,"column":77},"end":{"line":19,"column":1}},"line":17},"3":{"name":"(anonymous_3)","decl":{"start":{"line":21,"column":21},"end":{"line":21,"column":22}},"loc":{"start":{"line":21,"column":41},"end":{"line":23,"column":1}},"line":21},"4":{"name":"(anonymous_4)","decl":{"start":{"line":25,"column":27},"end":{"line":25,"column":28}},"loc":{"start":{"line":25,"column":41},"end":{"line":27,"column":1}},"line":25},"5":{"name":"(anonymous_5)","decl":{"start":{"line":29,"column":20},"end":{"line":29,"column":21}},"loc":{"start":{"line":29,"column":26},"end":{"line":33,"column":1}},"line":29}},"branchMap":{},"s":{"0":0,"1":0,"2":0,"3":0,"4":0,"5":0,"6":0,"7":0,"8":0,"9":0,"10":0,"11":0,"12":0,"13":0,"14":0},"f":{"0":0,"1":0,"2":0,"3":0,"4":0,"5":0},"b":{},"all":true},"D:\\Project\\Project\\e-commerce-ninjas-bn\\src\\helpers\\multer.ts":{"path":"D:\\Project\\Project\\e-commerce-ninjas-bn\\src\\helpers\\multer.ts","statementMap":{"0":{"start":{"line":6,"column":26},"end":{"line":12,"column":1}},"1":{"start":{"line":7,"column":14},"end":{"line":7,"column":59}},"2":{"start":{"line":8,"column":2},"end":{"line":10,"column":3}},"3":{"start":{"line":9,"column":4},"end":{"line":9,"column":52}},"4":{"start":{"line":11,"column":2},"end":{"line":11,"column":17}},"5":{"start":{"line":14,"column":16},"end":{"line":14,"column":38}},"6":{"start":{"line":16,"column":21},"end":{"line":19,"column":2}}},"fnMap":{"0":{"name":"(anonymous_0)","decl":{"start":{"line":6,"column":26},"end":{"line":6,"column":27}},"loc":{"start":{"line":6,"column":75},"end":{"line":12,"column":1}},"line":6}},"branchMap":{"0":{"loc":{"start":{"line":8,"column":2},"end":{"line":10,"column":3}},"type":"if","locations":[{"start":{"line":8,"column":2},"end":{"line":10,"column":3}},{"start":{"line":8,"column":2},"end":{"line":10,"column":3}}],"line":8},"1":{"loc":{"start":{"line":8,"column":6},"end":{"line":8,"column":57}},"type":"binary-expr","locations":[{"start":{"line":8,"column":6},"end":{"line":8,"column":20}},{"start":{"line":8,"column":24},"end":{"line":8,"column":38}},{"start":{"line":8,"column":42},"end":{"line":8,"column":57}}],"line":8}},"s":{"0":0,"1":0,"2":0,"3":0,"4":0,"5":0,"6":0},"f":{"0":0},"b":{"0":[0,0],"1":[0,0,0]},"all":true},"D:\\Project\\Project\\e-commerce-ninjas-bn\\src\\helpers\\passwordExpiryNotifications.ts":{"path":"D:\\Project\\Project\\e-commerce-ninjas-bn\\src\\helpers\\passwordExpiryNotifications.ts","statementMap":{"0":{"start":{"line":5,"column":36},"end":{"line":5,"column":89}},"1":{"start":{"line":6,"column":28},"end":{"line":6,"column":30}},"2":{"start":{"line":7,"column":29},"end":{"line":7,"column":30}},"3":{"start":{"line":8,"column":40},"end":{"line":8,"column":41}},"4":{"start":{"line":9,"column":27},"end":{"line":9,"column":83}},"5":{"start":{"line":11,"column":24},"end":{"line":15,"column":1}},"6":{"start":{"line":12,"column":17},"end":{"line":12,"column":31}},"7":{"start":{"line":13,"column":2},"end":{"line":13,"column":51}},"8":{"start":{"line":14,"column":2},"end":{"line":14,"column":16}},"9":{"start":{"line":17,"column":22},"end":{"line":22,"column":1}},"10":{"start":{"line":18,"column":2},"end":{"line":20,"column":3}},"11":{"start":{"line":19,"column":4},"end":{"line":19,"column":30}},"12":{"start":{"line":21,"column":2},"end":{"line":21,"column":16}},"13":{"start":{"line":24,"column":40},"end":{"line":103,"column":1}},"14":{"start":{"line":25,"column":14},"end":{"line":25,"column":24}},"15":{"start":{"line":27,"column":2},"end":{"line":102,"column":3}},"16":{"start":{"line":28,"column":34},"end":{"line":39,"column":6}},"17":{"start":{"line":41,"column":4},"end":{"line":49,"column":5}},"18":{"start":{"line":42,"column":25},"end":{"line":42,"column":53}},"19":{"start":{"line":43,"column":27},"end":{"line":43,"column":228}},"20":{"start":{"line":44,"column":6},"end":{"line":48,"column":10}},"21":{"start":{"line":47,"column":10},"end":{"line":47,"column":90}},"22":{"start":{"line":51,"column":35},"end":{"line":62,"column":6}},"23":{"start":{"line":64,"column":4},"end":{"line":72,"column":5}},"24":{"start":{"line":65,"column":25},"end":{"line":65,"column":53}},"25":{"start":{"line":66,"column":27},"end":{"line":66,"column":227}},"26":{"start":{"line":67,"column":6},"end":{"line":71,"column":10}},"27":{"start":{"line":70,"column":10},"end":{"line":70,"column":89}},"28":{"start":{"line":74,"column":33},"end":{"line":85,"column":6}},"29":{"start":{"line":87,"column":4},"end":{"line":95,"column":5}},"30":{"start":{"line":88,"column":25},"end":{"line":88,"column":53}},"31":{"start":{"line":89,"column":27},"end":{"line":89,"column":214}},"32":{"start":{"line":90,"column":6},"end":{"line":94,"column":10}},"33":{"start":{"line":93,"column":10},"end":{"line":93,"column":90}},"34":{"start":{"line":101,"column":4},"end":{"line":101,"column":64}}},"fnMap":{"0":{"name":"(anonymous_0)","decl":{"start":{"line":11,"column":24},"end":{"line":11,"column":25}},"loc":{"start":{"line":11,"column":57},"end":{"line":15,"column":1}},"line":11},"1":{"name":"(anonymous_1)","decl":{"start":{"line":17,"column":22},"end":{"line":17,"column":23}},"loc":{"start":{"line":17,"column":59},"end":{"line":22,"column":1}},"line":17},"2":{"name":"(anonymous_2)","decl":{"start":{"line":24,"column":40},"end":{"line":24,"column":41}},"loc":{"start":{"line":24,"column":52},"end":{"line":103,"column":1}},"line":24},"3":{"name":"(anonymous_3)","decl":{"start":{"line":46,"column":15},"end":{"line":46,"column":16}},"loc":{"start":{"line":47,"column":10},"end":{"line":47,"column":90}},"line":47},"4":{"name":"(anonymous_4)","decl":{"start":{"line":69,"column":15},"end":{"line":69,"column":16}},"loc":{"start":{"line":70,"column":10},"end":{"line":70,"column":89}},"line":70},"5":{"name":"(anonymous_5)","decl":{"start":{"line":92,"column":15},"end":{"line":92,"column":16}},"loc":{"start":{"line":93,"column":10},"end":{"line":93,"column":90}},"line":93}},"branchMap":{"0":{"loc":{"start":{"line":5,"column":36},"end":{"line":5,"column":89}},"type":"binary-expr","locations":[{"start":{"line":5,"column":36},"end":{"line":5,"column":83}},{"start":{"line":5,"column":87},"end":{"line":5,"column":89}}],"line":5},"1":{"loc":{"start":{"line":18,"column":2},"end":{"line":20,"column":3}},"type":"if","locations":[{"start":{"line":18,"column":2},"end":{"line":20,"column":3}},{"start":{"line":18,"column":2},"end":{"line":20,"column":3}}],"line":18}},"s":{"0":0,"1":0,"2":0,"3":0,"4":0,"5":0,"6":0,"7":0,"8":0,"9":0,"10":0,"11":0,"12":0,"13":0,"14":0,"15":0,"16":0,"17":0,"18":0,"19":0,"20":0,"21":0,"22":0,"23":0,"24":0,"25":0,"26":0,"27":0,"28":0,"29":0,"30":0,"31":0,"32":0,"33":0,"34":0},"f":{"0":0,"1":0,"2":0,"3":0,"4":0,"5":0},"b":{"0":[0,0],"1":[0,0]},"all":true},"D:\\Project\\Project\\e-commerce-ninjas-bn\\src\\helpers\\updateExpiredProducts.ts":{"path":"D:\\Project\\Project\\e-commerce-ninjas-bn\\src\\helpers\\updateExpiredProducts.ts","statementMap":{"0":{"start":{"line":7,"column":30},"end":{"line":69,"column":1}},"1":{"start":{"line":8,"column":2},"end":{"line":68,"column":3}},"2":{"start":{"line":9,"column":28},"end":{"line":15,"column":6}},"3":{"start":{"line":17,"column":4},"end":{"line":22,"column":5}},"4":{"start":{"line":18,"column":6},"end":{"line":21,"column":9}},"5":{"start":{"line":24,"column":20},"end":{"line":24,"column":68}},"6":{"start":{"line":24,"column":53},"end":{"line":24,"column":67}},"7":{"start":{"line":25,"column":18},"end":{"line":32,"column":6}},"8":{"start":{"line":34,"column":20},"end":{"line":34,"column":52}},"9":{"start":{"line":34,"column":40},"end":{"line":34,"column":51}},"10":{"start":{"line":36,"column":18},"end":{"line":43,"column":6}},"11":{"start":{"line":45,"column":20},"end":{"line":45,"column":22}},"12":{"start":{"line":46,"column":4},"end":{"line":51,"column":7}},"13":{"start":{"line":47,"column":6},"end":{"line":50,"column":8}},"14":{"start":{"line":53,"column":4},"end":{"line":65,"column":5}},"15":{"start":{"line":54,"column":23},"end":{"line":54,"column":71}},"16":{"start":{"line":54,"column":44},"end":{"line":54,"column":70}},"17":{"start":{"line":55,"column":6},"end":{"line":64,"column":7}},"18":{"start":{"line":56,"column":21},"end":{"line":56,"column":45}},"19":{"start":{"line":57,"column":8},"end":{"line":63,"column":9}},"20":{"start":{"line":58,"column":10},"end":{"line":62,"column":12}},"21":{"start":{"line":67,"column":4},"end":{"line":67,"column":69}}},"fnMap":{"0":{"name":"(anonymous_0)","decl":{"start":{"line":7,"column":30},"end":{"line":7,"column":31}},"loc":{"start":{"line":7,"column":42},"end":{"line":69,"column":1}},"line":7},"1":{"name":"(anonymous_1)","decl":{"start":{"line":24,"column":40},"end":{"line":24,"column":41}},"loc":{"start":{"line":24,"column":53},"end":{"line":24,"column":67}},"line":24},"2":{"name":"(anonymous_2)","decl":{"start":{"line":34,"column":30},"end":{"line":34,"column":31}},"loc":{"start":{"line":34,"column":40},"end":{"line":34,"column":51}},"line":34},"3":{"name":"(anonymous_3)","decl":{"start":{"line":46,"column":18},"end":{"line":46,"column":19}},"loc":{"start":{"line":46,"column":28},"end":{"line":51,"column":5}},"line":46},"4":{"name":"(anonymous_4)","decl":{"start":{"line":54,"column":34},"end":{"line":54,"column":35}},"loc":{"start":{"line":54,"column":44},"end":{"line":54,"column":70}},"line":54}},"branchMap":{"0":{"loc":{"start":{"line":55,"column":6},"end":{"line":64,"column":7}},"type":"if","locations":[{"start":{"line":55,"column":6},"end":{"line":64,"column":7}},{"start":{"line":55,"column":6},"end":{"line":64,"column":7}}],"line":55},"1":{"loc":{"start":{"line":57,"column":8},"end":{"line":63,"column":9}},"type":"if","locations":[{"start":{"line":57,"column":8},"end":{"line":63,"column":9}},{"start":{"line":57,"column":8},"end":{"line":63,"column":9}}],"line":57}},"s":{"0":0,"1":0,"2":0,"3":0,"4":0,"5":0,"6":0,"7":0,"8":0,"9":0,"10":0,"11":0,"12":0,"13":0,"14":0,"15":0,"16":0,"17":0,"18":0,"19":0,"20":0,"21":0},"f":{"0":0,"1":0,"2":0,"3":0,"4":0},"b":{"0":[0,0],"1":[0,0]},"all":true},"D:\\Project\\Project\\e-commerce-ninjas-bn\\src\\helpers\\uploadImage.ts":{"path":"D:\\Project\\Project\\e-commerce-ninjas-bn\\src\\helpers\\uploadImage.ts","statementMap":{"0":{"start":{"line":5,"column":0},"end":{"line":9,"column":3}},"1":{"start":{"line":11,"column":28},"end":{"line":19,"column":1}},"2":{"start":{"line":14,"column":17},"end":{"line":14,"column":68}},"3":{"start":{"line":15,"column":2},"end":{"line":18,"column":4}}},"fnMap":{"0":{"name":"(anonymous_0)","decl":{"start":{"line":11,"column":28},"end":{"line":11,"column":29}},"loc":{"start":{"line":13,"column":57},"end":{"line":19,"column":1}},"line":13}},"branchMap":{},"s":{"0":0,"1":0,"2":0,"3":0},"f":{"0":0},"b":{},"all":true},"D:\\Project\\Project\\e-commerce-ninjas-bn\\src\\index.ts":{"path":"D:\\Project\\Project\\e-commerce-ninjas-bn\\src\\index.ts","statementMap":{"0":{"start":{"line":15,"column":0},"end":{"line":15,"column":16}},"1":{"start":{"line":17,"column":21},"end":{"line":17,"column":30}},"2":{"start":{"line":18,"column":13},"end":{"line":18,"column":29}},"3":{"start":{"line":19,"column":15},"end":{"line":19,"column":32}},"4":{"start":{"line":21,"column":11},"end":{"line":26,"column":2}},"5":{"start":{"line":27,"column":0},"end":{"line":27,"column":9}},"6":{"start":{"line":28,"column":0},"end":{"line":28,"column":24}},"7":{"start":{"line":29,"column":0},"end":{"line":29,"column":37}},"8":{"start":{"line":30,"column":0},"end":{"line":30,"column":23}},"9":{"start":{"line":31,"column":0},"end":{"line":31,"column":16}},"10":{"start":{"line":33,"column":0},"end":{"line":33,"column":65}},"11":{"start":{"line":34,"column":0},"end":{"line":34,"column":24}},"12":{"start":{"line":36,"column":0},"end":{"line":41,"column":3}},"13":{"start":{"line":37,"column":2},"end":{"line":40,"column":5}},"14":{"start":{"line":44,"column":0},"end":{"line":46,"column":3}},"15":{"start":{"line":45,"column":2},"end":{"line":45,"column":55}}},"fnMap":{"0":{"name":"(anonymous_0)","decl":{"start":{"line":36,"column":14},"end":{"line":36,"column":15}},"loc":{"start":{"line":36,"column":47},"end":{"line":41,"column":1}},"line":36},"1":{"name":"(anonymous_1)","decl":{"start":{"line":44,"column":20},"end":{"line":44,"column":21}},"loc":{"start":{"line":44,"column":26},"end":{"line":46,"column":1}},"line":44}},"branchMap":{},"s":{"0":0,"1":0,"2":0,"3":0,"4":0,"5":0,"6":0,"7":0,"8":0,"9":0,"10":0,"11":0,"12":0,"13":0,"14":0,"15":0},"f":{"0":0,"1":0},"b":{},"all":true},"D:\\Project\\Project\\e-commerce-ninjas-bn\\src\\middlewares\\authorization.ts":{"path":"D:\\Project\\Project\\e-commerce-ninjas-bn\\src\\middlewares\\authorization.ts","statementMap":{"0":{"start":{"line":18,"column":33},"end":{"line":69,"column":1}},"1":{"start":{"line":19,"column":2},"end":{"line":68,"column":4}},"2":{"start":{"line":20,"column":4},"end":{"line":67,"column":5}},"3":{"start":{"line":21,"column":20},"end":{"line":21,"column":63}},"4":{"start":{"line":23,"column":6},"end":{"line":27,"column":7}},"5":{"start":{"line":24,"column":8},"end":{"line":26,"column":80}},"6":{"start":{"line":29,"column":27},"end":{"line":29,"column":51}},"7":{"start":{"line":31,"column":31},"end":{"line":33,"column":7}},"8":{"start":{"line":34,"column":6},"end":{"line":38,"column":7}},"9":{"start":{"line":35,"column":8},"end":{"line":37,"column":80}},"10":{"start":{"line":40,"column":19},"end":{"line":40,"column":78}},"11":{"start":{"line":41,"column":6},"end":{"line":45,"column":7}},"12":{"start":{"line":42,"column":8},"end":{"line":44,"column":80}},"13":{"start":{"line":47,"column":6},"end":{"line":51,"column":7}},"14":{"start":{"line":48,"column":8},"end":{"line":50,"column":80}},"15":{"start":{"line":53,"column":6},"end":{"line":57,"column":7}},"16":{"start":{"line":54,"column":8},"end":{"line":56,"column":80}},"17":{"start":{"line":59,"column":6},"end":{"line":59,"column":22}},"18":{"start":{"line":60,"column":6},"end":{"line":60,"column":28}},"19":{"start":{"line":61,"column":6},"end":{"line":61,"column":13}},"20":{"start":{"line":63,"column":6},"end":{"line":66,"column":9}},"21":{"start":{"line":71,"column":36},"end":{"line":120,"column":1}},"22":{"start":{"line":72,"column":2},"end":{"line":119,"column":3}},"23":{"start":{"line":73,"column":18},"end":{"line":73,"column":45}},"24":{"start":{"line":74,"column":4},"end":{"line":78,"column":5}},"25":{"start":{"line":75,"column":18},"end":{"line":75,"column":68}},"26":{"start":{"line":76,"column":6},"end":{"line":76,"column":50}},"27":{"start":{"line":77,"column":6},"end":{"line":77,"column":23}},"28":{"start":{"line":80,"column":20},"end":{"line":80,"column":44}},"29":{"start":{"line":81,"column":4},"end":{"line":85,"column":5}},"30":{"start":{"line":82,"column":18},"end":{"line":82,"column":68}},"31":{"start":{"line":83,"column":6},"end":{"line":83,"column":46}},"32":{"start":{"line":84,"column":6},"end":{"line":84,"column":23}},"33":{"start":{"line":87,"column":29},"end":{"line":87,"column":96}},"34":{"start":{"line":88,"column":4},"end":{"line":92,"column":5}},"35":{"start":{"line":89,"column":18},"end":{"line":89,"column":68}},"36":{"start":{"line":90,"column":6},"end":{"line":90,"column":61}},"37":{"start":{"line":91,"column":6},"end":{"line":91,"column":23}},"38":{"start":{"line":94,"column":17},"end":{"line":94,"column":76}},"39":{"start":{"line":95,"column":4},"end":{"line":99,"column":5}},"40":{"start":{"line":96,"column":18},"end":{"line":96,"column":68}},"41":{"start":{"line":97,"column":6},"end":{"line":97,"column":47}},"42":{"start":{"line":98,"column":6},"end":{"line":98,"column":23}},"43":{"start":{"line":101,"column":4},"end":{"line":103,"column":5}},"44":{"start":{"line":102,"column":6},"end":{"line":102,"column":23}},"45":{"start":{"line":105,"column":4},"end":{"line":112,"column":6}},"46":{"start":{"line":114,"column":4},"end":{"line":114,"column":11}},"47":{"start":{"line":116,"column":16},"end":{"line":116,"column":67}},"48":{"start":{"line":117,"column":4},"end":{"line":117,"column":52}},"49":{"start":{"line":118,"column":4},"end":{"line":118,"column":21}}},"fnMap":{"0":{"name":"(anonymous_0)","decl":{"start":{"line":18,"column":33},"end":{"line":18,"column":34}},"loc":{"start":{"line":18,"column":60},"end":{"line":69,"column":1}},"line":18},"1":{"name":"(anonymous_1)","decl":{"start":{"line":19,"column":9},"end":{"line":19,"column":10}},"loc":{"start":{"line":19,"column":76},"end":{"line":68,"column":3}},"line":19},"2":{"name":"(anonymous_2)","decl":{"start":{"line":71,"column":36},"end":{"line":71,"column":37}},"loc":{"start":{"line":71,"column":82},"end":{"line":120,"column":1}},"line":71}},"branchMap":{"0":{"loc":{"start":{"line":23,"column":6},"end":{"line":27,"column":7}},"type":"if","locations":[{"start":{"line":23,"column":6},"end":{"line":27,"column":7}},{"start":{"line":23,"column":6},"end":{"line":27,"column":7}}],"line":23},"1":{"loc":{"start":{"line":34,"column":6},"end":{"line":38,"column":7}},"type":"if","locations":[{"start":{"line":34,"column":6},"end":{"line":38,"column":7}},{"start":{"line":34,"column":6},"end":{"line":38,"column":7}}],"line":34},"2":{"loc":{"start":{"line":41,"column":6},"end":{"line":45,"column":7}},"type":"if","locations":[{"start":{"line":41,"column":6},"end":{"line":45,"column":7}},{"start":{"line":41,"column":6},"end":{"line":45,"column":7}}],"line":41},"3":{"loc":{"start":{"line":47,"column":6},"end":{"line":51,"column":7}},"type":"if","locations":[{"start":{"line":47,"column":6},"end":{"line":51,"column":7}},{"start":{"line":47,"column":6},"end":{"line":51,"column":7}}],"line":47},"4":{"loc":{"start":{"line":53,"column":6},"end":{"line":57,"column":7}},"type":"if","locations":[{"start":{"line":53,"column":6},"end":{"line":57,"column":7}},{"start":{"line":53,"column":6},"end":{"line":57,"column":7}}],"line":53},"5":{"loc":{"start":{"line":74,"column":4},"end":{"line":78,"column":5}},"type":"if","locations":[{"start":{"line":74,"column":4},"end":{"line":78,"column":5}},{"start":{"line":74,"column":4},"end":{"line":78,"column":5}}],"line":74},"6":{"loc":{"start":{"line":81,"column":4},"end":{"line":85,"column":5}},"type":"if","locations":[{"start":{"line":81,"column":4},"end":{"line":85,"column":5}},{"start":{"line":81,"column":4},"end":{"line":85,"column":5}}],"line":81},"7":{"loc":{"start":{"line":81,"column":8},"end":{"line":81,"column":47}},"type":"binary-expr","locations":[{"start":{"line":81,"column":8},"end":{"line":81,"column":16}},{"start":{"line":81,"column":20},"end":{"line":81,"column":47}}],"line":81},"8":{"loc":{"start":{"line":88,"column":4},"end":{"line":92,"column":5}},"type":"if","locations":[{"start":{"line":88,"column":4},"end":{"line":92,"column":5}},{"start":{"line":88,"column":4},"end":{"line":92,"column":5}}],"line":88},"9":{"loc":{"start":{"line":95,"column":4},"end":{"line":99,"column":5}},"type":"if","locations":[{"start":{"line":95,"column":4},"end":{"line":99,"column":5}},{"start":{"line":95,"column":4},"end":{"line":99,"column":5}}],"line":95},"10":{"loc":{"start":{"line":101,"column":4},"end":{"line":103,"column":5}},"type":"if","locations":[{"start":{"line":101,"column":4},"end":{"line":103,"column":5}},{"start":{"line":101,"column":4},"end":{"line":103,"column":5}}],"line":101}},"s":{"0":0,"1":0,"2":0,"3":0,"4":0,"5":0,"6":0,"7":0,"8":0,"9":0,"10":0,"11":0,"12":0,"13":0,"14":0,"15":0,"16":0,"17":0,"18":0,"19":0,"20":0,"21":0,"22":0,"23":0,"24":0,"25":0,"26":0,"27":0,"28":0,"29":0,"30":0,"31":0,"32":0,"33":0,"34":0,"35":0,"36":0,"37":0,"38":0,"39":0,"40":0,"41":0,"42":0,"43":0,"44":0,"45":0,"46":0,"47":0,"48":0,"49":0},"f":{"0":0,"1":0,"2":0},"b":{"0":[0,0],"1":[0,0],"2":[0,0],"3":[0,0],"4":[0,0],"5":[0,0],"6":[0,0],"7":[0,0],"8":[0,0],"9":[0,0],"10":[0,0]},"all":true},"D:\\Project\\Project\\e-commerce-ninjas-bn\\src\\middlewares\\passwordExpiryCheck.ts":{"path":"D:\\Project\\Project\\e-commerce-ninjas-bn\\src\\middlewares\\passwordExpiryCheck.ts","statementMap":{"0":{"start":{"line":10,"column":36},"end":{"line":10,"column":89}},"1":{"start":{"line":11,"column":27},"end":{"line":11,"column":83}},"2":{"start":{"line":13,"column":19},"end":{"line":17,"column":1}},"3":{"start":{"line":14,"column":17},"end":{"line":14,"column":31}},"4":{"start":{"line":15,"column":2},"end":{"line":15,"column":51}},"5":{"start":{"line":16,"column":2},"end":{"line":16,"column":16}},"6":{"start":{"line":20,"column":32},"end":{"line":52,"column":1}},"7":{"start":{"line":21,"column":2},"end":{"line":51,"column":3}},"8":{"start":{"line":22,"column":17},"end":{"line":22,"column":50}},"9":{"start":{"line":23,"column":16},"end":{"line":23,"column":26}},"10":{"start":{"line":24,"column":35},"end":{"line":24,"column":98}},"11":{"start":{"line":25,"column":29},"end":{"line":25,"column":105}},"12":{"start":{"line":28,"column":4},"end":{"line":42,"column":5}},"13":{"start":{"line":29,"column":6},"end":{"line":33,"column":8}},"14":{"start":{"line":36,"column":6},"end":{"line":39,"column":9}},"15":{"start":{"line":40,"column":11},"end":{"line":42,"column":5}},"16":{"start":{"line":41,"column":6},"end":{"line":41,"column":142}},"17":{"start":{"line":45,"column":4},"end":{"line":45,"column":11}},"18":{"start":{"line":47,"column":4},"end":{"line":50,"column":7}}},"fnMap":{"0":{"name":"(anonymous_0)","decl":{"start":{"line":13,"column":19},"end":{"line":13,"column":20}},"loc":{"start":{"line":13,"column":58},"end":{"line":17,"column":1}},"line":13},"1":{"name":"(anonymous_1)","decl":{"start":{"line":20,"column":32},"end":{"line":20,"column":33}},"loc":{"start":{"line":20,"column":99},"end":{"line":52,"column":1}},"line":20}},"branchMap":{"0":{"loc":{"start":{"line":10,"column":36},"end":{"line":10,"column":89}},"type":"binary-expr","locations":[{"start":{"line":10,"column":36},"end":{"line":10,"column":83}},{"start":{"line":10,"column":87},"end":{"line":10,"column":89}}],"line":10},"1":{"loc":{"start":{"line":28,"column":4},"end":{"line":42,"column":5}},"type":"if","locations":[{"start":{"line":28,"column":4},"end":{"line":42,"column":5}},{"start":{"line":28,"column":4},"end":{"line":42,"column":5}}],"line":28},"2":{"loc":{"start":{"line":40,"column":11},"end":{"line":42,"column":5}},"type":"if","locations":[{"start":{"line":40,"column":11},"end":{"line":42,"column":5}},{"start":{"line":40,"column":11},"end":{"line":42,"column":5}}],"line":40}},"s":{"0":0,"1":0,"2":0,"3":0,"4":0,"5":0,"6":0,"7":0,"8":0,"9":0,"10":0,"11":0,"12":0,"13":0,"14":0,"15":0,"16":0,"17":0,"18":0},"f":{"0":0,"1":0},"b":{"0":[0,0],"1":[0,0],"2":[0,0]},"all":true},"D:\\Project\\Project\\e-commerce-ninjas-bn\\src\\middlewares\\validation.ts":{"path":"D:\\Project\\Project\\e-commerce-ninjas-bn\\src\\middlewares\\validation.ts","statementMap":{"0":{"start":{"line":24,"column":20},"end":{"line":24,"column":30}},"1":{"start":{"line":30,"column":2},"end":{"line":48,"column":3}},"2":{"start":{"line":31,"column":2},"end":{"line":48,"column":3}},"3":{"start":{"line":32,"column":4},"end":{"line":47,"column":5}},"4":{"start":{"line":33,"column":24},"end":{"line":33,"column":72}},"5":{"start":{"line":35,"column":6},"end":{"line":41,"column":7}},"6":{"start":{"line":36,"column":8},"end":{"line":40,"column":10}},"7":{"start":{"line":38,"column":29},"end":{"line":38,"column":61}},"8":{"start":{"line":42,"column":6},"end":{"line":42,"column":20}},"9":{"start":{"line":44,"column":6},"end":{"line":46,"column":74}},"10":{"start":{"line":50,"column":20},"end":{"line":93,"column":1}},"11":{"start":{"line":51,"column":2},"end":{"line":92,"column":3}},"12":{"start":{"line":52,"column":45},"end":{"line":52,"column":49}},"13":{"start":{"line":54,"column":4},"end":{"line":71,"column":5}},"14":{"start":{"line":55,"column":6},"end":{"line":58,"column":8}},"15":{"start":{"line":59,"column":6},"end":{"line":70,"column":7}},"16":{"start":{"line":60,"column":8},"end":{"line":65,"column":9}},"17":{"start":{"line":61,"column":10},"end":{"line":64,"column":13}},"18":{"start":{"line":66,"column":8},"end":{"line":69,"column":11}},"19":{"start":{"line":73,"column":4},"end":{"line":84,"column":5}},"20":{"start":{"line":74,"column":6},"end":{"line":77,"column":8}},"21":{"start":{"line":78,"column":6},"end":{"line":80,"column":7}},"22":{"start":{"line":79,"column":8},"end":{"line":79,"column":22}},"23":{"start":{"line":81,"column":6},"end":{"line":83,"column":75}},"24":{"start":{"line":86,"column":4},"end":{"line":86,"column":18}},"25":{"start":{"line":88,"column":4},"end":{"line":91,"column":7}},"26":{"start":{"line":95,"column":21},"end":{"line":113,"column":1}},"27":{"start":{"line":100,"column":2},"end":{"line":112,"column":3}},"28":{"start":{"line":101,"column":22},"end":{"line":101,"column":41}},"29":{"start":{"line":102,"column":4},"end":{"line":106,"column":5}},"30":{"start":{"line":103,"column":6},"end":{"line":105,"column":60}},"31":{"start":{"line":107,"column":4},"end":{"line":107,"column":11}},"32":{"start":{"line":109,"column":4},"end":{"line":111,"column":49}},"33":{"start":{"line":115,"column":26},"end":{"line":164,"column":1}},"34":{"start":{"line":120,"column":2},"end":{"line":163,"column":3}},"35":{"start":{"line":121,"column":20},"end":{"line":121,"column":24}},"36":{"start":{"line":122,"column":4},"end":{"line":125,"column":5}},"37":{"start":{"line":123,"column":27},"end":{"line":123,"column":62}},"38":{"start":{"line":124,"column":6},"end":{"line":124,"column":80}},"39":{"start":{"line":126,"column":4},"end":{"line":131,"column":5}},"40":{"start":{"line":127,"column":6},"end":{"line":130,"column":8}},"41":{"start":{"line":133,"column":4},"end":{"line":137,"column":5}},"42":{"start":{"line":134,"column":6},"end":{"line":136,"column":49}},"43":{"start":{"line":139,"column":4},"end":{"line":143,"column":5}},"44":{"start":{"line":140,"column":6},"end":{"line":142,"column":56}},"45":{"start":{"line":145,"column":20},"end":{"line":148,"column":5}},"46":{"start":{"line":149,"column":4},"end":{"line":153,"column":5}},"47":{"start":{"line":150,"column":6},"end":{"line":152,"column":45}},"48":{"start":{"line":155,"column":4},"end":{"line":155,"column":26}},"49":{"start":{"line":156,"column":4},"end":{"line":156,"column":20}},"50":{"start":{"line":157,"column":4},"end":{"line":157,"column":11}},"51":{"start":{"line":159,"column":4},"end":{"line":162,"column":7}},"52":{"start":{"line":166,"column":30},"end":{"line":235,"column":1}},"53":{"start":{"line":171,"column":2},"end":{"line":234,"column":3}},"54":{"start":{"line":172,"column":17},"end":{"line":175,"column":5}},"55":{"start":{"line":176,"column":4},"end":{"line":180,"column":5}},"56":{"start":{"line":177,"column":6},"end":{"line":179,"column":56}},"57":{"start":{"line":181,"column":4},"end":{"line":217,"column":5}},"58":{"start":{"line":182,"column":38},"end":{"line":182,"column":51}},"59":{"start":{"line":183,"column":26},"end":{"line":183,"column":60}},"60":{"start":{"line":185,"column":22},"end":{"line":190,"column":7}},"61":{"start":{"line":192,"column":6},"end":{"line":192,"column":52}},"62":{"start":{"line":193,"column":6},"end":{"line":199,"column":8}},"63":{"start":{"line":201,"column":27},"end":{"line":204,"column":7}},"64":{"start":{"line":205,"column":6},"end":{"line":211,"column":7}},"65":{"start":{"line":206,"column":8},"end":{"line":210,"column":11}},"66":{"start":{"line":213,"column":6},"end":{"line":216,"column":9}},"67":{"start":{"line":218,"column":28},"end":{"line":221,"column":5}},"68":{"start":{"line":222,"column":4},"end":{"line":226,"column":5}},"69":{"start":{"line":223,"column":6},"end":{"line":225,"column":56}},"70":{"start":{"line":228,"column":4},"end":{"line":228,"column":20}},"71":{"start":{"line":229,"column":4},"end":{"line":229,"column":18}},"72":{"start":{"line":231,"column":4},"end":{"line":233,"column":71}},"73":{"start":{"line":237,"column":19},"end":{"line":271,"column":1}},"74":{"start":{"line":238,"column":2},"end":{"line":270,"column":3}},"75":{"start":{"line":239,"column":20},"end":{"line":239,"column":24}},"76":{"start":{"line":240,"column":4},"end":{"line":243,"column":5}},"77":{"start":{"line":241,"column":27},"end":{"line":241,"column":62}},"78":{"start":{"line":242,"column":6},"end":{"line":242,"column":80}},"79":{"start":{"line":244,"column":4},"end":{"line":249,"column":5}},"80":{"start":{"line":245,"column":6},"end":{"line":248,"column":8}},"81":{"start":{"line":251,"column":4},"end":{"line":255,"column":5}},"82":{"start":{"line":252,"column":6},"end":{"line":254,"column":79}},"83":{"start":{"line":256,"column":4},"end":{"line":261,"column":5}},"84":{"start":{"line":257,"column":6},"end":{"line":260,"column":9}},"85":{"start":{"line":263,"column":4},"end":{"line":263,"column":20}},"86":{"start":{"line":264,"column":4},"end":{"line":264,"column":11}},"87":{"start":{"line":266,"column":4},"end":{"line":269,"column":7}},"88":{"start":{"line":273,"column":23},"end":{"line":301,"column":1}},"89":{"start":{"line":274,"column":2},"end":{"line":300,"column":3}},"90":{"start":{"line":275,"column":20},"end":{"line":278,"column":5}},"91":{"start":{"line":279,"column":4},"end":{"line":283,"column":5}},"92":{"start":{"line":280,"column":6},"end":{"line":282,"column":77}},"93":{"start":{"line":284,"column":20},"end":{"line":289,"column":5}},"94":{"start":{"line":290,"column":4},"end":{"line":294,"column":5}},"95":{"start":{"line":291,"column":29},"end":{"line":291,"column":69}},"96":{"start":{"line":292,"column":6},"end":{"line":292,"column":41}},"97":{"start":{"line":293,"column":6},"end":{"line":293,"column":13}},"98":{"start":{"line":296,"column":4},"end":{"line":299,"column":7}},"99":{"start":{"line":303,"column":23},"end":{"line":337,"column":1}},"100":{"start":{"line":304,"column":2},"end":{"line":336,"column":3}},"101":{"start":{"line":305,"column":17},"end":{"line":309,"column":5}},"102":{"start":{"line":310,"column":4},"end":{"line":314,"column":5}},"103":{"start":{"line":311,"column":6},"end":{"line":313,"column":76}},"104":{"start":{"line":316,"column":6},"end":{"line":322,"column":7}},"105":{"start":{"line":323,"column":4},"end":{"line":328,"column":5}},"106":{"start":{"line":324,"column":6},"end":{"line":327,"column":9}},"107":{"start":{"line":329,"column":4},"end":{"line":329,"column":20}},"108":{"start":{"line":330,"column":4},"end":{"line":330,"column":11}},"109":{"start":{"line":332,"column":4},"end":{"line":335,"column":7}},"110":{"start":{"line":339,"column":19},"end":{"line":369,"column":1}},"111":{"start":{"line":344,"column":2},"end":{"line":368,"column":3}},"112":{"start":{"line":345,"column":32},"end":{"line":345,"column":36}},"113":{"start":{"line":346,"column":4},"end":{"line":348,"column":5}},"114":{"start":{"line":347,"column":6},"end":{"line":347,"column":76}},"115":{"start":{"line":349,"column":32},"end":{"line":352,"column":5}},"116":{"start":{"line":353,"column":4},"end":{"line":357,"column":5}},"117":{"start":{"line":354,"column":6},"end":{"line":356,"column":80}},"118":{"start":{"line":359,"column":27},"end":{"line":359,"column":67}},"119":{"start":{"line":360,"column":4},"end":{"line":360,"column":35}},"120":{"start":{"line":361,"column":4},"end":{"line":361,"column":20}},"121":{"start":{"line":362,"column":4},"end":{"line":362,"column":11}},"122":{"start":{"line":364,"column":4},"end":{"line":367,"column":7}},"123":{"start":{"line":371,"column":20},"end":{"line":392,"column":1}},"124":{"start":{"line":372,"column":2},"end":{"line":391,"column":3}},"125":{"start":{"line":373,"column":17},"end":{"line":377,"column":5}},"126":{"start":{"line":378,"column":4},"end":{"line":384,"column":5}},"127":{"start":{"line":379,"column":6},"end":{"line":383,"column":9}},"128":{"start":{"line":385,"column":4},"end":{"line":385,"column":18}},"129":{"start":{"line":387,"column":4},"end":{"line":390,"column":7}},"130":{"start":{"line":394,"column":26},"end":{"line":418,"column":1}},"131":{"start":{"line":399,"column":2},"end":{"line":417,"column":3}},"132":{"start":{"line":400,"column":17},"end":{"line":404,"column":5}},"133":{"start":{"line":405,"column":4},"end":{"line":409,"column":5}},"134":{"start":{"line":406,"column":6},"end":{"line":408,"column":75}},"135":{"start":{"line":410,"column":4},"end":{"line":410,"column":20}},"136":{"start":{"line":411,"column":4},"end":{"line":411,"column":18}},"137":{"start":{"line":413,"column":4},"end":{"line":416,"column":7}},"138":{"start":{"line":420,"column":29},"end":{"line":434,"column":1}},"139":{"start":{"line":425,"column":2},"end":{"line":429,"column":3}},"140":{"start":{"line":426,"column":4},"end":{"line":428,"column":61}},"141":{"start":{"line":431,"column":16},"end":{"line":431,"column":50}},"142":{"start":{"line":432,"column":2},"end":{"line":432,"column":51}},"143":{"start":{"line":432,"column":40},"end":{"line":432,"column":49}},"144":{"start":{"line":433,"column":2},"end":{"line":433,"column":9}},"145":{"start":{"line":436,"column":18},"end":{"line":491,"column":1}},"146":{"start":{"line":441,"column":2},"end":{"line":490,"column":3}},"147":{"start":{"line":442,"column":17},"end":{"line":445,"column":5}},"148":{"start":{"line":446,"column":4},"end":{"line":451,"column":5}},"149":{"start":{"line":447,"column":6},"end":{"line":450,"column":9}},"150":{"start":{"line":453,"column":24},"end":{"line":456,"column":5}},"151":{"start":{"line":458,"column":4},"end":{"line":463,"column":5}},"152":{"start":{"line":459,"column":6},"end":{"line":462,"column":9}},"153":{"start":{"line":465,"column":4},"end":{"line":476,"column":5}},"154":{"start":{"line":466,"column":6},"end":{"line":471,"column":8}},"155":{"start":{"line":472,"column":6},"end":{"line":475,"column":9}},"156":{"start":{"line":477,"column":4},"end":{"line":482,"column":6}},"157":{"start":{"line":483,"column":4},"end":{"line":483,"column":20}},"158":{"start":{"line":484,"column":4},"end":{"line":484,"column":11}},"159":{"start":{"line":486,"column":4},"end":{"line":489,"column":7}},"160":{"start":{"line":493,"column":23},"end":{"line":510,"column":1}},"161":{"start":{"line":494,"column":32},"end":{"line":497,"column":3}},"162":{"start":{"line":498,"column":2},"end":{"line":501,"column":54}},"163":{"start":{"line":499,"column":4},"end":{"line":501,"column":54}},"164":{"start":{"line":502,"column":2},"end":{"line":506,"column":7}},"165":{"start":{"line":503,"column":4},"end":{"line":506,"column":7}},"166":{"start":{"line":508,"column":2},"end":{"line":508,"column":18}},"167":{"start":{"line":509,"column":2},"end":{"line":509,"column":16}},"168":{"start":{"line":512,"column":22},"end":{"line":519,"column":1}},"169":{"start":{"line":513,"column":2},"end":{"line":517,"column":7}},"170":{"start":{"line":514,"column":4},"end":{"line":517,"column":7}},"171":{"start":{"line":518,"column":2},"end":{"line":518,"column":16}},"172":{"start":{"line":521,"column":24},"end":{"line":528,"column":1}},"173":{"start":{"line":522,"column":2},"end":{"line":526,"column":7}},"174":{"start":{"line":523,"column":4},"end":{"line":526,"column":7}},"175":{"start":{"line":527,"column":2},"end":{"line":527,"column":16}},"176":{"start":{"line":530,"column":20},"end":{"line":545,"column":1}},"177":{"start":{"line":531,"column":2},"end":{"line":544,"column":3}},"178":{"start":{"line":532,"column":17},"end":{"line":532,"column":70}},"179":{"start":{"line":533,"column":4},"end":{"line":535,"column":3}},"180":{"start":{"line":534,"column":4},"end":{"line":534,"column":138}},"181":{"start":{"line":536,"column":2},"end":{"line":536,"column":18}},"182":{"start":{"line":537,"column":2},"end":{"line":537,"column":16}},"183":{"start":{"line":540,"column":4},"end":{"line":543,"column":7}},"184":{"start":{"line":547,"column":25},"end":{"line":568,"column":1}},"185":{"start":{"line":552,"column":2},"end":{"line":567,"column":3}},"186":{"start":{"line":553,"column":20},"end":{"line":555,"column":5}},"187":{"start":{"line":556,"column":4},"end":{"line":560,"column":9}},"188":{"start":{"line":557,"column":6},"end":{"line":560,"column":9}},"189":{"start":{"line":561,"column":4},"end":{"line":561,"column":18}},"190":{"start":{"line":563,"column":4},"end":{"line":566,"column":7}},"191":{"start":{"line":570,"column":22},"end":{"line":575,"column":1}},"192":{"start":{"line":571,"column":15},"end":{"line":571,"column":94}},"193":{"start":{"line":572,"column":2},"end":{"line":572,"column":150}},"194":{"start":{"line":572,"column":13},"end":{"line":572,"column":150}},"195":{"start":{"line":573,"column":2},"end":{"line":573,"column":18}},"196":{"start":{"line":574,"column":2},"end":{"line":574,"column":16}},"197":{"start":{"line":578,"column":27},"end":{"line":601,"column":1}},"198":{"start":{"line":583,"column":2},"end":{"line":600,"column":3}},"199":{"start":{"line":584,"column":20},"end":{"line":587,"column":5}},"200":{"start":{"line":588,"column":4},"end":{"line":592,"column":9}},"201":{"start":{"line":589,"column":6},"end":{"line":592,"column":9}},"202":{"start":{"line":593,"column":4},"end":{"line":593,"column":26}},"203":{"start":{"line":594,"column":4},"end":{"line":594,"column":18}},"204":{"start":{"line":596,"column":4},"end":{"line":599,"column":7}},"205":{"start":{"line":603,"column":20},"end":{"line":618,"column":1}},"206":{"start":{"line":604,"column":36},"end":{"line":606,"column":15}},"207":{"start":{"line":607,"column":35},"end":{"line":609,"column":15}},"208":{"start":{"line":611,"column":2},"end":{"line":615,"column":4}},"209":{"start":{"line":617,"column":2},"end":{"line":617,"column":9}},"210":{"start":{"line":620,"column":25},"end":{"line":673,"column":1}},"211":{"start":{"line":625,"column":15},"end":{"line":625,"column":42}},"212":{"start":{"line":626,"column":19},"end":{"line":626,"column":50}},"213":{"start":{"line":627,"column":22},"end":{"line":627,"column":56}},"214":{"start":{"line":628,"column":19},"end":{"line":628,"column":50}},"215":{"start":{"line":629,"column":19},"end":{"line":629,"column":50}},"216":{"start":{"line":631,"column":27},"end":{"line":631,"column":40}},"217":{"start":{"line":633,"column":2},"end":{"line":638,"column":3}},"218":{"start":{"line":634,"column":4},"end":{"line":637,"column":7}},"219":{"start":{"line":640,"column":2},"end":{"line":645,"column":3}},"220":{"start":{"line":641,"column":4},"end":{"line":644,"column":7}},"221":{"start":{"line":647,"column":23},"end":{"line":647,"column":25}},"222":{"start":{"line":649,"column":2},"end":{"line":650,"column":61}},"223":{"start":{"line":650,"column":4},"end":{"line":650,"column":61}},"224":{"start":{"line":651,"column":2},"end":{"line":651,"column":62}},"225":{"start":{"line":651,"column":30},"end":{"line":651,"column":62}},"226":{"start":{"line":652,"column":2},"end":{"line":653,"column":75}},"227":{"start":{"line":653,"column":4},"end":{"line":653,"column":75}},"228":{"start":{"line":654,"column":2},"end":{"line":661,"column":3}},"229":{"start":{"line":655,"column":4},"end":{"line":660,"column":7}},"230":{"start":{"line":663,"column":2},"end":{"line":665,"column":3}},"231":{"start":{"line":664,"column":4},"end":{"line":664,"column":44}},"232":{"start":{"line":666,"column":2},"end":{"line":666,"column":41}},"233":{"start":{"line":667,"column":2},"end":{"line":669,"column":4}},"234":{"start":{"line":671,"column":2},"end":{"line":671,"column":32}},"235":{"start":{"line":672,"column":2},"end":{"line":672,"column":16}},"236":{"start":{"line":674,"column":27},"end":{"line":693,"column":1}},"237":{"start":{"line":679,"column":2},"end":{"line":692,"column":3}},"238":{"start":{"line":680,"column":20},"end":{"line":680,"column":76}},"239":{"start":{"line":681,"column":4},"end":{"line":685,"column":5}},"240":{"start":{"line":682,"column":6},"end":{"line":684,"column":78}},"241":{"start":{"line":686,"column":4},"end":{"line":686,"column":11}},"242":{"start":{"line":688,"column":4},"end":{"line":691,"column":7}},"243":{"start":{"line":694,"column":33},"end":{"line":717,"column":1}},"244":{"start":{"line":699,"column":2},"end":{"line":716,"column":3}},"245":{"start":{"line":700,"column":20},"end":{"line":703,"column":5}},"246":{"start":{"line":704,"column":4},"end":{"line":709,"column":5}},"247":{"start":{"line":705,"column":6},"end":{"line":708,"column":9}},"248":{"start":{"line":710,"column":4},"end":{"line":710,"column":11}},"249":{"start":{"line":712,"column":4},"end":{"line":715,"column":7}},"250":{"start":{"line":719,"column":28},"end":{"line":740,"column":1}},"251":{"start":{"line":724,"column":2},"end":{"line":739,"column":3}},"252":{"start":{"line":725,"column":21},"end":{"line":727,"column":5}},"253":{"start":{"line":728,"column":4},"end":{"line":732,"column":5}},"254":{"start":{"line":729,"column":6},"end":{"line":731,"column":9}},"255":{"start":{"line":733,"column":4},"end":{"line":733,"column":11}},"256":{"start":{"line":735,"column":4},"end":{"line":738,"column":7}},"257":{"start":{"line":742,"column":32},"end":{"line":764,"column":1}},"258":{"start":{"line":747,"column":2},"end":{"line":763,"column":3}},"259":{"start":{"line":748,"column":20},"end":{"line":751,"column":5}},"260":{"start":{"line":752,"column":4},"end":{"line":756,"column":5}},"261":{"start":{"line":753,"column":6},"end":{"line":755,"column":9}},"262":{"start":{"line":757,"column":4},"end":{"line":757,"column":11}},"263":{"start":{"line":759,"column":4},"end":{"line":762,"column":7}}},"fnMap":{"0":{"name":"(anonymous_0)","decl":{"start":{"line":30,"column":2},"end":{"line":30,"column":3}},"loc":{"start":{"line":31,"column":2},"end":{"line":48,"column":3}},"line":31},"1":{"name":"(anonymous_1)","decl":{"start":{"line":31,"column":2},"end":{"line":31,"column":3}},"loc":{"start":{"line":31,"column":61},"end":{"line":48,"column":3}},"line":31},"2":{"name":"(anonymous_2)","decl":{"start":{"line":38,"column":17},"end":{"line":38,"column":18}},"loc":{"start":{"line":38,"column":29},"end":{"line":38,"column":61}},"line":38},"3":{"name":"(anonymous_3)","decl":{"start":{"line":50,"column":20},"end":{"line":50,"column":21}},"loc":{"start":{"line":50,"column":79},"end":{"line":93,"column":1}},"line":50},"4":{"name":"(anonymous_4)","decl":{"start":{"line":95,"column":21},"end":{"line":95,"column":22}},"loc":{"start":{"line":99,"column":5},"end":{"line":113,"column":1}},"line":99},"5":{"name":"(anonymous_5)","decl":{"start":{"line":115,"column":26},"end":{"line":115,"column":27}},"loc":{"start":{"line":119,"column":5},"end":{"line":164,"column":1}},"line":119},"6":{"name":"(anonymous_6)","decl":{"start":{"line":166,"column":30},"end":{"line":166,"column":31}},"loc":{"start":{"line":170,"column":5},"end":{"line":235,"column":1}},"line":170},"7":{"name":"(anonymous_7)","decl":{"start":{"line":237,"column":19},"end":{"line":237,"column":20}},"loc":{"start":{"line":237,"column":74},"end":{"line":271,"column":1}},"line":237},"8":{"name":"(anonymous_8)","decl":{"start":{"line":273,"column":23},"end":{"line":273,"column":24}},"loc":{"start":{"line":273,"column":78},"end":{"line":301,"column":1}},"line":273},"9":{"name":"(anonymous_9)","decl":{"start":{"line":303,"column":23},"end":{"line":303,"column":24}},"loc":{"start":{"line":303,"column":78},"end":{"line":337,"column":1}},"line":303},"10":{"name":"(anonymous_10)","decl":{"start":{"line":339,"column":19},"end":{"line":339,"column":20}},"loc":{"start":{"line":343,"column":5},"end":{"line":369,"column":1}},"line":343},"11":{"name":"(anonymous_11)","decl":{"start":{"line":371,"column":20},"end":{"line":371,"column":21}},"loc":{"start":{"line":371,"column":75},"end":{"line":392,"column":1}},"line":371},"12":{"name":"(anonymous_12)","decl":{"start":{"line":394,"column":26},"end":{"line":394,"column":27}},"loc":{"start":{"line":398,"column":5},"end":{"line":418,"column":1}},"line":398},"13":{"name":"(anonymous_13)","decl":{"start":{"line":420,"column":29},"end":{"line":420,"column":30}},"loc":{"start":{"line":424,"column":5},"end":{"line":434,"column":1}},"line":424},"14":{"name":"(anonymous_14)","decl":{"start":{"line":432,"column":30},"end":{"line":432,"column":31}},"loc":{"start":{"line":432,"column":40},"end":{"line":432,"column":49}},"line":432},"15":{"name":"(anonymous_15)","decl":{"start":{"line":436,"column":18},"end":{"line":436,"column":19}},"loc":{"start":{"line":440,"column":5},"end":{"line":491,"column":1}},"line":440},"16":{"name":"(anonymous_16)","decl":{"start":{"line":493,"column":23},"end":{"line":493,"column":24}},"loc":{"start":{"line":493,"column":78},"end":{"line":510,"column":1}},"line":493},"17":{"name":"(anonymous_17)","decl":{"start":{"line":512,"column":22},"end":{"line":512,"column":23}},"loc":{"start":{"line":512,"column":77},"end":{"line":519,"column":1}},"line":512},"18":{"name":"(anonymous_18)","decl":{"start":{"line":521,"column":24},"end":{"line":521,"column":25}},"loc":{"start":{"line":521,"column":79},"end":{"line":528,"column":1}},"line":521},"19":{"name":"(anonymous_19)","decl":{"start":{"line":530,"column":20},"end":{"line":530,"column":21}},"loc":{"start":{"line":530,"column":85},"end":{"line":545,"column":1}},"line":530},"20":{"name":"(anonymous_20)","decl":{"start":{"line":547,"column":25},"end":{"line":547,"column":26}},"loc":{"start":{"line":551,"column":5},"end":{"line":568,"column":1}},"line":551},"21":{"name":"(anonymous_21)","decl":{"start":{"line":570,"column":22},"end":{"line":570,"column":23}},"loc":{"start":{"line":570,"column":77},"end":{"line":575,"column":1}},"line":570},"22":{"name":"(anonymous_22)","decl":{"start":{"line":578,"column":27},"end":{"line":578,"column":28}},"loc":{"start":{"line":582,"column":5},"end":{"line":601,"column":1}},"line":582},"23":{"name":"(anonymous_23)","decl":{"start":{"line":603,"column":20},"end":{"line":603,"column":21}},"loc":{"start":{"line":603,"column":69},"end":{"line":618,"column":1}},"line":603},"24":{"name":"(anonymous_24)","decl":{"start":{"line":620,"column":25},"end":{"line":620,"column":26}},"loc":{"start":{"line":624,"column":5},"end":{"line":673,"column":1}},"line":624},"25":{"name":"(anonymous_25)","decl":{"start":{"line":674,"column":27},"end":{"line":674,"column":28}},"loc":{"start":{"line":678,"column":5},"end":{"line":693,"column":1}},"line":678},"26":{"name":"(anonymous_26)","decl":{"start":{"line":694,"column":33},"end":{"line":694,"column":34}},"loc":{"start":{"line":698,"column":5},"end":{"line":717,"column":1}},"line":698},"27":{"name":"(anonymous_27)","decl":{"start":{"line":719,"column":28},"end":{"line":719,"column":29}},"loc":{"start":{"line":723,"column":5},"end":{"line":740,"column":1}},"line":723},"28":{"name":"(anonymous_28)","decl":{"start":{"line":742,"column":32},"end":{"line":742,"column":33}},"loc":{"start":{"line":746,"column":5},"end":{"line":764,"column":1}},"line":746}},"branchMap":{"0":{"loc":{"start":{"line":35,"column":6},"end":{"line":41,"column":7}},"type":"if","locations":[{"start":{"line":35,"column":6},"end":{"line":41,"column":7}},{"start":{"line":35,"column":6},"end":{"line":41,"column":7}}],"line":35},"1":{"loc":{"start":{"line":54,"column":4},"end":{"line":71,"column":5}},"type":"if","locations":[{"start":{"line":54,"column":4},"end":{"line":71,"column":5}},{"start":{"line":54,"column":4},"end":{"line":71,"column":5}}],"line":54},"2":{"loc":{"start":{"line":59,"column":6},"end":{"line":70,"column":7}},"type":"if","locations":[{"start":{"line":59,"column":6},"end":{"line":70,"column":7}},{"start":{"line":59,"column":6},"end":{"line":70,"column":7}}],"line":59},"3":{"loc":{"start":{"line":60,"column":8},"end":{"line":65,"column":9}},"type":"if","locations":[{"start":{"line":60,"column":8},"end":{"line":65,"column":9}},{"start":{"line":60,"column":8},"end":{"line":65,"column":9}}],"line":60},"4":{"loc":{"start":{"line":73,"column":4},"end":{"line":84,"column":5}},"type":"if","locations":[{"start":{"line":73,"column":4},"end":{"line":84,"column":5}},{"start":{"line":73,"column":4},"end":{"line":84,"column":5}}],"line":73},"5":{"loc":{"start":{"line":78,"column":6},"end":{"line":80,"column":7}},"type":"if","locations":[{"start":{"line":78,"column":6},"end":{"line":80,"column":7}},{"start":{"line":78,"column":6},"end":{"line":80,"column":7}}],"line":78},"6":{"loc":{"start":{"line":102,"column":4},"end":{"line":106,"column":5}},"type":"if","locations":[{"start":{"line":102,"column":4},"end":{"line":106,"column":5}},{"start":{"line":102,"column":4},"end":{"line":106,"column":5}}],"line":102},"7":{"loc":{"start":{"line":122,"column":4},"end":{"line":125,"column":5}},"type":"if","locations":[{"start":{"line":122,"column":4},"end":{"line":125,"column":5}},{"start":{"line":122,"column":4},"end":{"line":125,"column":5}}],"line":122},"8":{"loc":{"start":{"line":126,"column":4},"end":{"line":131,"column":5}},"type":"if","locations":[{"start":{"line":126,"column":4},"end":{"line":131,"column":5}},{"start":{"line":126,"column":4},"end":{"line":131,"column":5}}],"line":126},"9":{"loc":{"start":{"line":133,"column":4},"end":{"line":137,"column":5}},"type":"if","locations":[{"start":{"line":133,"column":4},"end":{"line":137,"column":5}},{"start":{"line":133,"column":4},"end":{"line":137,"column":5}}],"line":133},"10":{"loc":{"start":{"line":139,"column":4},"end":{"line":143,"column":5}},"type":"if","locations":[{"start":{"line":139,"column":4},"end":{"line":143,"column":5}},{"start":{"line":139,"column":4},"end":{"line":143,"column":5}}],"line":139},"11":{"loc":{"start":{"line":149,"column":4},"end":{"line":153,"column":5}},"type":"if","locations":[{"start":{"line":149,"column":4},"end":{"line":153,"column":5}},{"start":{"line":149,"column":4},"end":{"line":153,"column":5}}],"line":149},"12":{"loc":{"start":{"line":176,"column":4},"end":{"line":180,"column":5}},"type":"if","locations":[{"start":{"line":176,"column":4},"end":{"line":180,"column":5}},{"start":{"line":176,"column":4},"end":{"line":180,"column":5}}],"line":176},"13":{"loc":{"start":{"line":181,"column":4},"end":{"line":217,"column":5}},"type":"if","locations":[{"start":{"line":181,"column":4},"end":{"line":217,"column":5}},{"start":{"line":181,"column":4},"end":{"line":217,"column":5}}],"line":181},"14":{"loc":{"start":{"line":183,"column":26},"end":{"line":183,"column":60}},"type":"binary-expr","locations":[{"start":{"line":183,"column":26},"end":{"line":183,"column":52}},{"start":{"line":183,"column":56},"end":{"line":183,"column":60}}],"line":183},"15":{"loc":{"start":{"line":197,"column":10},"end":{"line":197,"column":37}},"type":"binary-expr","locations":[{"start":{"line":197,"column":10},"end":{"line":197,"column":23}},{"start":{"line":197,"column":27},"end":{"line":197,"column":37}}],"line":197},"16":{"loc":{"start":{"line":205,"column":6},"end":{"line":211,"column":7}},"type":"if","locations":[{"start":{"line":205,"column":6},"end":{"line":211,"column":7}},{"start":{"line":205,"column":6},"end":{"line":211,"column":7}}],"line":205},"17":{"loc":{"start":{"line":222,"column":4},"end":{"line":226,"column":5}},"type":"if","locations":[{"start":{"line":222,"column":4},"end":{"line":226,"column":5}},{"start":{"line":222,"column":4},"end":{"line":226,"column":5}}],"line":222},"18":{"loc":{"start":{"line":240,"column":4},"end":{"line":243,"column":5}},"type":"if","locations":[{"start":{"line":240,"column":4},"end":{"line":243,"column":5}},{"start":{"line":240,"column":4},"end":{"line":243,"column":5}}],"line":240},"19":{"loc":{"start":{"line":244,"column":4},"end":{"line":249,"column":5}},"type":"if","locations":[{"start":{"line":244,"column":4},"end":{"line":249,"column":5}},{"start":{"line":244,"column":4},"end":{"line":249,"column":5}}],"line":244},"20":{"loc":{"start":{"line":251,"column":4},"end":{"line":255,"column":5}},"type":"if","locations":[{"start":{"line":251,"column":4},"end":{"line":255,"column":5}},{"start":{"line":251,"column":4},"end":{"line":255,"column":5}}],"line":251},"21":{"loc":{"start":{"line":256,"column":4},"end":{"line":261,"column":5}},"type":"if","locations":[{"start":{"line":256,"column":4},"end":{"line":261,"column":5}},{"start":{"line":256,"column":4},"end":{"line":261,"column":5}}],"line":256},"22":{"loc":{"start":{"line":279,"column":4},"end":{"line":283,"column":5}},"type":"if","locations":[{"start":{"line":279,"column":4},"end":{"line":283,"column":5}},{"start":{"line":279,"column":4},"end":{"line":283,"column":5}}],"line":279},"23":{"loc":{"start":{"line":290,"column":4},"end":{"line":294,"column":5}},"type":"if","locations":[{"start":{"line":290,"column":4},"end":{"line":294,"column":5}},{"start":{"line":290,"column":4},"end":{"line":294,"column":5}}],"line":290},"24":{"loc":{"start":{"line":310,"column":4},"end":{"line":314,"column":5}},"type":"if","locations":[{"start":{"line":310,"column":4},"end":{"line":314,"column":5}},{"start":{"line":310,"column":4},"end":{"line":314,"column":5}}],"line":310},"25":{"loc":{"start":{"line":323,"column":4},"end":{"line":328,"column":5}},"type":"if","locations":[{"start":{"line":323,"column":4},"end":{"line":328,"column":5}},{"start":{"line":323,"column":4},"end":{"line":328,"column":5}}],"line":323},"26":{"loc":{"start":{"line":346,"column":4},"end":{"line":348,"column":5}},"type":"if","locations":[{"start":{"line":346,"column":4},"end":{"line":348,"column":5}},{"start":{"line":346,"column":4},"end":{"line":348,"column":5}}],"line":346},"27":{"loc":{"start":{"line":353,"column":4},"end":{"line":357,"column":5}},"type":"if","locations":[{"start":{"line":353,"column":4},"end":{"line":357,"column":5}},{"start":{"line":353,"column":4},"end":{"line":357,"column":5}}],"line":353},"28":{"loc":{"start":{"line":378,"column":4},"end":{"line":384,"column":5}},"type":"if","locations":[{"start":{"line":378,"column":4},"end":{"line":384,"column":5}},{"start":{"line":378,"column":4},"end":{"line":384,"column":5}}],"line":378},"29":{"loc":{"start":{"line":405,"column":4},"end":{"line":409,"column":5}},"type":"if","locations":[{"start":{"line":405,"column":4},"end":{"line":409,"column":5}},{"start":{"line":405,"column":4},"end":{"line":409,"column":5}}],"line":405},"30":{"loc":{"start":{"line":425,"column":2},"end":{"line":429,"column":3}},"type":"if","locations":[{"start":{"line":425,"column":2},"end":{"line":429,"column":3}},{"start":{"line":425,"column":2},"end":{"line":429,"column":3}}],"line":425},"31":{"loc":{"start":{"line":446,"column":4},"end":{"line":451,"column":5}},"type":"if","locations":[{"start":{"line":446,"column":4},"end":{"line":451,"column":5}},{"start":{"line":446,"column":4},"end":{"line":451,"column":5}}],"line":446},"32":{"loc":{"start":{"line":458,"column":4},"end":{"line":463,"column":5}},"type":"if","locations":[{"start":{"line":458,"column":4},"end":{"line":463,"column":5}},{"start":{"line":458,"column":4},"end":{"line":463,"column":5}}],"line":458},"33":{"loc":{"start":{"line":458,"column":8},"end":{"line":458,"column":40}},"type":"binary-expr","locations":[{"start":{"line":458,"column":8},"end":{"line":458,"column":20}},{"start":{"line":458,"column":24},"end":{"line":458,"column":40}}],"line":458},"34":{"loc":{"start":{"line":465,"column":4},"end":{"line":476,"column":5}},"type":"if","locations":[{"start":{"line":465,"column":4},"end":{"line":476,"column":5}},{"start":{"line":465,"column":4},"end":{"line":476,"column":5}}],"line":465},"35":{"loc":{"start":{"line":498,"column":2},"end":{"line":501,"column":54}},"type":"if","locations":[{"start":{"line":498,"column":2},"end":{"line":501,"column":54}},{"start":{"line":498,"column":2},"end":{"line":501,"column":54}}],"line":498},"36":{"loc":{"start":{"line":502,"column":2},"end":{"line":506,"column":7}},"type":"if","locations":[{"start":{"line":502,"column":2},"end":{"line":506,"column":7}},{"start":{"line":502,"column":2},"end":{"line":506,"column":7}}],"line":502},"37":{"loc":{"start":{"line":513,"column":2},"end":{"line":517,"column":7}},"type":"if","locations":[{"start":{"line":513,"column":2},"end":{"line":517,"column":7}},{"start":{"line":513,"column":2},"end":{"line":517,"column":7}}],"line":513},"38":{"loc":{"start":{"line":522,"column":2},"end":{"line":526,"column":7}},"type":"if","locations":[{"start":{"line":522,"column":2},"end":{"line":526,"column":7}},{"start":{"line":522,"column":2},"end":{"line":526,"column":7}}],"line":522},"39":{"loc":{"start":{"line":533,"column":4},"end":{"line":535,"column":3}},"type":"if","locations":[{"start":{"line":533,"column":4},"end":{"line":535,"column":3}},{"start":{"line":533,"column":4},"end":{"line":535,"column":3}}],"line":533},"40":{"loc":{"start":{"line":556,"column":4},"end":{"line":560,"column":9}},"type":"if","locations":[{"start":{"line":556,"column":4},"end":{"line":560,"column":9}},{"start":{"line":556,"column":4},"end":{"line":560,"column":9}}],"line":556},"41":{"loc":{"start":{"line":572,"column":2},"end":{"line":572,"column":150}},"type":"if","locations":[{"start":{"line":572,"column":2},"end":{"line":572,"column":150}},{"start":{"line":572,"column":2},"end":{"line":572,"column":150}}],"line":572},"42":{"loc":{"start":{"line":588,"column":4},"end":{"line":592,"column":9}},"type":"if","locations":[{"start":{"line":588,"column":4},"end":{"line":592,"column":9}},{"start":{"line":588,"column":4},"end":{"line":592,"column":9}}],"line":588},"43":{"loc":{"start":{"line":604,"column":36},"end":{"line":606,"column":15}},"type":"cond-expr","locations":[{"start":{"line":605,"column":6},"end":{"line":605,"column":29}},{"start":{"line":606,"column":6},"end":{"line":606,"column":15}}],"line":604},"44":{"loc":{"start":{"line":607,"column":35},"end":{"line":609,"column":15}},"type":"cond-expr","locations":[{"start":{"line":608,"column":6},"end":{"line":608,"column":28}},{"start":{"line":609,"column":6},"end":{"line":609,"column":15}}],"line":607},"45":{"loc":{"start":{"line":614,"column":12},"end":{"line":614,"column":58}},"type":"cond-expr","locations":[{"start":{"line":614,"column":28},"end":{"line":614,"column":46}},{"start":{"line":614,"column":49},"end":{"line":614,"column":58}}],"line":614},"46":{"loc":{"start":{"line":614,"column":12},"end":{"line":614,"column":25}},"type":"binary-expr","locations":[{"start":{"line":614,"column":12},"end":{"line":614,"column":17}},{"start":{"line":614,"column":21},"end":{"line":614,"column":25}}],"line":614},"47":{"loc":{"start":{"line":625,"column":15},"end":{"line":625,"column":42}},"type":"binary-expr","locations":[{"start":{"line":625,"column":15},"end":{"line":625,"column":29}},{"start":{"line":625,"column":33},"end":{"line":625,"column":42}}],"line":625},"48":{"loc":{"start":{"line":626,"column":19},"end":{"line":626,"column":50}},"type":"binary-expr","locations":[{"start":{"line":626,"column":19},"end":{"line":626,"column":37}},{"start":{"line":626,"column":41},"end":{"line":626,"column":50}}],"line":626},"49":{"loc":{"start":{"line":627,"column":22},"end":{"line":627,"column":56}},"type":"binary-expr","locations":[{"start":{"line":627,"column":22},"end":{"line":627,"column":43}},{"start":{"line":627,"column":47},"end":{"line":627,"column":56}}],"line":627},"50":{"loc":{"start":{"line":628,"column":19},"end":{"line":628,"column":50}},"type":"binary-expr","locations":[{"start":{"line":628,"column":19},"end":{"line":628,"column":37}},{"start":{"line":628,"column":41},"end":{"line":628,"column":50}}],"line":628},"51":{"loc":{"start":{"line":629,"column":19},"end":{"line":629,"column":50}},"type":"binary-expr","locations":[{"start":{"line":629,"column":19},"end":{"line":629,"column":37}},{"start":{"line":629,"column":41},"end":{"line":629,"column":50}}],"line":629},"52":{"loc":{"start":{"line":633,"column":2},"end":{"line":638,"column":3}},"type":"if","locations":[{"start":{"line":633,"column":2},"end":{"line":638,"column":3}},{"start":{"line":633,"column":2},"end":{"line":638,"column":3}}],"line":633},"53":{"loc":{"start":{"line":633,"column":6},"end":{"line":633,"column":56}},"type":"binary-expr","locations":[{"start":{"line":633,"column":7},"end":{"line":633,"column":15}},{"start":{"line":633,"column":19},"end":{"line":633,"column":28}},{"start":{"line":633,"column":34},"end":{"line":633,"column":43}},{"start":{"line":633,"column":47},"end":{"line":633,"column":55}}],"line":633},"54":{"loc":{"start":{"line":640,"column":2},"end":{"line":645,"column":3}},"type":"if","locations":[{"start":{"line":640,"column":2},"end":{"line":645,"column":3}},{"start":{"line":640,"column":2},"end":{"line":645,"column":3}}],"line":640},"55":{"loc":{"start":{"line":649,"column":2},"end":{"line":650,"column":61}},"type":"if","locations":[{"start":{"line":649,"column":2},"end":{"line":650,"column":61}},{"start":{"line":649,"column":2},"end":{"line":650,"column":61}}],"line":649},"56":{"loc":{"start":{"line":651,"column":2},"end":{"line":651,"column":62}},"type":"if","locations":[{"start":{"line":651,"column":2},"end":{"line":651,"column":62}},{"start":{"line":651,"column":2},"end":{"line":651,"column":62}}],"line":651},"57":{"loc":{"start":{"line":652,"column":2},"end":{"line":653,"column":75}},"type":"if","locations":[{"start":{"line":652,"column":2},"end":{"line":653,"column":75}},{"start":{"line":652,"column":2},"end":{"line":653,"column":75}}],"line":652},"58":{"loc":{"start":{"line":654,"column":2},"end":{"line":661,"column":3}},"type":"if","locations":[{"start":{"line":654,"column":2},"end":{"line":661,"column":3}},{"start":{"line":654,"column":2},"end":{"line":661,"column":3}}],"line":654},"59":{"loc":{"start":{"line":654,"column":6},"end":{"line":654,"column":54}},"type":"binary-expr","locations":[{"start":{"line":654,"column":6},"end":{"line":654,"column":28}},{"start":{"line":654,"column":32},"end":{"line":654,"column":54}}],"line":654},"60":{"loc":{"start":{"line":663,"column":2},"end":{"line":665,"column":3}},"type":"if","locations":[{"start":{"line":663,"column":2},"end":{"line":665,"column":3}},{"start":{"line":663,"column":2},"end":{"line":665,"column":3}}],"line":663},"61":{"loc":{"start":{"line":681,"column":4},"end":{"line":685,"column":5}},"type":"if","locations":[{"start":{"line":681,"column":4},"end":{"line":685,"column":5}},{"start":{"line":681,"column":4},"end":{"line":685,"column":5}}],"line":681},"62":{"loc":{"start":{"line":704,"column":4},"end":{"line":709,"column":5}},"type":"if","locations":[{"start":{"line":704,"column":4},"end":{"line":709,"column":5}},{"start":{"line":704,"column":4},"end":{"line":709,"column":5}}],"line":704},"63":{"loc":{"start":{"line":728,"column":4},"end":{"line":732,"column":5}},"type":"if","locations":[{"start":{"line":728,"column":4},"end":{"line":732,"column":5}},{"start":{"line":728,"column":4},"end":{"line":732,"column":5}}],"line":728},"64":{"loc":{"start":{"line":728,"column":8},"end":{"line":728,"column":42}},"type":"binary-expr","locations":[{"start":{"line":728,"column":8},"end":{"line":728,"column":17}},{"start":{"line":728,"column":21},"end":{"line":728,"column":42}}],"line":728},"65":{"loc":{"start":{"line":752,"column":4},"end":{"line":756,"column":5}},"type":"if","locations":[{"start":{"line":752,"column":4},"end":{"line":756,"column":5}},{"start":{"line":752,"column":4},"end":{"line":756,"column":5}}],"line":752}},"s":{"0":0,"1":0,"2":0,"3":0,"4":0,"5":0,"6":0,"7":0,"8":0,"9":0,"10":0,"11":0,"12":0,"13":0,"14":0,"15":0,"16":0,"17":0,"18":0,"19":0,"20":0,"21":0,"22":0,"23":0,"24":0,"25":0,"26":0,"27":0,"28":0,"29":0,"30":0,"31":0,"32":0,"33":0,"34":0,"35":0,"36":0,"37":0,"38":0,"39":0,"40":0,"41":0,"42":0,"43":0,"44":0,"45":0,"46":0,"47":0,"48":0,"49":0,"50":0,"51":0,"52":0,"53":0,"54":0,"55":0,"56":0,"57":0,"58":0,"59":0,"60":0,"61":0,"62":0,"63":0,"64":0,"65":0,"66":0,"67":0,"68":0,"69":0,"70":0,"71":0,"72":0,"73":0,"74":0,"75":0,"76":0,"77":0,"78":0,"79":0,"80":0,"81":0,"82":0,"83":0,"84":0,"85":0,"86":0,"87":0,"88":0,"89":0,"90":0,"91":0,"92":0,"93":0,"94":0,"95":0,"96":0,"97":0,"98":0,"99":0,"100":0,"101":0,"102":0,"103":0,"104":0,"105":0,"106":0,"107":0,"108":0,"109":0,"110":0,"111":0,"112":0,"113":0,"114":0,"115":0,"116":0,"117":0,"118":0,"119":0,"120":0,"121":0,"122":0,"123":0,"124":0,"125":0,"126":0,"127":0,"128":0,"129":0,"130":0,"131":0,"132":0,"133":0,"134":0,"135":0,"136":0,"137":0,"138":0,"139":0,"140":0,"141":0,"142":0,"143":0,"144":0,"145":0,"146":0,"147":0,"148":0,"149":0,"150":0,"151":0,"152":0,"153":0,"154":0,"155":0,"156":0,"157":0,"158":0,"159":0,"160":0,"161":0,"162":0,"163":0,"164":0,"165":0,"166":0,"167":0,"168":0,"169":0,"170":0,"171":0,"172":0,"173":0,"174":0,"175":0,"176":0,"177":0,"178":0,"179":0,"180":0,"181":0,"182":0,"183":0,"184":0,"185":0,"186":0,"187":0,"188":0,"189":0,"190":0,"191":0,"192":0,"193":0,"194":0,"195":0,"196":0,"197":0,"198":0,"199":0,"200":0,"201":0,"202":0,"203":0,"204":0,"205":0,"206":0,"207":0,"208":0,"209":0,"210":0,"211":0,"212":0,"213":0,"214":0,"215":0,"216":0,"217":0,"218":0,"219":0,"220":0,"221":0,"222":0,"223":0,"224":0,"225":0,"226":0,"227":0,"228":0,"229":0,"230":0,"231":0,"232":0,"233":0,"234":0,"235":0,"236":0,"237":0,"238":0,"239":0,"240":0,"241":0,"242":0,"243":0,"244":0,"245":0,"246":0,"247":0,"248":0,"249":0,"250":0,"251":0,"252":0,"253":0,"254":0,"255":0,"256":0,"257":0,"258":0,"259":0,"260":0,"261":0,"262":0,"263":0},"f":{"0":0,"1":0,"2":0,"3":0,"4":0,"5":0,"6":0,"7":0,"8":0,"9":0,"10":0,"11":0,"12":0,"13":0,"14":0,"15":0,"16":0,"17":0,"18":0,"19":0,"20":0,"21":0,"22":0,"23":0,"24":0,"25":0,"26":0,"27":0,"28":0},"b":{"0":[0,0],"1":[0,0],"2":[0,0],"3":[0,0],"4":[0,0],"5":[0,0],"6":[0,0],"7":[0,0],"8":[0,0],"9":[0,0],"10":[0,0],"11":[0,0],"12":[0,0],"13":[0,0],"14":[0,0],"15":[0,0],"16":[0,0],"17":[0,0],"18":[0,0],"19":[0,0],"20":[0,0],"21":[0,0],"22":[0,0],"23":[0,0],"24":[0,0],"25":[0,0],"26":[0,0],"27":[0,0],"28":[0,0],"29":[0,0],"30":[0,0],"31":[0,0],"32":[0,0],"33":[0,0],"34":[0,0],"35":[0,0],"36":[0,0],"37":[0,0],"38":[0,0],"39":[0,0],"40":[0,0],"41":[0,0],"42":[0,0],"43":[0,0],"44":[0,0],"45":[0,0],"46":[0,0],"47":[0,0],"48":[0,0],"49":[0,0],"50":[0,0],"51":[0,0],"52":[0,0],"53":[0,0,0,0],"54":[0,0],"55":[0,0],"56":[0,0],"57":[0,0],"58":[0,0],"59":[0,0],"60":[0,0],"61":[0,0],"62":[0,0],"63":[0,0],"64":[0,0],"65":[0,0]},"all":true},"D:\\Project\\Project\\e-commerce-ninjas-bn\\src\\modules\\auth\\controller\\authControllers.ts":{"path":"D:\\Project\\Project\\e-commerce-ninjas-bn\\src\\modules\\auth\\controller\\authControllers.ts","statementMap":{"0":{"start":{"line":10,"column":21},"end":{"line":39,"column":1}},"1":{"start":{"line":11,"column":2},"end":{"line":38,"column":3}},"2":{"start":{"line":12,"column":38},"end":{"line":14,"column":5}},"3":{"start":{"line":15,"column":26},"end":{"line":15,"column":52}},"4":{"start":{"line":16,"column":20},"end":{"line":21,"column":5}},"5":{"start":{"line":22,"column":4},"end":{"line":22,"column":50}},"6":{"start":{"line":23,"column":4},"end":{"line":27,"column":6}},"7":{"start":{"line":28,"column":4},"end":{"line":32,"column":7}},"8":{"start":{"line":34,"column":4},"end":{"line":37,"column":7}},"9":{"start":{"line":41,"column":24},"end":{"line":58,"column":1}},"10":{"start":{"line":42,"column":2},"end":{"line":57,"column":3}},"11":{"start":{"line":43,"column":4},"end":{"line":47,"column":6}},"12":{"start":{"line":48,"column":4},"end":{"line":51,"column":7}},"13":{"start":{"line":53,"column":4},"end":{"line":56,"column":7}},"14":{"start":{"line":60,"column":20},"end":{"line":73,"column":1}},"15":{"start":{"line":61,"column":2},"end":{"line":72,"column":3}},"16":{"start":{"line":62,"column":4},"end":{"line":67,"column":6}},"17":{"start":{"line":68,"column":4},"end":{"line":68,"column":89}},"18":{"start":{"line":69,"column":4},"end":{"line":69,"column":116}},"19":{"start":{"line":71,"column":4},"end":{"line":71,"column":131}},"20":{"start":{"line":75,"column":18},"end":{"line":93,"column":1}},"21":{"start":{"line":76,"column":2},"end":{"line":92,"column":3}},"22":{"start":{"line":77,"column":18},"end":{"line":77,"column":44}},"23":{"start":{"line":78,"column":20},"end":{"line":83,"column":5}},"24":{"start":{"line":84,"column":4},"end":{"line":84,"column":50}},"25":{"start":{"line":85,"column":4},"end":{"line":87,"column":68}},"26":{"start":{"line":89,"column":4},"end":{"line":91,"column":69}},"27":{"start":{"line":95,"column":19},"end":{"line":112,"column":1}},"28":{"start":{"line":96,"column":2},"end":{"line":111,"column":3}},"29":{"start":{"line":97,"column":4},"end":{"line":102,"column":6}},"30":{"start":{"line":103,"column":4},"end":{"line":103,"column":75}},"31":{"start":{"line":105,"column":4},"end":{"line":110,"column":9}},"32":{"start":{"line":113,"column":23},"end":{"line":128,"column":1}},"33":{"start":{"line":114,"column":2},"end":{"line":127,"column":3}},"34":{"start":{"line":115,"column":20},"end":{"line":115,"column":46}},"35":{"start":{"line":116,"column":22},"end":{"line":121,"column":7}},"36":{"start":{"line":122,"column":6},"end":{"line":122,"column":52}},"37":{"start":{"line":123,"column":6},"end":{"line":123,"column":122}},"38":{"start":{"line":124,"column":6},"end":{"line":124,"column":107}},"39":{"start":{"line":126,"column":6},"end":{"line":126,"column":84}},"40":{"start":{"line":130,"column":22},"end":{"line":137,"column":1}},"41":{"start":{"line":131,"column":2},"end":{"line":136,"column":3}},"42":{"start":{"line":132,"column":4},"end":{"line":132,"column":100}},"43":{"start":{"line":133,"column":6},"end":{"line":133,"column":104}},"44":{"start":{"line":135,"column":6},"end":{"line":135,"column":84}},"45":{"start":{"line":139,"column":22},"end":{"line":158,"column":1}},"46":{"start":{"line":140,"column":2},"end":{"line":157,"column":3}},"47":{"start":{"line":141,"column":17},"end":{"line":146,"column":5}},"48":{"start":{"line":147,"column":4},"end":{"line":151,"column":7}},"49":{"start":{"line":153,"column":4},"end":{"line":156,"column":7}}},"fnMap":{"0":{"name":"(anonymous_0)","decl":{"start":{"line":10,"column":21},"end":{"line":10,"column":22}},"loc":{"start":{"line":10,"column":75},"end":{"line":39,"column":1}},"line":10},"1":{"name":"(anonymous_1)","decl":{"start":{"line":41,"column":24},"end":{"line":41,"column":25}},"loc":{"start":{"line":41,"column":59},"end":{"line":58,"column":1}},"line":41},"2":{"name":"(anonymous_2)","decl":{"start":{"line":60,"column":20},"end":{"line":60,"column":21}},"loc":{"start":{"line":60,"column":55},"end":{"line":73,"column":1}},"line":60},"3":{"name":"(anonymous_3)","decl":{"start":{"line":75,"column":18},"end":{"line":75,"column":19}},"loc":{"start":{"line":75,"column":53},"end":{"line":93,"column":1}},"line":75},"4":{"name":"(anonymous_4)","decl":{"start":{"line":95,"column":19},"end":{"line":95,"column":20}},"loc":{"start":{"line":95,"column":54},"end":{"line":112,"column":1}},"line":95},"5":{"name":"(anonymous_5)","decl":{"start":{"line":113,"column":23},"end":{"line":113,"column":24}},"loc":{"start":{"line":113,"column":73},"end":{"line":128,"column":1}},"line":113},"6":{"name":"(anonymous_6)","decl":{"start":{"line":130,"column":22},"end":{"line":130,"column":23}},"loc":{"start":{"line":130,"column":72},"end":{"line":137,"column":1}},"line":130},"7":{"name":"(anonymous_7)","decl":{"start":{"line":139,"column":22},"end":{"line":139,"column":23}},"loc":{"start":{"line":139,"column":57},"end":{"line":158,"column":1}},"line":139}},"branchMap":{},"s":{"0":0,"1":0,"2":0,"3":0,"4":0,"5":0,"6":0,"7":0,"8":0,"9":0,"10":0,"11":0,"12":0,"13":0,"14":0,"15":0,"16":0,"17":0,"18":0,"19":0,"20":0,"21":0,"22":0,"23":0,"24":0,"25":0,"26":0,"27":0,"28":0,"29":0,"30":0,"31":0,"32":0,"33":0,"34":0,"35":0,"36":0,"37":0,"38":0,"39":0,"40":0,"41":0,"42":0,"43":0,"44":0,"45":0,"46":0,"47":0,"48":0,"49":0},"f":{"0":0,"1":0,"2":0,"3":0,"4":0,"5":0,"6":0,"7":0},"b":{},"all":true},"D:\\Project\\Project\\e-commerce-ninjas-bn\\src\\modules\\auth\\repository\\authRepositories.ts":{"path":"D:\\Project\\Project\\e-commerce-ninjas-bn\\src\\modules\\auth\\repository\\authRepositories.ts","statementMap":{"0":{"start":{"line":6,"column":19},"end":{"line":8,"column":1}},"1":{"start":{"line":7,"column":2},"end":{"line":7,"column":58}},"2":{"start":{"line":10,"column":29},"end":{"line":12,"column":1}},"3":{"start":{"line":11,"column":2},"end":{"line":11,"column":61}},"4":{"start":{"line":14,"column":31},"end":{"line":25,"column":1}},"5":{"start":{"line":20,"column":2},"end":{"line":23,"column":4}},"6":{"start":{"line":24,"column":2},"end":{"line":24,"column":58}},"7":{"start":{"line":27,"column":22},"end":{"line":29,"column":1}},"8":{"start":{"line":28,"column":2},"end":{"line":28,"column":40}},"9":{"start":{"line":31,"column":32},"end":{"line":33,"column":1}},"10":{"start":{"line":32,"column":4},"end":{"line":32,"column":65}},"11":{"start":{"line":35,"column":36},"end":{"line":37,"column":1}},"12":{"start":{"line":36,"column":2},"end":{"line":36,"column":65}},"13":{"start":{"line":39,"column":37},"end":{"line":42,"column":1}},"14":{"start":{"line":40,"column":20},"end":{"line":40,"column":74}},"15":{"start":{"line":41,"column":4},"end":{"line":41,"column":25}},"16":{"start":{"line":44,"column":34},"end":{"line":53,"column":1}},"17":{"start":{"line":50,"column":2},"end":{"line":52,"column":5}},"18":{"start":{"line":55,"column":31},"end":{"line":63,"column":3}},"19":{"start":{"line":56,"column":4},"end":{"line":62,"column":7}}},"fnMap":{"0":{"name":"(anonymous_0)","decl":{"start":{"line":6,"column":19},"end":{"line":6,"column":20}},"loc":{"start":{"line":6,"column":40},"end":{"line":8,"column":1}},"line":6},"1":{"name":"(anonymous_1)","decl":{"start":{"line":10,"column":29},"end":{"line":10,"column":30}},"loc":{"start":{"line":10,"column":64},"end":{"line":12,"column":1}},"line":10},"2":{"name":"(anonymous_2)","decl":{"start":{"line":14,"column":31},"end":{"line":14,"column":32}},"loc":{"start":{"line":19,"column":5},"end":{"line":25,"column":1}},"line":19},"3":{"name":"(anonymous_3)","decl":{"start":{"line":27,"column":22},"end":{"line":27,"column":23}},"loc":{"start":{"line":27,"column":43},"end":{"line":29,"column":1}},"line":27},"4":{"name":"(anonymous_4)","decl":{"start":{"line":31,"column":32},"end":{"line":31,"column":33}},"loc":{"start":{"line":31,"column":67},"end":{"line":33,"column":1}},"line":31},"5":{"name":"(anonymous_5)","decl":{"start":{"line":35,"column":36},"end":{"line":35,"column":37}},"loc":{"start":{"line":35,"column":77},"end":{"line":37,"column":1}},"line":35},"6":{"name":"(anonymous_6)","decl":{"start":{"line":39,"column":37},"end":{"line":39,"column":38}},"loc":{"start":{"line":39,"column":77},"end":{"line":42,"column":1}},"line":39},"7":{"name":"(anonymous_7)","decl":{"start":{"line":44,"column":34},"end":{"line":44,"column":35}},"loc":{"start":{"line":49,"column":5},"end":{"line":53,"column":1}},"line":49},"8":{"name":"(anonymous_8)","decl":{"start":{"line":55,"column":31},"end":{"line":55,"column":32}},"loc":{"start":{"line":55,"column":68},"end":{"line":63,"column":3}},"line":55}},"branchMap":{},"s":{"0":0,"1":0,"2":0,"3":0,"4":0,"5":0,"6":0,"7":0,"8":0,"9":0,"10":0,"11":0,"12":0,"13":0,"14":0,"15":0,"16":0,"17":0,"18":0,"19":0},"f":{"0":0,"1":0,"2":0,"3":0,"4":0,"5":0,"6":0,"7":0,"8":0},"b":{},"all":true},"D:\\Project\\Project\\e-commerce-ninjas-bn\\src\\modules\\auth\\validation\\authValidations.ts":{"path":"D:\\Project\\Project\\e-commerce-ninjas-bn\\src\\modules\\auth\\validation\\authValidations.ts","statementMap":{"0":{"start":{"line":8,"column":25},"end":{"line":22,"column":2}},"1":{"start":{"line":24,"column":20},"end":{"line":31,"column":2}},"2":{"start":{"line":33,"column":18},"end":{"line":39,"column":2}},"3":{"start":{"line":41,"column":27},"end":{"line":47,"column":2}},"4":{"start":{"line":49,"column":28},"end":{"line":57,"column":2}}},"fnMap":{},"branchMap":{},"s":{"0":0,"1":0,"2":0,"3":0,"4":0},"f":{},"b":{},"all":true},"D:\\Project\\Project\\e-commerce-ninjas-bn\\src\\modules\\cart\\controller\\cartControllers.ts":{"path":"D:\\Project\\Project\\e-commerce-ninjas-bn\\src\\modules\\cart\\controller\\cartControllers.ts","statementMap":{"0":{"start":{"line":11,"column":26},"end":{"line":32,"column":1}},"1":{"start":{"line":14,"column":18},"end":{"line":14,"column":19}},"2":{"start":{"line":16,"column":26},"end":{"line":29,"column":4}},"3":{"start":{"line":17,"column":20},"end":{"line":17,"column":40}},"4":{"start":{"line":18,"column":23},"end":{"line":18,"column":59}},"5":{"start":{"line":19,"column":4},"end":{"line":19,"column":28}},"6":{"start":{"line":21,"column":4},"end":{"line":28,"column":6}},"7":{"start":{"line":31,"column":2},"end":{"line":31,"column":40}},"8":{"start":{"line":34,"column":21},"end":{"line":59,"column":1}},"9":{"start":{"line":35,"column":2},"end":{"line":58,"column":3}},"10":{"start":{"line":36,"column":17},"end":{"line":39,"column":5}},"11":{"start":{"line":40,"column":25},"end":{"line":42,"column":5}},"12":{"start":{"line":43,"column":43},"end":{"line":43,"column":74}},"13":{"start":{"line":45,"column":4},"end":{"line":52,"column":7}},"14":{"start":{"line":54,"column":4},"end":{"line":57,"column":7}},"15":{"start":{"line":61,"column":22},"end":{"line":90,"column":1}},"16":{"start":{"line":62,"column":2},"end":{"line":89,"column":3}},"17":{"start":{"line":63,"column":18},"end":{"line":63,"column":70}},"18":{"start":{"line":65,"column":28},"end":{"line":78,"column":5}},"19":{"start":{"line":67,"column":29},"end":{"line":69,"column":9}},"20":{"start":{"line":70,"column":47},"end":{"line":70,"column":78}},"21":{"start":{"line":72,"column":8},"end":{"line":76,"column":10}},"22":{"start":{"line":80,"column":4},"end":{"line":83,"column":7}},"23":{"start":{"line":85,"column":4},"end":{"line":88,"column":7}},"24":{"start":{"line":92,"column":33},"end":{"line":113,"column":1}},"25":{"start":{"line":93,"column":2},"end":{"line":100,"column":5}},"26":{"start":{"line":102,"column":23},"end":{"line":102,"column":78}},"27":{"start":{"line":103,"column":41},"end":{"line":103,"column":72}},"28":{"start":{"line":105,"column":2},"end":{"line":112,"column":5}},"29":{"start":{"line":115,"column":26},"end":{"line":134,"column":1}},"30":{"start":{"line":116,"column":2},"end":{"line":119,"column":5}},"31":{"start":{"line":121,"column":23},"end":{"line":123,"column":3}},"32":{"start":{"line":124,"column":41},"end":{"line":124,"column":72}},"33":{"start":{"line":126,"column":2},"end":{"line":133,"column":5}},"34":{"start":{"line":136,"column":30},"end":{"line":202,"column":1}},"35":{"start":{"line":137,"column":2},"end":{"line":201,"column":3}},"36":{"start":{"line":138,"column":36},"end":{"line":138,"column":44}},"37":{"start":{"line":139,"column":19},"end":{"
[...]
":1}},"19":{"start":{"line":67,"column":2},"end":{"line":70,"column":4}},"20":{"start":{"line":71,"column":2},"end":{"line":71,"column":71}},"21":{"start":{"line":74,"column":21},"end":{"line":84,"column":1}},"22":{"start":{"line":75,"column":14},"end":{"line":75,"column":24}},"23":{"start":{"line":76,"column":2},"end":{"line":79,"column":4}},"24":{"start":{"line":80,"column":2},"end":{"line":83,"column":4}},"25":{"start":{"line":86,"column":26},"end":{"line":97,"column":1}},"26":{"start":{"line":91,"column":26},"end":{"line":95,"column":4}},"27":{"start":{"line":96,"column":2},"end":{"line":96,"column":25}},"28":{"start":{"line":99,"column":32},"end":{"line":101,"column":1}},"29":{"start":{"line":100,"column":2},"end":{"line":100,"column":59}},"30":{"start":{"line":103,"column":22},"end":{"line":113,"column":1}},"31":{"start":{"line":109,"column":2},"end":{"line":112,"column":4}},"32":{"start":{"line":115,"column":20},"end":{"line":115,"column":30}},"33":{"start":{"line":117,"column":24},"end":{"line":129,"column":1}},"34":{"start":{"line":118,"column":26},"end":{"line":127,"column":4}},"35":{"start":{"line":128,"column":2},"end":{"line":128,"column":25}},"36":{"start":{"line":130,"column":27},"end":{"line":136,"column":1}},"37":{"start":{"line":131,"column":2},"end":{"line":135,"column":5}},"38":{"start":{"line":138,"column":29},"end":{"line":142,"column":1}},"39":{"start":{"line":139,"column":2},"end":{"line":141,"column":5}},"40":{"start":{"line":144,"column":32},"end":{"line":155,"column":1}},"41":{"start":{"line":145,"column":2},"end":{"line":154,"column":5}},"42":{"start":{"line":156,"column":29},"end":{"line":158,"column":1}},"43":{"start":{"line":157,"column":2},"end":{"line":157,"column":41}},"44":{"start":{"line":160,"column":40},"end":{"line":171,"column":1}},"45":{"start":{"line":161,"column":2},"end":{"line":170,"column":5}},"46":{"start":{"line":172,"column":34},"end":{"line":174,"column":1}},"47":{"start":{"line":173,"column":2},"end":{"line":173,"column":67}},"48":{"start":{"line":176,"column":38},"end":{"line":181,"column":1}},"49":{"start":{"line":180,"column":2},"end":{"line":180,"column":70}}},"fnMap":{"0":{"name":"(anonymous_0)","decl":{"start":{"line":6,"column":22},"end":{"line":6,"column":23}},"loc":{"start":{"line":6,"column":43},"end":{"line":8,"column":1}},"line":6},"1":{"name":"(anonymous_1)","decl":{"start":{"line":10,"column":19},"end":{"line":10,"column":20}},"loc":{"start":{"line":10,"column":40},"end":{"line":12,"column":1}},"line":10},"2":{"name":"(anonymous_2)","decl":{"start":{"line":14,"column":29},"end":{"line":14,"column":30}},"loc":{"start":{"line":14,"column":76},"end":{"line":16,"column":1}},"line":14},"3":{"name":"(anonymous_3)","decl":{"start":{"line":18,"column":34},"end":{"line":18,"column":35}},"loc":{"start":{"line":24,"column":5},"end":{"line":33,"column":1}},"line":24},"4":{"name":"(anonymous_4)","decl":{"start":{"line":35,"column":26},"end":{"line":35,"column":27}},"loc":{"start":{"line":35,"column":70},"end":{"line":37,"column":1}},"line":35},"5":{"name":"(anonymous_5)","decl":{"start":{"line":39,"column":30},"end":{"line":39,"column":31}},"loc":{"start":{"line":43,"column":5},"end":{"line":47,"column":1}},"line":43},"6":{"name":"(anonymous_6)","decl":{"start":{"line":49,"column":33},"end":{"line":49,"column":34}},"loc":{"start":{"line":49,"column":59},"end":{"line":51,"column":1}},"line":49},"7":{"name":"(anonymous_7)","decl":{"start":{"line":53,"column":24},"end":{"line":53,"column":25}},"loc":{"start":{"line":53,"column":46},"end":{"line":55,"column":1}},"line":53},"8":{"name":"(anonymous_8)","decl":{"start":{"line":57,"column":25},"end":{"line":57,"column":26}},"loc":{"start":{"line":57,"column":51},"end":{"line":59,"column":1}},"line":57},"9":{"name":"(anonymous_9)","decl":{"start":{"line":61,"column":34},"end":{"line":61,"column":35}},"loc":{"start":{"line":66,"column":5},"end":{"line":72,"column":1}},"line":66},"10":{"name":"(anonymous_10)","decl":{"start":{"line":74,"column":21},"end":{"line":74,"column":22}},"loc":{"start":{"line":74,"column":47},"end":{"line":84,"column":1}},"line":74},"11":{"name":"(anonymous_11)","decl":{"start":{"line":86,"column":26},"end":{"line":86,"column":27}},"loc":{"start":{"line":90,"column":5},"end":{"line":97,"column":1}},"line":90},"12":{"name":"(anonymous_12)","decl":{"start":{"line":99,"column":32},"end":{"line":99,"column":33}},"loc":{"start":{"line":99,"column":70},"end":{"line":101,"column":1}},"line":99},"13":{"name":"(anonymous_13)","decl":{"start":{"line":103,"column":22},"end":{"line":103,"column":23}},"loc":{"start":{"line":108,"column":5},"end":{"line":113,"column":1}},"line":108},"14":{"name":"(anonymous_14)","decl":{"start":{"line":117,"column":24},"end":{"line":117,"column":25}},"loc":{"start":{"line":117,"column":49},"end":{"line":129,"column":1}},"line":117},"15":{"name":"(anonymous_15)","decl":{"start":{"line":130,"column":27},"end":{"line":130,"column":28}},"loc":{"start":{"line":130,"column":70},"end":{"line":136,"column":1}},"line":130},"16":{"name":"(anonymous_16)","decl":{"start":{"line":138,"column":29},"end":{"line":138,"column":30}},"loc":{"start":{"line":138,"column":74},"end":{"line":142,"column":1}},"line":138},"17":{"name":"(anonymous_17)","decl":{"start":{"line":144,"column":32},"end":{"line":144,"column":33}},"loc":{"start":{"line":144,"column":77},"end":{"line":155,"column":1}},"line":144},"18":{"name":"(anonymous_18)","decl":{"start":{"line":156,"column":29},"end":{"line":156,"column":30}},"loc":{"start":{"line":156,"column":50},"end":{"line":158,"column":1}},"line":156},"19":{"name":"(anonymous_19)","decl":{"start":{"line":160,"column":40},"end":{"line":160,"column":41}},"loc":{"start":{"line":160,"column":66},"end":{"line":171,"column":1}},"line":160},"20":{"name":"(anonymous_20)","decl":{"start":{"line":172,"column":34},"end":{"line":172,"column":35}},"loc":{"start":{"line":172,"column":60},"end":{"line":174,"column":1}},"line":172},"21":{"name":"(anonymous_21)","decl":{"start":{"line":176,"column":38},"end":{"line":176,"column":39}},"loc":{"start":{"line":179,"column":5},"end":{"line":181,"column":1}},"line":179}},"branchMap":{},"s":{"0":0,"1":0,"2":0,"3":0,"4":0,"5":0,"6":0,"7":0,"8":0,"9":0,"10":0,"11":0,"12":0,"13":0,"14":0,"15":0,"16":0,"17":0,"18":0,"19":0,"20":0,"21":0,"22":0,"23":0,"24":0,"25":0,"26":0,"27":0,"28":0,"29":0,"30":0,"31":0,"32":0,"33":0,"34":0,"35":0,"36":0,"37":0,"38":0,"39":0,"40":0,"41":0,"42":0,"43":0,"44":0,"45":0,"46":0,"47":0,"48":0,"49":0},"f":{"0":0,"1":0,"2":0,"3":0,"4":0,"5":0,"6":0,"7":0,"8":0,"9":0,"10":0,"11":0,"12":0,"13":0,"14":0,"15":0,"16":0,"17":0,"18":0,"19":0,"20":0,"21":0},"b":{},"all":true},"D:\\Project\\Project\\e-commerce-ninjas-bn\\src\\modules\\product\\validation\\productValidation.ts":{"path":"D:\\Project\\Project\\e-commerce-ninjas-bn\\src\\modules\\product\\validation\\productValidation.ts","statementMap":{"0":{"start":{"line":5,"column":22},"end":{"line":46,"column":2}},"1":{"start":{"line":48,"column":28},"end":{"line":57,"column":2}},"2":{"start":{"line":59,"column":19},"end":{"line":67,"column":2}},"3":{"start":{"line":69,"column":25},"end":{"line":79,"column":2}},"4":{"start":{"line":81,"column":21},"end":{"line":87,"column":2}}},"fnMap":{},"branchMap":{},"s":{"0":0,"1":0,"2":0,"3":0,"4":0},"f":{},"b":{},"all":true},"D:\\Project\\Project\\e-commerce-ninjas-bn\\src\\modules\\user\\controller\\userControllers.ts":{"path":"D:\\Project\\Project\\e-commerce-ninjas-bn\\src\\modules\\user\\controller\\userControllers.ts","statementMap":{"0":{"start":{"line":10,"column":22},"end":{"line":23,"column":1}},"1":{"start":{"line":11,"column":2},"end":{"line":22,"column":3}},"2":{"start":{"line":12,"column":17},"end":{"line":12,"column":53}},"3":{"start":{"line":13,"column":4},"end":{"line":16,"column":7}},"4":{"start":{"line":18,"column":4},"end":{"line":21,"column":7}},"5":{"start":{"line":25,"column":21},"end":{"line":41,"column":1}},"6":{"start":{"line":26,"column":2},"end":{"line":40,"column":3}},"7":{"start":{"line":27,"column":17},"end":{"line":30,"column":5}},"8":{"start":{"line":31,"column":4},"end":{"line":34,"column":7}},"9":{"start":{"line":36,"column":4},"end":{"line":39,"column":7}},"10":{"start":{"line":43,"column":23},"end":{"line":61,"column":1}},"11":{"start":{"line":44,"column":2},"end":{"line":60,"column":3}},"12":{"start":{"line":45,"column":17},"end":{"line":50,"column":5}},"13":{"start":{"line":51,"column":4},"end":{"line":54,"column":7}},"14":{"start":{"line":56,"column":4},"end":{"line":59,"column":7}},"15":{"start":{"line":63,"column":25},"end":{"line":81,"column":1}},"16":{"start":{"line":64,"column":2},"end":{"line":80,"column":3}},"17":{"start":{"line":65,"column":27},"end":{"line":65,"column":40}},"18":{"start":{"line":66,"column":17},"end":{"line":71,"column":5}},"19":{"start":{"line":72,"column":4},"end":{"line":74,"column":79}},"20":{"start":{"line":76,"column":4},"end":{"line":79,"column":7}},"21":{"start":{"line":82,"column":23},"end":{"line":94,"column":1}},"22":{"start":{"line":83,"column":2},"end":{"line":93,"column":3}},"23":{"start":{"line":84,"column":17},"end":{"line":84,"column":79}},"24":{"start":{"line":85,"column":4},"end":{"line":87,"column":61}},"25":{"start":{"line":89,"column":4},"end":{"line":92,"column":7}},"26":{"start":{"line":96,"column":26},"end":{"line":112,"column":1}},"27":{"start":{"line":97,"column":2},"end":{"line":111,"column":3}},"28":{"start":{"line":98,"column":19},"end":{"line":98,"column":47}},"29":{"start":{"line":99,"column":21},"end":{"line":99,"column":71}},"30":{"start":{"line":100,"column":17},"end":{"line":103,"column":5}},"31":{"start":{"line":104,"column":4},"end":{"line":106,"column":61}},"32":{"start":{"line":108,"column":4},"end":{"line":110,"column":80}},"33":{"start":{"line":114,"column":23},"end":{"line":131,"column":1}},"34":{"start":{"line":115,"column":2},"end":{"line":130,"column":3}},"35":{"start":{"line":116,"column":17},"end":{"line":121,"column":5}},"36":{"start":{"line":122,"column":4},"end":{"line":124,"column":80}},"37":{"start":{"line":126,"column":4},"end":{"line":129,"column":7}}},"fnMap":{"0":{"name":"(anonymous_0)","decl":{"start":{"line":10,"column":22},"end":{"line":10,"column":23}},"loc":{"start":{"line":10,"column":61},"end":{"line":23,"column":1}},"line":10},"1":{"name":"(anonymous_1)","decl":{"start":{"line":25,"column":21},"end":{"line":25,"column":22}},"loc":{"start":{"line":25,"column":60},"end":{"line":41,"column":1}},"line":25},"2":{"name":"(anonymous_2)","decl":{"start":{"line":43,"column":23},"end":{"line":43,"column":24}},"loc":{"start":{"line":43,"column":62},"end":{"line":61,"column":1}},"line":43},"3":{"name":"(anonymous_3)","decl":{"start":{"line":63,"column":25},"end":{"line":63,"column":26}},"loc":{"start":{"line":63,"column":79},"end":{"line":81,"column":1}},"line":63},"4":{"name":"(anonymous_4)","decl":{"start":{"line":82,"column":23},"end":{"line":82,"column":24}},"loc":{"start":{"line":82,"column":62},"end":{"line":94,"column":1}},"line":82},"5":{"name":"(anonymous_5)","decl":{"start":{"line":96,"column":26},"end":{"line":96,"column":27}},"loc":{"start":{"line":96,"column":65},"end":{"line":112,"column":1}},"line":96},"6":{"name":"(anonymous_6)","decl":{"start":{"line":114,"column":23},"end":{"line":114,"column":24}},"loc":{"start":{"line":114,"column":58},"end":{"line":131,"column":1}},"line":114}},"branchMap":{},"s":{"0":0,"1":0,"2":0,"3":0,"4":0,"5":0,"6":0,"7":0,"8":0,"9":0,"10":0,"11":0,"12":0,"13":0,"14":0,"15":0,"16":0,"17":0,"18":0,"19":0,"20":0,"21":0,"22":0,"23":0,"24":0,"25":0,"26":0,"27":0,"28":0,"29":0,"30":0,"31":0,"32":0,"33":0,"34":0,"35":0,"36":0,"37":0},"f":{"0":0,"1":0,"2":0,"3":0,"4":0,"5":0,"6":0},"b":{},"all":true},"D:\\Project\\Project\\e-commerce-ninjas-bn\\src\\modules\\user\\repository\\userRepositories.ts":{"path":"D:\\Project\\Project\\e-commerce-ninjas-bn\\src\\modules\\user\\repository\\userRepositories.ts","statementMap":{"0":{"start":{"line":4,"column":20},"end":{"line":6,"column":1}},"1":{"start":{"line":5,"column":2},"end":{"line":5,"column":28}},"2":{"start":{"line":8,"column":26},"end":{"line":12,"column":1}},"3":{"start":{"line":9,"column":2},"end":{"line":9,"column":73}},"4":{"start":{"line":10,"column":21},"end":{"line":10,"column":62}},"5":{"start":{"line":11,"column":2},"end":{"line":11,"column":20}},"6":{"start":{"line":14,"column":24},"end":{"line":28,"column":1}},"7":{"start":{"line":15,"column":15},"end":{"line":15,"column":57}},"8":{"start":{"line":16,"column":19},"end":{"line":25,"column":4}},"9":{"start":{"line":27,"column":2},"end":{"line":27,"column":27}},"10":{"start":{"line":32,"column":24},"end":{"line":45,"column":1}},"11":{"start":{"line":33,"column":16},"end":{"line":43,"column":4}},"12":{"start":{"line":44,"column":2},"end":{"line":44,"column":15}}},"fnMap":{"0":{"name":"(anonymous_0)","decl":{"start":{"line":4,"column":20},"end":{"line":4,"column":21}},"loc":{"start":{"line":4,"column":32},"end":{"line":6,"column":1}},"line":4},"1":{"name":"(anonymous_1)","decl":{"start":{"line":8,"column":26},"end":{"line":8,"column":27}},"loc":{"start":{"line":8,"column":59},"end":{"line":12,"column":1}},"line":8},"2":{"name":"(anonymous_2)","decl":{"start":{"line":14,"column":24},"end":{"line":14,"column":25}},"loc":{"start":{"line":14,"column":51},"end":{"line":28,"column":1}},"line":14},"3":{"name":"(anonymous_3)","decl":{"start":{"line":32,"column":24},"end":{"line":32,"column":25}},"loc":{"start":{"line":32,"column":36},"end":{"line":45,"column":1}},"line":32}},"branchMap":{},"s":{"0":0,"1":0,"2":0,"3":0,"4":0,"5":0,"6":0,"7":0,"8":0,"9":0,"10":0,"11":0,"12":0},"f":{"0":0,"1":0,"2":0,"3":0},"b":{},"all":true},"D:\\Project\\Project\\e-commerce-ninjas-bn\\src\\modules\\user\\validation\\userValidations.ts":{"path":"D:\\Project\\Project\\e-commerce-ninjas-bn\\src\\modules\\user\\validation\\userValidations.ts","statementMap":{"0":{"start":{"line":15,"column":28},"end":{"line":21,"column":2}},"1":{"start":{"line":23,"column":26},"end":{"line":29,"column":2}},"2":{"start":{"line":30,"column":26},"end":{"line":74,"column":2}},"3":{"start":{"line":76,"column":36},"end":{"line":94,"column":2}}},"fnMap":{},"branchMap":{},"s":{"0":0,"1":0,"2":0,"3":0},"f":{},"b":{},"all":true},"D:\\Project\\Project\\e-commerce-ninjas-bn\\src\\routes\\authRouter.ts":{"path":"D:\\Project\\Project\\e-commerce-ninjas-bn\\src\\routes\\authRouter.ts","statementMap":{"0":{"start":{"line":26,"column":23},"end":{"line":26,"column":31}},"1":{"start":{"line":28,"column":0},"end":{"line":29,"column":2}},"2":{"start":{"line":30,"column":0},"end":{"line":34,"column":2}},"3":{"start":{"line":35,"column":0},"end":{"line":40,"column":2}},"4":{"start":{"line":41,"column":0},"end":{"line":49,"column":2}},"5":{"start":{"line":51,"column":0},"end":{"line":55,"column":2}},"6":{"start":{"line":57,"column":0},"end":{"line":57,"column":47}},"7":{"start":{"line":58,"column":0},"end":{"line":58,"column":66}},"8":{"start":{"line":60,"column":0},"end":{"line":65,"column":2}},"9":{"start":{"line":66,"column":0},"end":{"line":71,"column":2}},"10":{"start":{"line":72,"column":0},"end":{"line":72,"column":101}},"11":{"start":{"line":73,"column":0},"end":{"line":73,"column":129}}},"fnMap":{},"branchMap":{},"s":{"0":0,"1":0,"2":0,"3":0,"4":0,"5":0,"6":0,"7":0,"8":0,"9":0,"10":0,"11":0},"f":{},"b":{},"all":true},"D:\\Project\\Project\\e-commerce-ninjas-bn\\src\\routes\\cartRouter.ts":{"path":"D:\\Project\\Project\\e-commerce-ninjas-bn\\src\\routes\\cartRouter.ts","statementMap":{"0":{"start":{"line":14,"column":23},"end":{"line":14,"column":31}},"1":{"start":{"line":16,"column":0},"end":{"line":22,"column":2}},"2":{"start":{"line":24,"column":0},"end":{"line":29,"column":2}},"3":{"start":{"line":31,"column":0},"end":{"line":36,"column":2}},"4":{"start":{"line":38,"column":0},"end":{"line":44,"column":2}},"5":{"start":{"line":46,"column":0},"end":{"line":51,"column":2}},"6":{"start":{"line":53,"column":0},"end":{"line":58,"column":2}},"7":{"start":{"line":59,"column":0},"end":{"line":64,"column":4}}},"fnMap":{},"branchMap":{},"s":{"0":0,"1":0,"2":0,"3":0,"4":0,"5":0,"6":0,"7":0},"f":{},"b":{},"all":true},"D:\\Project\\Project\\e-commerce-ninjas-bn\\src\\routes\\index.ts":{"path":"D:\\Project\\Project\\e-commerce-ninjas-bn\\src\\routes\\index.ts","statementMap":{"0":{"start":{"line":7,"column":23},"end":{"line":7,"column":31}},"1":{"start":{"line":9,"column":0},"end":{"line":9,"column":32}},"2":{"start":{"line":10,"column":0},"end":{"line":10,"column":32}},"3":{"start":{"line":11,"column":0},"end":{"line":11,"column":35}},"4":{"start":{"line":12,"column":0},"end":{"line":12,"column":32}}},"fnMap":{},"branchMap":{},"s":{"0":0,"1":0,"2":0,"3":0,"4":0},"f":{},"b":{},"all":true},"D:\\Project\\Project\\e-commerce-ninjas-bn\\src\\routes\\productRouter.ts":{"path":"D:\\Project\\Project\\e-commerce-ninjas-bn\\src\\routes\\productRouter.ts","statementMap":{"0":{"start":{"line":28,"column":23},"end":{"line":28,"column":31}},"1":{"start":{"line":30,"column":0},"end":{"line":38,"column":2}},"2":{"start":{"line":39,"column":0},"end":{"line":45,"column":2}},"3":{"start":{"line":46,"column":0},"end":{"line":51,"column":2}},"4":{"start":{"line":52,"column":0},"end":{"line":57,"column":2}},"5":{"start":{"line":59,"column":0},"end":{"line":66,"column":2}},"6":{"start":{"line":68,"column":0},"end":{"line":73,"column":2}},"7":{"start":{"line":74,"column":0},"end":{"line":80,"column":2}},"8":{"start":{"line":82,"column":0},"end":{"line":86,"column":2}},"9":{"start":{"line":88,"column":0},"end":{"line":93,"column":2}},"10":{"start":{"line":95,"column":0},"end":{"line":99,"column":2}},"11":{"start":{"line":100,"column":0},"end":{"line":106,"column":2}},"12":{"start":{"line":108,"column":0},"end":{"line":113,"column":2}},"13":{"start":{"line":114,"column":0},"end":{"line":119,"column":2}},"14":{"start":{"line":120,"column":0},"end":{"line":125,"column":2}},"15":{"start":{"line":126,"column":0},"end":{"line":131,"column":2}},"16":{"start":{"line":132,"column":0},"end":{"line":137,"column":2}}},"fnMap":{},"branchMap":{},"s":{"0":0,"1":0,"2":0,"3":0,"4":0,"5":0,"6":0,"7":0,"8":0,"9":0,"10":0,"11":0,"12":0,"13":0,"14":0,"15":0,"16":0},"f":{},"b":{},"all":true},"D:\\Project\\Project\\e-commerce-ninjas-bn\\src\\routes\\userRouter.ts":{"path":"D:\\Project\\Project\\e-commerce-ninjas-bn\\src\\routes\\userRouter.ts","statementMap":{"0":{"start":{"line":8,"column":17},"end":{"line":8,"column":25}},"1":{"start":{"line":10,"column":2},"end":{"line":10,"column":108}},"2":{"start":{"line":11,"column":2},"end":{"line":11,"column":109}},"3":{"start":{"line":12,"column":2},"end":{"line":12,"column":149}},"4":{"start":{"line":13,"column":2},"end":{"line":13,"column":143}},"5":{"start":{"line":15,"column":2},"end":{"line":15,"column":115}},"6":{"start":{"line":16,"column":2},"end":{"line":16,"column":178}},"7":{"start":{"line":17,"column":2},"end":{"line":17,"column":160}}},"fnMap":{},"branchMap":{},"s":{"0":0,"1":0,"2":0,"3":0,"4":0,"5":0,"6":0,"7":0},"f":{},"b":{},"all":true},"D:\\Project\\Project\\e-commerce-ninjas-bn\\src\\services\\sendEmail.ts":{"path":"D:\\Project\\Project\\e-commerce-ninjas-bn\\src\\services\\sendEmail.ts","statementMap":{"0":{"start":{"line":6,"column":0},"end":{"line":6,"column":16}},"1":{"start":{"line":7,"column":20},"end":{"line":15,"column":2}},"2":{"start":{"line":17,"column":18},"end":{"line":30,"column":1}},"3":{"start":{"line":18,"column":4},"end":{"line":29,"column":5}},"4":{"start":{"line":19,"column":51},"end":{"line":24,"column":9}},"5":{"start":{"line":26,"column":8},"end":{"line":26,"column":54}},"6":{"start":{"line":28,"column":8},"end":{"line":28,"column":31}}},"fnMap":{"0":{"name":"(anonymous_0)","decl":{"start":{"line":17,"column":18},"end":{"line":17,"column":19}},"loc":{"start":{"line":17,"column":76},"end":{"line":30,"column":1}},"line":17}},"branchMap":{},"s":{"0":0,"1":0,"2":0,"3":0,"4":0,"5":0,"6":0},"f":{"0":0},"b":{},"all":true}}