TN:
SF:src\index.ts
FN:36,(anonymous_1)
FN:44,(anonymous_2)
FNF:2
FNH:2
FNDA:1,(anonymous_1)
FNDA:1,(anonymous_2)
DA:1,1
DA:2,1
DA:3,1
DA:4,1
DA:5,1
DA:6,1
DA:7,1
DA:8,1
DA:9,1
DA:10,1
DA:11,1
DA:12,1
DA:13,1
DA:15,1
DA:17,1
DA:18,1
DA:19,1
DA:21,1
DA:27,1
DA:28,1
DA:29,1
DA:30,1
DA:31,1
DA:33,1
DA:34,1
DA:36,1
DA:37,1
DA:44,1
DA:45,1
DA:48,1
LF:30
LH:30
BRF:0
BRH:0
end_of_record
TN:
SF:src\enums\index.ts
FN:2,(anonymous_0)
FNF:1
FNH:1
FNDA:1,(anonymous_0)
DA:2,1
DA:3,1
DA:4,1
LF:3
LH:3
BRDA:2,0,0,1
BRDA:2,0,1,1
BRF:2
BRH:2
end_of_record
TN:
SF:src\helpers\index.ts
FN:8,(anonymous_1)
FN:12,(anonymous_2)
FN:17,(anonymous_3)
FN:21,(anonymous_4)
FN:25,(anonymous_5)
FN:29,(anonymous_6)
FNF:6
FNH:6
FNDA:15,(anonymous_1)
FNDA:35,(anonymous_2)
FNDA:11,(anonymous_3)
FNDA:8,(anonymous_4)
FNDA:2,(anonymous_5)
FNDA:2,(anonymous_6)
DA:2,1
DA:3,1
DA:4,1
DA:6,1
DA:8,1
DA:9,15
DA:12,1
DA:13,35
DA:17,1
DA:18,11
DA:21,1
DA:22,8
DA:25,1
DA:26,2
DA:29,1
DA:30,2
DA:31,2
DA:32,2
DA:35,1
LF:19
LH:19
BRF:0
BRH:0
end_of_record
TN:
SF:src\helpers\multer.ts
FN:6,(anonymous_1)
FNF:1
FNH:1
FNDA:10,(anonymous_1)
DA:2,1
DA:3,1
DA:6,1
DA:7,10
DA:8,10
DA:9,1
DA:11,9
DA:14,1
DA:16,1
DA:21,1
LF:10
LH:10
BRDA:8,0,0,1
BRDA:8,0,1,9
BRDA:8,1,0,10
BRDA:8,1,1,10
BRDA:8,1,2,9
BRF:5
BRH:5
end_of_record
TN:
SF:src\helpers\passwordExpiryNotifications.ts
FN:11,(anonymous_1)
FN:17,(anonymous_2)
FN:24,(anonymous_3)
FN:46,(anonymous_4)
FN:69,(anonymous_5)
FN:92,(anonymous_6)
FNF:6
FNH:0
FNDA:0,(anonymous_1)
FNDA:0,(anonymous_2)
FNDA:0,(anonymous_3)
FNDA:0,(anonymous_4)
FNDA:0,(anonymous_5)
FNDA:0,(anonymous_6)
DA:1,1
DA:2,1
DA:3,1
DA:5,1
DA:6,1
DA:7,1
DA:8,1
DA:9,1
DA:11,1
DA:12,0
DA:13,0
DA:14,0
DA:17,1
DA:18,0
DA:19,0
DA:21,0
DA:24,1
DA:25,0
DA:27,0
DA:28,0
DA:41,0
DA:42,0
DA:43,0
DA:44,0
DA:47,0
DA:51,0
DA:64,0
DA:65,0
DA:66,0
DA:67,0
DA:70,0
DA:74,0
DA:87,0
DA:88,0
DA:89,0
DA:90,0
DA:93,0
DA:101,0
LF:38
LH:11
BRDA:5,0,0,1
BRDA:5,0,1,1
BRDA:18,1,0,0
BRDA:18,1,1,0
BRF:4
BRH:2
end_of_record
TN:
SF:src\helpers\updateExpiredProducts.ts
FN:7,(anonymous_1)
FN:24,(anonymous_2)
FN:34,(anonymous_3)
FN:46,(anonymous_4)
FN:54,(anonymous_5)
FNF:5
FNH:5
FNDA:2,(anonymous_1)
FNDA:2,(anonymous_2)
FNDA:2,(anonymous_3)
FNDA:2,(anonymous_4)
FNDA:1,(anonymous_5)
DA:1,1
DA:2,1
DA:3,1
DA:4,1
DA:5,1
DA:7,1
DA:8,2
DA:9,2
DA:17,1
DA:18,2
DA:24,2
DA:25,1
DA:34,2
DA:36,1
DA:45,1
DA:46,1
DA:47,2
DA:53,1
DA:54,1
DA:55,1
DA:56,1
DA:57,1
DA:58,1
DA:67,2
DA:71,1
LF:25
LH:25
BRDA:55,0,0,1
BRDA:55,0,1,0
BRDA:57,1,0,1
BRDA:57,1,1,0
BRF:4
BRH:2
end_of_record
TN:
SF:src\helpers\uploadImage.ts
FN:11,(anonymous_0)
FNF:1
FNH:1
FNDA:7,(anonymous_0)
DA:3,1
DA:5,1
DA:11,1
DA:14,7
DA:15,5
DA:21,1
LF:6
LH:6
BRF:0
BRH:0
end_of_record
TN:
SF:src\middlewares\authorization.ts
FN:18,(anonymous_1)
FN:19,(anonymous_2)
FN:71,(anonymous_3)
FNF:3
FNH:3
FNDA:36,(anonymous_1)
FNDA:40,(anonymous_2)
FNDA:7,(anonymous_3)
DA:5,1
DA:6,1
DA:7,1
DA:18,1
DA:19,36
DA:20,40
DA:21,40
DA:23,40
DA:24,1
DA:29,39
DA:31,38
DA:34,38
DA:35,1
DA:40,37
DA:41,35
DA:42,1
DA:47,34
DA:48,2
DA:53,32
DA:54,0
DA:59,32
DA:60,32
DA:61,32
DA:63,3
DA:71,1
DA:72,7
DA:73,7
DA:74,7
DA:75,1
DA:76,1
DA:77,1
DA:80,6
DA:81,5
DA:82,1
DA:83,1
DA:84,1
DA:87,4
DA:88,4
DA:89,1
DA:90,1
DA:91,1
DA:94,3
DA:95,3
DA:96,1
DA:97,1
DA:98,1
DA:101,2
DA:102,1
DA:105,2
DA:114,2
DA:116,1
DA:117,1
DA:118,1
LF:53
LH:52
BRDA:23,0,0,1
BRDA:23,0,1,39
BRDA:34,1,0,1
BRDA:34,1,1,37
BRDA:41,2,0,1
BRDA:41,2,1,34
BRDA:47,3,0,2
BRDA:47,3,1,32
BRDA:53,4,0,0
BRDA:53,4,1,32
BRDA:74,5,0,1
BRDA:74,5,1,6
BRDA:81,6,0,1
BRDA:81,6,1,4
BRDA:81,7,0,5
BRDA:81,7,1,4
BRDA:88,8,0,1
BRDA:88,8,1,3
BRDA:95,9,0,1
BRDA:95,9,1,2
BRDA:101,10,0,1
BRDA:101,10,1,1
BRF:22
BRH:21
end_of_record
TN:
SF:src\middlewares\passwordExpiryCheck.ts
FN:13,(anonymous_1)
FN:20,(anonymous_2)
FNF:2
FNH:2
FNDA:12,(anonymous_1)
FNDA:13,(anonymous_2)
DA:3,1
DA:4,1
DA:5,1
DA:10,1
DA:11,1
DA:13,1
DA:14,12
DA:15,12
DA:16,12
DA:20,1
DA:21,13
DA:22,13
DA:23,12
DA:24,12
DA:25,12
DA:28,12
DA:29,1
DA:36,1
DA:40,11
DA:41,1
DA:45,11
DA:47,1
DA:55,1
LF:23
LH:23
BRDA:10,0,0,1
BRDA:10,0,1,1
BRDA:28,1,0,1
BRDA:28,1,1,11
BRDA:40,2,0,1
BRDA:40,2,1,10
BRF:6
BRH:6
end_of_record
TN:
SF:src\middlewares\validation.ts
FN:30,(anonymous_1)
FN:31,(anonymous_2)
FN:38,(anonymous_3)
FN:50,(anonymous_4)
FN:95,(anonymous_5)
FN:115,(anonymous_6)
FN:166,(anonymous_7)
FN:237,(anonymous_8)
FN:273,(anonymous_9)
FN:303,(anonymous_10)
FN:339,(anonymous_11)
FN:371,(anonymous_12)
FN:394,(anonymous_13)
FN:420,(anonymous_14)
FN:432,(anonymous_15)
FN:436,(anonymous_16)
FN:493,(anonymous_17)
FN:512,(anonymous_18)
FN:521,(anonymous_19)
FN:530,(anonymous_20)
FN:547,(anonymous_21)
FN:570,(anonymous_22)
FN:578,(anonymous_23)
FN:603,(anonymous_24)
FN:620,(anonymous_25)
FN:674,(anonymous_26)
FN:694,(anonymous_27)
FN:719,(anonymous_28)
FN:742,(anonymous_29)
FNF:29
FNH:26
FNDA:17,(anonymous_1)
FNDA:51,(anonymous_2)
FNDA:6,(anonymous_3)
FNDA:17,(anonymous_4)
FNDA:4,(anonymous_5)
FNDA:5,(anonymous_6)
FNDA:12,(anonymous_7)
FNDA:6,(anonymous_8)
FNDA:3,(anonymous_9)
FNDA:6,(anonymous_10)
FNDA:2,(anonymous_11)
FNDA:6,(anonymous_12)
FNDA:2,(anonymous_13)
FNDA:3,(anonymous_14)
FNDA:4,(anonymous_15)
FNDA:0,(anonymous_16)
FNDA:13,(anonymous_17)
FNDA:11,(anonymous_18)
FNDA:11,(anonymous_19)
FNDA:1,(anonymous_20)
FNDA:2,(anonymous_21)
FNDA:2,(anonymous_22)
FNDA:0,(anonymous_23)
FNDA:6,(anonymous_24)
FNDA:3,(anonymous_25)
FNDA:0,(anonymous_26)
FNDA:3,(anonymous_27)
FNDA:4,(anonymous_28)
FNDA:3,(anonymous_29)
DA:7,1
DA:8,1
DA:9,1
DA:10,1
DA:17,1
DA:18,1
DA:19,1
DA:21,1
DA:22,1
DA:24,1
DA:26,1
DA:27,1
DA:30,1
DA:31,17
DA:32,51
DA:33,51
DA:35,51
DA:36,6
DA:38,6
DA:42,45
DA:44,6
DA:50,1
DA:51,17
DA:52,17
DA:54,17
DA:55,9
DA:59,8
DA:60,2
DA:61,0
DA:66,2
DA:73,14
DA:74,8
DA:78,3
DA:79,1
DA:81,2
DA:86,6
DA:88,6
DA:95,1
DA:100,4
DA:101,4
DA:102,3
DA:103,1
DA:107,2
DA:109,1
DA:115,1
DA:120,5
DA:121,5
DA:122,5
DA:123,1
DA:124,0
DA:126,4
DA:127,4
DA:133,4
DA:134,1
DA:139,3
DA:140,1
DA:145,2
DA:149,2
DA:150,1
DA:155,1
DA:156,1
DA:157,1
DA:159,1
DA:166,1
DA:171,12
DA:172,12
DA:176,12
DA:177,0
DA:181,12
DA:182,2
DA:183,2
DA:185,2
DA:192,2
DA:193,2
DA:201,0
DA:205,0
DA:206,0
DA:213,0
DA:218,10
DA:222,10
DA:223,1
DA:228,9
DA:229,9
DA:231,2
DA:237,1
DA:238,6
DA:239,6
DA:240,6
DA:241,1
DA:242,1
DA:244,6
DA:245,5
DA:251,5
DA:252,1
DA:256,4
DA:257,1
DA:263,3
DA:264,3
DA:266,1
DA:273,1
DA:274,3
DA:275,3
DA:279,2
DA:280,1
DA:284,1
DA:290,1
DA:291,1
DA:292,1
DA:293,1
DA:296,1
DA:303,1
DA:304,6
DA:305,6
DA:310,5
DA:311,1
DA:316,4
DA:323,4
DA:324,1
DA:329,3
DA:330,3
DA:332,1
DA:339,1
DA:344,2
DA:345,2
DA:346,2
DA:347,2
DA:349,2
DA:353,2
DA:354,1
DA:359,1
DA:360,1
DA:361,1
DA:362,1
DA:364,0
DA:371,1
DA:372,6
DA:373,6
DA:378,5
DA:379,2
DA:385,3
DA:387,1
DA:394,1
DA:399,2
DA:400,2
DA:405,2
DA:406,1
DA:410,1
DA:411,1
DA:413,0
DA:420,1
DA:425,3
DA:426,1
DA:431,2
DA:432,4
DA:433,2
DA:436,1
DA:441,0
DA:442,0
DA:446,0
DA:447,0
DA:453,0
DA:458,0
DA:459,0
DA:465,0
DA:466,0
DA:472,0
DA:477,0
DA:483,0
DA:484,0
DA:486,0
DA:493,1
DA:494,13
DA:498,13
DA:499,2
DA:502,11
DA:503,0
DA:508,11
DA:509,11
DA:512,1
DA:513,11
DA:514,0
DA:518,11
DA:521,1
DA:522,11
DA:523,0
DA:527,11
DA:530,1
DA:531,1
DA:532,1
DA:533,1
DA:534,0
DA:536,1
DA:537,1
DA:540,0
DA:547,1
DA:552,2
DA:553,2
DA:556,2
DA:557,1
DA:561,1
DA:563,0
DA:570,1
DA:571,2
DA:572,2
DA:573,1
DA:574,1
DA:578,1
DA:583,0
DA:584,0
DA:588,0
DA:589,0
DA:593,0
DA:594,0
DA:596,0
DA:603,1
DA:604,6
DA:607,6
DA:611,6
DA:617,6
DA:620,1
DA:625,3
DA:626,3
DA:627,3
DA:628,3
DA:629,3
DA:631,3
DA:633,3
DA:634,1
DA:640,2
DA:641,1
DA:647,1
DA:649,1
DA:650,1
DA:651,1
DA:652,1
DA:653,0
DA:654,1
DA:655,1
DA:663,1
DA:664,1
DA:666,1
DA:667,1
DA:671,1
DA:672,1
DA:674,1
DA:679,0
DA:680,0
DA:681,0
DA:682,0
DA:686,0
DA:688,0
DA:694,1
DA:699,3
DA:700,3
DA:704,2
DA:705,1
DA:710,1
DA:712,1
DA:719,1
DA:724,4
DA:725,4
DA:728,3
DA:729,2
DA:733,1
DA:735,1
DA:742,1
DA:747,3
DA:748,3
DA:752,2
DA:753,1
DA:757,1
DA:759,1
DA:767,1
DA:768,1
DA:769,1
DA:770,1
DA:771,1
DA:772,1
DA:773,1
DA:774,1
DA:775,1
DA:776,1
DA:777,1
DA:778,1
DA:779,1
DA:780,1
DA:781,1
DA:782,1
DA:783,1
DA:784,1
DA:785,1
DA:786,1
DA:787,1
DA:788,1
DA:789,1
DA:790,1
DA:791,1
DA:792,1
LF:298
LH:255
BRDA:35,0,0,6
BRDA:35,0,1,45
BRDA:54,1,0,9
BRDA:54,1,1,8
BRDA:59,2,0,2
BRDA:59,2,1,6
BRDA:60,3,0,0
BRDA:60,3,1,2
BRDA:73,4,0,8
BRDA:73,4,1,6
BRDA:78,5,0,1
BRDA:78,5,1,2
BRDA:102,6,0,1
BRDA:102,6,1,2
BRDA:122,7,0,1
BRDA:122,7,1,4
BRDA:126,8,0,4
BRDA:126,8,1,0
BRDA:133,9,0,1
BRDA:133,9,1,3
BRDA:139,10,0,1
BRDA:139,10,1,2
BRDA:149,11,0,1
BRDA:149,11,1,1
BRDA:176,12,0,0
BRDA:176,12,1,12
BRDA:181,13,0,2
BRDA:181,13,1,10
BRDA:183,14,0,2
BRDA:183,14,1,2
BRDA:197,15,0,2
BRDA:197,15,1,0
BRDA:205,16,0,0
BRDA:205,16,1,0
BRDA:222,17,0,1
BRDA:222,17,1,9
BRDA:240,18,0,1
BRDA:240,18,1,5
BRDA:244,19,0,5
BRDA:244,19,1,1
BRDA:251,20,0,1
BRDA:251,20,1,4
BRDA:256,21,0,1
BRDA:256,21,1,3
BRDA:279,22,0,1
BRDA:279,22,1,1
BRDA:290,23,0,1
BRDA:290,23,1,0
BRDA:310,24,0,1
BRDA:310,24,1,4
BRDA:323,25,0,1
BRDA:323,25,1,3
BRDA:346,26,0,2
BRDA:346,26,1,0
BRDA:353,27,0,1
BRDA:353,27,1,1
BRDA:378,28,0,2
BRDA:378,28,1,3
BRDA:405,29,0,1
BRDA:405,29,1,1
BRDA:425,30,0,1
BRDA:425,30,1,2
BRDA:446,31,0,0
BRDA:446,31,1,0
BRDA:458,32,0,0
BRDA:458,32,1,0
BRDA:458,33,0,0
BRDA:458,33,1,0
BRDA:465,34,0,0
BRDA:465,34,1,0
BRDA:498,35,0,2
BRDA:498,35,1,11
BRDA:502,36,0,0
BRDA:502,36,1,11
BRDA:513,37,0,0
BRDA:513,37,1,11
BRDA:522,38,0,0
BRDA:522,38,1,11
BRDA:533,39,0,0
BRDA:533,39,1,1
BRDA:556,40,0,1
BRDA:556,40,1,1
BRDA:572,41,0,1
BRDA:572,41,1,1
BRDA:588,42,0,0
BRDA:588,42,1,0
BRDA:604,43,0,2
BRDA:604,43,1,4
BRDA:607,44,0,2
BRDA:607,44,1,4
BRDA:614,45,0,2
BRDA:614,45,1,4
BRDA:614,46,0,6
BRDA:614,46,1,2
BRDA:625,47,0,3
BRDA:625,47,1,2
BRDA:626,48,0,3
BRDA:626,48,1,2
BRDA:627,49,0,3
BRDA:627,49,1,3
BRDA:628,50,0,3
BRDA:628,50,1,0
BRDA:629,51,0,3
BRDA:629,51,1,1
BRDA:633,52,0,1
BRDA:633,52,1,2
BRDA:633,53,0,3
BRDA:633,53,1,3
BRDA:633,53,2,2
BRDA:633,53,3,0
BRDA:640,54,0,1
BRDA:640,54,1,1
BRDA:649,55,0,1
BRDA:649,55,1,0
BRDA:651,56,0,1
BRDA:651,56,1,0
BRDA:652,57,0,0
BRDA:652,57,1,1
BRDA:654,58,0,1
BRDA:654,58,1,0
BRDA:654,59,0,1
BRDA:654,59,1,1
BRDA:663,60,0,1
BRDA:663,60,1,0
BRDA:681,61,0,0
BRDA:681,61,1,0
BRDA:704,62,0,1
BRDA:704,62,1,1
BRDA:728,63,0,2
BRDA:728,63,1,1
BRDA:728,64,0,3
BRDA:728,64,1,2
BRDA:752,65,0,1
BRDA:752,65,1,1
BRF:134
BRH:103
end_of_record
TN:
SF:src\modules\auth\controller\authControllers.ts
FN:10,(anonymous_1)
FN:41,(anonymous_2)
FN:60,(anonymous_3)
FN:75,(anonymous_4)
FN:95,(anonymous_5)
FN:113,(anonymous_6)
FN:130,(anonymous_7)
FN:139,(anonymous_8)
FNF:8
FNH:7
FNDA:5,(anonymous_1)
FNDA:1,(anonymous_2)
FNDA:1,(anonymous_3)
FNDA:9,(anonymous_4)
FNDA:0,(anonymous_5)
FNDA:2,(anonymous_6)
FNDA:2,(anonymous_7)
FNDA:2,(anonymous_8)
DA:3,1
DA:4,1
DA:5,1
DA:7,1
DA:8,1
DA:10,1
DA:11,5
DA:12,5
DA:15,4
DA:16,4
DA:22,4
DA:23,4
DA:28,0
DA:34,5
DA:41,1
DA:42,1
DA:43,1
DA:48,0
DA:53,1
DA:60,1
DA:61,1
DA:62,1
DA:68,0
DA:69,0
DA:71,1
DA:75,1
DA:76,9
DA:77,9
DA:78,9
DA:84,9
DA:85,9
DA:89,0
DA:95,1
DA:96,0
DA:97,0
DA:103,0
DA:105,0
DA:113,1
DA:114,2
DA:115,2
DA:116,2
DA:122,2
DA:123,1
DA:124,0
DA:126,2
DA:130,1
DA:131,2
DA:132,2
DA:133,1
DA:135,1
DA:139,1
DA:140,2
DA:141,2
DA:147,1
DA:153,1
DA:159,1
LF:56
LH:46
BRF:0
BRH:0
end_of_record
TN:
SF:src\modules\auth\repository\authRepositories.ts
FN:6,(anonymous_1)
FN:10,(anonymous_2)
FN:14,(anonymous_3)
FN:27,(anonymous_4)
FN:31,(anonymous_5)
FN:35,(anonymous_6)
FN:39,(anonymous_7)
FN:44,(anonymous_8)
FN:55,(anonymous_9)
FNF:9
FNH:7
FNDA:4,(anonymous_1)
FNDA:80,(anonymous_2)
FNDA:4,(anonymous_3)
FNDA:16,(anonymous_4)
FNDA:1,(anonymous_5)
FNDA:33,(anonymous_6)
FNDA:0,(anonymous_7)
FNDA:1,(anonymous_8)
FNDA:0,(anonymous_9)
DA:3,1
DA:4,1
DA:6,1
DA:7,4
DA:10,1
DA:11,80
DA:14,1
DA:20,4
DA:24,4
DA:27,1
DA:28,16
DA:31,1
DA:32,1
DA:35,1
DA:36,33
DA:39,1
DA:40,0
DA:41,0
DA:44,1
DA:50,1
DA:55,1
DA:56,0
DA:66,1
LF:23
LH:20
BRF:0
BRH:0
end_of_record
TN:
SF:src\modules\auth\validation\authValidations.ts
FNF:0
FNH:0
DA:1,1
DA:8,1
DA:24,1
DA:33,1
DA:41,1
DA:49,1
DA:59,1
LF:7
LH:7
BRF:0
BRH:0
end_of_record
TN:
SF:src\modules\cart\controller\cartControllers.ts
FN:11,(anonymous_1)
FN:16,(anonymous_2)
FN:34,(anonymous_3)
FN:61,(anonymous_4)
FN:66,(anonymous_5)
FN:92,(anonymous_6)
FN:115,(anonymous_7)
FN:136,(anonymous_8)
FN:204,(anonymous_9)
FN:221,(anonymous_10)
FN:238,(anonymous_11)
FN:256,(anonymous_12)
FN:260,(anonymous_13)
FNF:13
FNH:11
FNDA:8,(anonymous_1)
FNDA:13,(anonymous_2)
FNDA:3,(anonymous_3)
FNDA:5,(anonymous_4)
FNDA:3,(anonymous_5)
FNDA:1,(anonymous_6)
FNDA:1,(anonymous_7)
FNDA:4,(anonymous_8)
FNDA:2,(anonymous_9)
FNDA:2,(anonymous_10)
FNDA:2,(anonymous_11)
FNDA:0,(anonymous_12)
FNDA:0,(anonymous_13)
DA:5,1
DA:6,1
DA:7,1
DA:9,1
DA:11,1
DA:14,8
DA:16,8
DA:17,13
DA:18,13
DA:19,13
DA:21,13
DA:31,8
DA:34,1
DA:35,3
DA:36,3
DA:40,2
DA:43,2
DA:45,2
DA:54,1
DA:61,1
DA:62,5
DA:63,5
DA:65,3
DA:67,3
DA:70,3
DA:72,3
DA:80,3
DA:85,2
DA:92,1
DA:93,1
DA:102,1
DA:103,1
DA:105,1
DA:115,1
DA:116,1
DA:121,1
DA:124,1
DA:126,1
DA:136,1
DA:137,4
DA:138,4
DA:139,4
DA:140,4
DA:142,3
DA:143,2
DA:146,2
DA:147,2
DA:148,2
DA:149,1
DA:154,2
DA:155,1
DA:156,1
DA:157,1
DA:160,1
DA:161,1
DA:162,1
DA:163,1
DA:169,1
DA:173,1
DA:174,1
DA:183,1
DA:186,1
DA:188,1
DA:197,1
DA:204,1
DA:205,2
DA:206,2
DA:210,1
DA:214,1
DA:221,1
DA:222,2
DA:223,2
DA:225,1
DA:227,1
DA:231,1
DA:238,1
DA:239,2
DA:240,2
DA:241,3
DA:244,1
DA:246,1
DA:250,1
DA:256,1
DA:257,0
DA:258,0
DA:259,0
DA:260,0
DA:261,0
DA:264,0
DA:269,0
DA:276,1
DA:277,1
DA:278,1
DA:279,1
DA:280,1
DA:281,1
DA:282,1
LF:97
LH:90
BRDA:148,0,0,1
BRDA:148,0,1,1
BRDA:154,1,0,1
BRDA:154,1,1,1
BRDA:162,2,0,1
BRDA:162,2,1,0
BRF:6
BRH:5
end_of_record
TN:
SF:src\modules\cart\repositories\cartRepositories.ts
FN:7,(anonymous_1)
FN:11,(anonymous_2)
FN:15,(anonymous_3)
FN:19,(anonymous_4)
FN:26,(anonymous_5)
FN:48,(anonymous_6)
FN:61,(anonymous_7)
FN:65,(anonymous_8)
FN:72,(anonymous_9)
FN:76,(anonymous_10)
FN:80,(anonymous_11)
FN:84,(anonymous_12)
FN:87,(anonymous_13)
FNF:13
FNH:4
FNDA:0,(anonymous_1)
FNDA:1,(anonymous_2)
FNDA:1,(anonymous_3)
FNDA:1,(anonymous_4)
FNDA:0,(anonymous_5)
FNDA:0,(anonymous_6)
FNDA:1,(anonymous_7)
FNDA:0,(anonymous_8)
FNDA:0,(anonymous_9)
FNDA:0,(anonymous_10)
FNDA:0,(anonymous_11)
FNDA:0,(anonymous_12)
FNDA:0,(anonymous_13)
DA:4,1
DA:7,1
DA:8,0
DA:11,1
DA:12,1
DA:15,1
DA:16,1
DA:19,1
DA:23,1
DA:26,1
DA:31,0
DA:48,1
DA:49,0
DA:61,1
DA:62,1
DA:65,1
DA:69,0
DA:72,1
DA:73,0
DA:76,1
DA:77,0
DA:80,1
DA:81,0
DA:84,1
DA:85,0
DA:87,1
DA:88,0
DA:90,1
LF:28
LH:19
BRDA:29,0,0,0
BRF:1
BRH:0
end_of_record
TN:
SF:src\modules\cart\validation\cartValidations.ts
FNF:0
FNH:0
DA:2,1
DA:4,1
DA:6,1
DA:18,1
LF:4
LH:4
BRF:0
BRH:0
end_of_record
TN:
SF:src\modules\product\controller\productController.ts
FN:10,(anonymous_1)
FN:12,(anonymous_2)
FN:16,(anonymous_3)
FN:32,(anonymous_4)
FN:52,(anonymous_5)
FN:63,(anonymous_6)
FN:82,(anonymous_7)
FN:88,(anonymous_8)
FN:113,(anonymous_9)
FN:135,(anonymous_10)
FN:154,(anonymous_11)
FN:182,(anonymous_12)
FN:191,(anonymous_13)
FN:196,(anonymous_14)
FN:224,(anonymous_15)
FN:247,(anonymous_16)
FN:272,(anonymous_17)
FN:286,(anonymous_18)
FN:303,(anonymous_19)
FN:321,(anonymous_20)
FN:337,(anonymous_21)
FN:356,(anonymous_22)
FN:372,(anonymous_23)
FNF:23
FNH:20
FNDA:2,(anonymous_1)
FNDA:4,(anonymous_2)
FNDA:4,(anonymous_3)
FNDA:2,(anonymous_4)
FNDA:1,(anonymous_5)
FNDA:2,(anonymous_6)
FNDA:2,(anonymous_7)
FNDA:4,(anonymous_8)
FNDA:1,(anonymous_9)
FNDA:2,(anonymous_10)
FNDA:1,(anonymous_11)
FNDA:0,(anonymous_12)
FNDA:0,(anonymous_13)
FNDA:0,(anonymous_14)
FNDA:2,(anonymous_15)
FNDA:1,(anonymous_16)
FNDA:2,(anonymous_17)
FNDA:2,(anonymous_18)
FNDA:2,(anonymous_19)
FNDA:2,(anonymous_20)
FNDA:2,(anonymous_21)
FNDA:2,(anonymous_22)
FNDA:2,(anonymous_23)
DA:4,1
DA:5,1
DA:6,1
DA:8,1
DA:10,1
DA:11,2
DA:12,4
DA:13,1
DA:14,1
DA:16,4
DA:19,1
DA:20,1
DA:25,1
DA:32,1
DA:33,2
DA:34,2
DA:39,2
DA:40,1
DA:45,1
DA:52,1
DA:53,1
DA:54,1
DA:55,1
DA:57,0
DA:63,1
DA:67,2
DA:68,2
DA:69,2
DA:70,2
DA:76,1
DA:77,1
DA:78,1
DA:79,1
DA:81,1
DA:83,2
DA:85,2
DA:87,2
DA:89,4
DA:90,4
DA:93,4
DA:94,2
DA:97,2
DA:98,2
DA:110,1
DA:112,1
DA:113,1
DA:116,1
DA:123,1
DA:128,1
DA:135,1
DA:136,2
DA:137,2
DA:143,1
DA:147,1
DA:154,1
DA:155,1
DA:156,1
DA:157,1
DA:158,1
DA:163,1
DA:164,1
DA:165,1
DA:166,1
DA:175,0
DA:182,1
DA:183,0
DA:184,0
DA:185,0
DA:191,0
DA:193,0
DA:195,0
DA:196,0
DA:199,0
DA:206,0
DA:213,0
DA:218,0
DA:224,1
DA:225,2
DA:226,2
DA:227,1
DA:228,1
DA:229,1
DA:230,1
DA:232,1
DA:241,1
DA:247,1
DA:248,1
DA:249,1
DA:250,1
DA:255,1
DA:256,1
DA:257,1
DA:258,1
DA:266,0
DA:272,1
DA:273,2
DA:274,2
DA:275,1
DA:280,1
DA:286,1
DA:287,2
DA:288,2
DA:292,1
DA:297,1
DA:303,1
DA:304,2
DA:305,2
DA:309,2
DA:310,1
DA:315,1
DA:321,1
DA:325,2
DA:326,2
DA:327,1
DA:331,1
DA:337,1
DA:341,2
DA:342,2
DA:346,1
DA:350,1
DA:356,1
DA:357,2
DA:358,2
DA:361,1
DA:366,1
DA:372,1
DA:373,2
DA:374,2
DA:378,1
DA:383,1
DA:391,1
DA:392,1
DA:393,1
DA:394,1
DA:395,1
DA:396,1
DA:397,1
DA:398,1
DA:399,1
DA:400,1
DA:401,1
DA:402,1
DA:403,1
DA:404,1
DA:405,1
DA:406,1
LF:146
LH:132
BRDA:93,0,0,2
BRDA:93,0,1,2
BRDA:164,1,0,0
BRDA:164,1,1,1
BRDA:164,2,0,1
BRDA:164,2,1,0
BRDA:165,3,0,0
BRDA:165,3,1,1
BRDA:165,4,0,1
BRDA:165,4,1,0
BRDA:191,5,0,0
BRDA:191,5,1,0
BRDA:193,6,0,0
BRDA:193,6,1,0
BRDA:195,7,0,0
BRDA:195,7,1,0
BRDA:229,8,0,0
BRDA:229,8,1,1
BRDA:229,9,0,1
BRDA:229,9,1,0
BRDA:230,10,0,0
BRDA:230,10,1,1
BRDA:230,11,0,1
BRDA:230,11,1,0
BRDA:256,12,0,0
BRDA:256,12,1,1
BRDA:256,13,0,1
BRDA:256,13,1,0
BRDA:257,14,0,0
BRDA:257,14,1,1
BRDA:257,15,0,1
BRDA:257,15,1,0
BRF:32
BRH:14
end_of_record
TN:
SF:src\modules\product\repositories\productRepositories.ts
FN:6,(anonymous_1)
FN:10,(anonymous_2)
FN:14,(anonymous_3)
FN:18,(anonymous_4)
FN:35,(anonymous_5)
FN:39,(anonymous_6)
FN:49,(anonymous_7)
FN:53,(anonymous_8)
FN:57,(anonymous_9)
FN:61,(anonymous_10)
FN:74,(anonymous_11)
FN:86,(anonymous_12)
FN:99,(anonymous_13)
FN:103,(anonymous_14)
FN:117,(anonymous_15)
FN:130,(anonymous_16)
FN:138,(anonymous_17)
FN:144,(anonymous_18)
FN:156,(anonymous_19)
FN:160,(anonymous_20)
FN:172,(anonymous_21)
FN:176,(anonymous_22)
FNF:22
FNH:14
FNDA:1,(anonymous_1)
FNDA:1,(anonymous_2)
FNDA:8,(anonymous_3)
FNDA:2,(anonymous_4)
FNDA:1,(anonymous_5)
FNDA:1,(anonymous_6)
FNDA:2,(anonymous_7)
FNDA:4,(anonymous_8)
FNDA:2,(anonymous_9)
FNDA:1,(anonymous_10)
FNDA:1,(anonymous_11)
FNDA:1,(anonymous_12)
FNDA:0,(anonymous_13)
FNDA:0,(anonymous_14)
FNDA:1,(anonymous_15)
FNDA:1,(anonymous_16)
FNDA:0,(anonymous_17)
FNDA:0,(anonymous_18)
FNDA:0,(anonymous_19)
FNDA:0,(anonymous_20)
FNDA:0,(anonymous_21)
FNDA:0,(anonymous_22)
DA:3,1
DA:4,1
DA:5,1
DA:6,1
DA:7,1
DA:10,1
DA:11,1
DA:14,1
DA:15,8
DA:18,1
DA:25,2
DA:35,1
DA:36,1
DA:39,1
DA:44,1
DA:49,1
DA:50,2
DA:53,1
DA:54,4
DA:57,1
DA:58,2
DA:61,1
DA:67,1
DA:71,1
DA:74,1
DA:75,1
DA:76,1
DA:80,1
DA:86,1
DA:91,1
DA:96,1
DA:99,1
DA:100,0
DA:103,1
DA:109,0
DA:115,1
DA:117,1
DA:118,1
DA:128,1
DA:130,1
DA:131,1
DA:138,1
DA:139,0
DA:144,1
DA:145,0
DA:156,1
DA:157,0
DA:160,1
DA:161,0
DA:172,1
DA:173,0
DA:176,1
DA:180,0
DA:183,1
LF:54
LH:46
BRF:0
BRH:0
end_of_record
TN:
SF:src\modules\product\validation\productValidation.ts
FNF:0
FNH:0
DA:3,1
DA:5,1
DA:48,1
DA:59,1
DA:69,1
DA:81,1
DA:90,1
DA:91,1
DA:92,1
DA:93,1
DA:94,1
LF:11
LH:11
BRF:0
BRH:0
end_of_record
TN:
SF:src\modules\user\controller\userControllers.ts
FN:10,(anonymous_1)
FN:25,(anonymous_2)
FN:43,(anonymous_3)
FN:63,(anonymous_4)
FN:82,(anonymous_5)
FN:96,(anonymous_6)
FN:114,(anonymous_7)
FNF:7
FNH:5
FNDA:2,(anonymous_1)
FNDA:2,(anonymous_2)
FNDA:0,(anonymous_3)
FNDA:0,(anonymous_4)
FNDA:2,(anonymous_5)
FNDA:3,(anonymous_6)
FNDA:1,(anonymous_7)
DA:5,1
DA:6,1
DA:7,1
DA:8,1
DA:10,1
DA:11,2
DA:12,2
DA:13,1
DA:18,1
DA:25,1
DA:26,2
DA:27,2
DA:31,1
DA:36,1
DA:43,1
DA:44,0
DA:45,0
DA:51,0
DA:56,0
DA:63,1
DA:64,0
DA:65,0
DA:66,0
DA:72,0
DA:76,0
DA:82,1
DA:83,2
DA:84,2
DA:85,1
DA:89,1
DA:96,1
DA:97,3
DA:98,3
DA:99,1
DA:100,1
DA:104,1
DA:108,2
DA:114,1
DA:115,1
DA:116,1
DA:122,1
DA:126,0
DA:133,1
LF:43
LH:33
BRF:0
BRH:0
end_of_record
TN:
SF:src\modules\user\repository\userRepositories.ts
FN:4,(anonymous_1)
FN:8,(anonymous_2)
FN:14,(anonymous_3)
FN:32,(anonymous_4)
FNF:4
FNH:4
FNDA:1,(anonymous_1)
FNDA:1,(anonymous_2)
FNDA:1,(anonymous_3)
FNDA:1,(anonymous_4)
DA:2,1
DA:4,1
DA:5,1
DA:8,1
DA:9,1
DA:10,1
DA:11,1
DA:14,1
DA:15,1
DA:16,1
DA:27,1
DA:32,1
DA:33,1
DA:44,1
DA:48,1
LF:15
LH:15
BRF:0
BRH:0
end_of_record
TN:
SF:src\modules\user\validation\userValidations.ts
FNF:0
FNH:0
DA:1,1
DA:15,1
DA:23,1
DA:30,1
DA:76,1
LF:5
LH:5
BRF:0
BRH:0
end_of_record
TN:
SF:src\routes\authRouter.ts
FNF:0
FNH:0
DA:1,1
DA:2,1
DA:3,1
DA:15,1
DA:22,1
DA:23,1
DA:24,1
DA:26,1
DA:28,1
DA:30,1
DA:35,1
DA:41,1
DA:51,1
DA:57,1
DA:58,1
DA:60,1
DA:66,1
DA:72,1
DA:73,1
DA:75,1
LF:20
LH:20
BRF:0
BRH:0
end_of_record
TN:
SF:src\routes\cartRouter.ts
FNF:0
FNH:0
DA:2,1
DA:3,1
DA:4,1
DA:11,1
DA:12,1
DA:14,1
DA:16,1
DA:24,1
DA:31,1
DA:38,1
DA:46,1
DA:53,1
DA:59,1
DA:65,1
LF:14
LH:14
BRF:0
BRH:0
end_of_record
TN:
SF:src\routes\index.ts
FNF:0
FNH:0
DA:1,1
DA:2,1
DA:3,1
DA:4,1
DA:5,1
DA:7,1
DA:9,1
DA:10,1
DA:11,1
DA:12,1
DA:14,1
LF:11
LH:11
BRF:0
BRH:0
end_of_record
TN:
SF:src\routes\productRouter.ts
FNF:0
FNH:0
DA:3,1
DA:4,1
DA:5,1
DA:6,1
DA:19,1
DA:26,1
DA:28,1
DA:30,1
DA:39,1
DA:46,1
DA:52,1
DA:59,1
DA:68,1
DA:74,1
DA:82,1
DA:88,1
DA:95,1
DA:100,1
DA:108,1
DA:114,1
DA:120,1
DA:126,1
DA:132,1
DA:139,1
LF:24
LH:24
BRF:0
BRH:0
end_of_record
TN:
SF:src\routes\userRouter.ts
FNF:0
FNH:0
DA:1,1
DA:2,1
DA:3,1
DA:4,1
DA:5,1
DA:6,1
DA:8,1
DA:10,1
DA:11,1
DA:12,1
DA:13,1
DA:15,1
DA:16,1
DA:17,1
DA:19,1
LF:15
LH:15
BRF:0
BRH:0
end_of_record
TN:
SF:src\services\sendEmail.ts
FN:17,(anonymous_1)
FNF:1
FNH:1
FNDA:10,(anonymous_1)
DA:3,1
DA:4,1
DA:6,1
DA:7,1
DA:17,1
DA:18,10
DA:19,10
DA:26,10
DA:28,10
DA:33,1
LF:10
LH:10
BRF:0
BRH:0
end_of_record
